# JRE version: OpenJDK Runtime Environment (17.0.9) (build 17.0.9+0--11185874)
# Java VM: OpenJDK 64-Bit Server VM (17.0.9+0--11185874, mixed mode, tiered, compressed oops, compressed class ptrs, g1 gc, windows-amd64)
GC Precious Log:
 CPUs: 4 total, 4 available
 Memory: 4015M
 Large Page Support: Disabled
 NUMA Support: Disabled
 Compressed Oops: Enabled (32-bit)
 Heap Region Size: 1M
 Heap Min Capacity: 8M
 Heap Initial Capacity: 64M
 Heap Max Capacity: 2G
 Pre-touch: Disabled
 Parallel Workers: 4
 Concurrent Workers: 1
 Concurrent Refinement Workers: 4
 Periodic GC: Disabled
Heap:
 garbage-first heap   total 331776K, used 194560K [0x0000000080000000, 0x0000000100000000)
  region size 1024K, 2 young (2048K), 2 survivors (2048K)
 Metaspace       used 128156K, committed 129024K, reserved 1179648K
  class space    used 17114K, committed 17536K, reserved 1048576K
GC Heap History (20 events):
Event: 98.423 GC heap after
{Heap after GC invocations=86 (full 0):
 garbage-first heap   total 179200K, used 106211K [0x0000000080000000, 0x0000000100000000)
  region size 1024K, 2 young (2048K), 2 survivors (2048K)
 Metaspace       used 115102K, committed 115968K, reserved 1179648K
  class space    used 15421K, committed 15808K, reserved 1048576K
}
Event: 100.293 GC heap before
{Heap before GC invocations=86 (full 0):
 garbage-first heap   total 179200K, used 141027K [0x0000000080000000, 0x0000000100000000)
  region size 1024K, 36 young (36864K), 2 survivors (2048K)
 Metaspace       used 120225K, committed 121088K, reserved 1179648K
  class space    used 16097K, committed 16512K, reserved 1048576K
}
Event: 100.310 GC heap after
{Heap after GC invocations=87 (full 0):
 garbage-first heap   total 179200K, used 107587K [0x0000000080000000, 0x0000000100000000)
  region size 1024K, 3 young (3072K), 3 survivors (3072K)
 Metaspace       used 120225K, committed 121088K, reserved 1179648K
  class space    used 16097K, committed 16512K, reserved 1048576K
}
Event: 101.997 GC heap before
{Heap before GC invocations=87 (full 0):
 garbage-first heap   total 179200K, used 144451K [0x0000000080000000, 0x0000000100000000)
  region size 1024K, 39 young (39936K), 3 survivors (3072K)
 Metaspace       used 122197K, committed 122944K, reserved 1179648K
  class space    used 16316K, committed 16640K, reserved 1048576K
}
Event: 102.045 GC heap after
{Heap after GC invocations=88 (full 0):
 garbage-first heap   total 179200K, used 135398K [0x0000000080000000, 0x0000000100000000)
  region size 1024K, 5 young (5120K), 5 survivors (5120K)
 Metaspace       used 122197K, committed 122944K, reserved 1179648K
  class space    used 16316K, committed 16640K, reserved 1048576K
}
Event: 102.258 GC heap before
{Heap before GC invocations=88 (full 0):
 garbage-first heap   total 179200K, used 144614K [0x0000000080000000, 0x0000000100000000)
  region size 1024K, 14 young (14336K), 5 survivors (5120K)
 Metaspace       used 122199K, committed 122944K, reserved 1179648K
  class space    used 16316K, committed 16640K, reserved 1048576K
}
Event: 102.284 GC heap after
{Heap after GC invocations=89 (full 0):
 garbage-first heap   total 179200K, used 145408K [0x0000000080000000, 0x0000000100000000)
  region size 1024K, 2 young (2048K), 2 survivors (2048K)
 Metaspace       used 122199K, committed 122944K, reserved 1179648K
  class space    used 16316K, committed 16640K, reserved 1048576K
}
Event: 102.449 GC heap before
{Heap before GC invocations=89 (full 0):
 garbage-first heap   total 179200K, used 151552K [0x0000000080000000, 0x0000000100000000)
  region size 1024K, 8 young (8192K), 2 survivors (2048K)
 Metaspace       used 122199K, committed 122944K, reserved 1179648K
  class space    used 16316K, committed 16640K, reserved 1048576K
}
Event: 102.475 GC heap after
{Heap after GC invocations=90 (full 0):
 garbage-first heap   total 286720K, used 152576K [0x0000000080000000, 0x0000000100000000)
  region size 1024K, 1 young (1024K), 1 survivors (1024K)
 Metaspace       used 122199K, committed 122944K, reserved 1179648K
  class space    used 16316K, committed 16640K, reserved 1048576K
}
Event: 104.547 GC heap before
{Heap before GC invocations=91 (full 0):
 garbage-first heap   total 286720K, used 191488K [0x0000000080000000, 0x0000000100000000)
  region size 1024K, 39 young (39936K), 1 survivors (1024K)
 Metaspace       used 125876K, committed 126720K, reserved 1179648K
  class space    used 16872K, committed 17280K, reserved 1048576K
}
Event: 104.582 GC heap after
{Heap after GC invocations=92 (full 0):
 garbage-first heap   total 286720K, used 165888K [0x0000000080000000, 0x0000000100000000)
  region size 1024K, 5 young (5120K), 5 survivors (5120K)
 Metaspace       used 125876K, committed 126720K, reserved 1179648K
  class space    used 16872K, committed 17280K, reserved 1048576K
}
Event: 105.138 GC heap before
{Heap before GC invocations=92 (full 0):
 garbage-first heap   total 286720K, used 175104K [0x0000000080000000, 0x0000000100000000)
  region size 1024K, 14 young (14336K), 5 survivors (5120K)
 Metaspace       used 126658K, committed 127488K, reserved 1179648K
  class space    used 16979K, committed 17408K, reserved 1048576K
}
Event: 105.155 GC heap after
{Heap after GC invocations=93 (full 0):
 garbage-first heap   total 286720K, used 166946K [0x0000000080000000, 0x0000000100000000)
  region size 1024K, 2 young (2048K), 2 survivors (2048K)
 Metaspace       used 126658K, committed 127488K, reserved 1179648K
  class space    used 16979K, committed 17408K, reserved 1048576K
}
Event: 106.791 GC heap before
{Heap before GC invocations=93 (full 0):
 garbage-first heap   total 286720K, used 203810K [0x0000000080000000, 0x0000000100000000)
  region size 1024K, 37 young (37888K), 2 survivors (2048K)
 Metaspace       used 128032K, committed 128896K, reserved 1179648K
  class space    used 17114K, committed 17536K, reserved 1048576K
}
Event: 106.818 GC heap after
{Heap after GC invocations=94 (full 0):
 garbage-first heap   total 286720K, used 182603K [0x0000000080000000, 0x0000000100000000)
  region size 1024K, 5 young (5120K), 5 survivors (5120K)
 Metaspace       used 128032K, committed 128896K, reserved 1179648K
  class space    used 17114K, committed 17536K, reserved 1048576K
}
Event: 107.018 GC heap before
{Heap before GC invocations=94 (full 0):
 garbage-first heap   total 286720K, used 212299K [0x0000000080000000, 0x0000000100000000)
  region size 1024K, 34 young (34816K), 5 survivors (5120K)
 Metaspace       used 128032K, committed 128896K, reserved 1179648K
  class space    used 17114K, committed 17536K, reserved 1048576K
}
Event: 107.094 GC heap after
{Heap after GC invocations=95 (full 0):
 garbage-first heap   total 286720K, used 211963K [0x0000000080000000, 0x0000000100000000)
  region size 1024K, 5 young (5120K), 5 survivors (5120K)
 Metaspace       used 128032K, committed 128896K, reserved 1179648K
  class space    used 17114K, committed 17536K, reserved 1048576K
}
Event: 107.185 GC heap before
{Heap before GC invocations=95 (full 0):
 garbage-first heap   total 286720K, used 226299K [0x0000000080000000, 0x0000000100000000)
  region size 1024K, 19 young (19456K), 5 survivors (5120K)
 Metaspace       used 128032K, committed 128896K, reserved 1179648K
  class space    used 17114K, committed 17536K, reserved 1048576K
}
Event: 107.218 GC heap after
{Heap after GC invocations=96 (full 0):
 garbage-first heap   total 286720K, used 224768K [0x0000000080000000, 0x0000000100000000)
  region size 1024K, 3 young (3072K), 3 survivors (3072K)
 Metaspace       used 128032K, committed 128896K, reserved 1179648K
  class space    used 17114K, committed 17536K, reserved 1048576K
}
Event: 107.904 GC heap before
{Heap before GC invocations=96 (full 0):
 garbage-first heap   total 331776K, used 198144K [0x0000000080000000, 0x0000000100000000)
  region size 1024K, 14 young (14336K), 3 survivors (3072K)
 Metaspace       used 128156K, committed 129024K, reserved 1179648K
  class space    used 17114K, committed 17536K, reserved 1048576K
}

