# JRE version: OpenJDK Runtime Environment (17.0.9) (build 17.0.9+0--11185874)
# Java VM: OpenJDK 64-Bit Server VM (17.0.9+0--11185874, mixed mode, tiered, compressed oops, compressed class ptrs, g1 gc, windows-amd64)
GC Precious Log:
 CPUs: 4 total, 4 available
 Memory: 4015M
 Large Page Support: Disabled
 NUMA Support: Disabled
 Compressed Oops: Enabled (32-bit)
 Heap Region Size: 1M
 Heap Min Capacity: 8M
 Heap Initial Capacity: 64M
 Heap Max Capacity: 2G
 Pre-touch: Disabled
 Parallel Workers: 4
 Concurrent Workers: 1
 Concurrent Refinement Workers: 4
 Periodic GC: Disabled
Heap:
 garbage-first heap   total 339968K, used 270953K [0x0000000080000000, 0x0000000100000000)
  region size 1024K, 2 young (2048K), 2 survivors (2048K)
 Metaspace       used 187393K, committed 188672K, reserved 1245184K
  class space    used 23948K, committed 24576K, reserved 1048576K
GC Heap History (20 events):
Event: 348.698 GC heap after
{Heap after GC invocations=88 (full 0):
 garbage-first heap   total 339968K, used 212099K [0x0000000080000000, 0x0000000100000000)
  region size 1024K, 5 young (5120K), 5 survivors (5120K)
 Metaspace       used 177014K, committed 178112K, reserved 1245184K
  class space    used 22651K, committed 23168K, reserved 1048576K
}
Event: 356.499 GC heap before
{Heap before GC invocations=88 (full 0):
 garbage-first heap   total 339968K, used 291971K [0x0000000080000000, 0x0000000100000000)
  region size 1024K, 84 young (86016K), 5 survivors (5120K)
 Metaspace       used 180026K, committed 181120K, reserved 1245184K
  class space    used 23070K, committed 23616K, reserved 1048576K
}
Event: 356.563 GC heap after
{Heap after GC invocations=89 (full 0):
 garbage-first heap   total 339968K, used 219991K [0x0000000080000000, 0x0000000100000000)
  region size 1024K, 11 young (11264K), 11 survivors (11264K)
 Metaspace       used 180026K, committed 181120K, reserved 1245184K
  class space    used 23070K, committed 23616K, reserved 1048576K
}
Event: 361.581 GC heap before
{Heap before GC invocations=89 (full 0):
 garbage-first heap   total 339968K, used 291671K [0x0000000080000000, 0x0000000100000000)
  region size 1024K, 80 young (81920K), 11 survivors (11264K)
 Metaspace       used 183314K, committed 184448K, reserved 1245184K
  class space    used 23470K, committed 24064K, reserved 1048576K
}
Event: 361.672 GC heap after
{Heap after GC invocations=90 (full 0):
 garbage-first heap   total 339968K, used 224924K [0x0000000080000000, 0x0000000100000000)
  region size 1024K, 5 young (5120K), 5 survivors (5120K)
 Metaspace       used 183314K, committed 184448K, reserved 1245184K
  class space    used 23470K, committed 24064K, reserved 1048576K
}
Event: 367.115 GC heap before
{Heap before GC invocations=90 (full 0):
 garbage-first heap   total 339968K, used 291484K [0x0000000080000000, 0x0000000100000000)
  region size 1024K, 71 young (72704K), 5 survivors (5120K)
 Metaspace       used 184687K, committed 185856K, reserved 1245184K
  class space    used 23631K, committed 24192K, reserved 1048576K
}
Event: 367.149 GC heap after
{Heap after GC invocations=91 (full 0):
 garbage-first heap   total 339968K, used 229376K [0x0000000080000000, 0x0000000100000000)
  region size 1024K, 9 young (9216K), 9 survivors (9216K)
 Metaspace       used 184687K, committed 185856K, reserved 1245184K
  class space    used 23631K, committed 24192K, reserved 1048576K
}
Event: 401.110 GC heap before
{Heap before GC invocations=91 (full 0):
 garbage-first heap   total 339968K, used 291840K [0x0000000080000000, 0x0000000100000000)
  region size 1024K, 71 young (72704K), 9 survivors (9216K)
 Metaspace       used 187059K, committed 188352K, reserved 1245184K
  class space    used 23920K, committed 24576K, reserved 1048576K
}
Event: 402.180 GC heap after
{Heap after GC invocations=92 (full 0):
 garbage-first heap   total 339968K, used 232978K [0x0000000080000000, 0x0000000100000000)
  region size 1024K, 4 young (4096K), 4 survivors (4096K)
 Metaspace       used 187059K, committed 188352K, reserved 1245184K
  class space    used 23920K, committed 24576K, reserved 1048576K
}
Event: 403.770 GC heap before
{Heap before GC invocations=92 (full 0):
 garbage-first heap   total 339968K, used 250386K [0x0000000080000000, 0x0000000100000000)
  region size 1024K, 21 young (21504K), 4 survivors (4096K)
 Metaspace       used 187233K, committed 188480K, reserved 1245184K
  class space    used 23945K, committed 24576K, reserved 1048576K
}
Event: 403.811 GC heap after
{Heap after GC invocations=93 (full 0):
 garbage-first heap   total 339968K, used 235635K [0x0000000080000000, 0x0000000100000000)
  region size 1024K, 3 young (3072K), 3 survivors (3072K)
 Metaspace       used 187233K, committed 188480K, reserved 1245184K
  class space    used 23945K, committed 24576K, reserved 1048576K
}
Event: 405.128 GC heap before
{Heap before GC invocations=93 (full 0):
 garbage-first heap   total 339968K, used 300147K [0x0000000080000000, 0x0000000100000000)
  region size 1024K, 59 young (60416K), 3 survivors (3072K)
 Metaspace       used 187306K, committed 188544K, reserved 1245184K
  class space    used 23947K, committed 24576K, reserved 1048576K
}
Event: 405.200 GC heap after
{Heap after GC invocations=94 (full 0):
 garbage-first heap   total 339968K, used 251734K [0x0000000080000000, 0x0000000100000000)
  region size 1024K, 8 young (8192K), 8 survivors (8192K)
 Metaspace       used 187306K, committed 188544K, reserved 1245184K
  class space    used 23947K, committed 24576K, reserved 1048576K
}
Event: 405.316 GC heap before
{Heap before GC invocations=94 (full 0):
 garbage-first heap   total 339968K, used 259926K [0x0000000080000000, 0x0000000100000000)
  region size 1024K, 16 young (16384K), 8 survivors (8192K)
 Metaspace       used 187309K, committed 188544K, reserved 1245184K
  class space    used 23947K, committed 24576K, reserved 1048576K
}
Event: 405.350 GC heap after
{Heap after GC invocations=95 (full 0):
 garbage-first heap   total 339968K, used 255391K [0x0000000080000000, 0x0000000100000000)
  region size 1024K, 2 young (2048K), 2 survivors (2048K)
 Metaspace       used 187309K, committed 188544K, reserved 1245184K
  class space    used 23947K, committed 24576K, reserved 1048576K
}
Event: 405.976 GC heap before
{Heap before GC invocations=95 (full 0):
 garbage-first heap   total 339968K, used 276895K [0x0000000080000000, 0x0000000100000000)
  region size 1024K, 16 young (16384K), 2 survivors (2048K)
 Metaspace       used 187335K, committed 188608K, reserved 1245184K
  class space    used 23947K, committed 24576K, reserved 1048576K
}
Event: 405.990 GC heap after
{Heap after GC invocations=96 (full 0):
 garbage-first heap   total 339968K, used 266049K [0x0000000080000000, 0x0000000100000000)
  region size 1024K, 2 young (2048K), 2 survivors (2048K)
 Metaspace       used 187335K, committed 188608K, reserved 1245184K
  class space    used 23947K, committed 24576K, reserved 1048576K
}
Event: 406.756 GC heap before
{Heap before GC invocations=96 (full 0):
 garbage-first heap   total 339968K, used 276289K [0x0000000080000000, 0x0000000100000000)
  region size 1024K, 13 young (13312K), 2 survivors (2048K)
 Metaspace       used 187389K, committed 188672K, reserved 1245184K
  class space    used 23948K, committed 24576K, reserved 1048576K
}
Event: 406.815 GC heap after
{Heap after GC invocations=97 (full 0):
 garbage-first heap   total 339968K, used 269422K [0x0000000080000000, 0x0000000100000000)
  region size 1024K, 3 young (3072K), 3 survivors (3072K)
 Metaspace       used 187389K, committed 188672K, reserved 1245184K
  class space    used 23948K, committed 24576K, reserved 1048576K
}
Event: 407.446 GC heap before
{Heap before GC invocations=97 (full 0):
 garbage-first heap   total 339968K, used 289902K [0x0000000080000000, 0x0000000100000000)
  region size 1024K, 23 young (23552K), 3 survivors (3072K)
 Metaspace       used 187393K, committed 188672K, reserved 1245184K
  class space    used 23948K, committed 24576K, reserved 1048576K
}

