# JRE version: OpenJDK Runtime Environment (17.0.7) (build 17.0.7+0-b2043.56-10550314)
# Java VM: OpenJDK 64-Bit Server VM (17.0.7+0-b2043.56-10550314, mixed mode, tiered, compressed oops, compressed class ptrs, g1 gc, windows-amd64)
GC Precious Log:
 CPUs: 4 total, 4 available
 Memory: 4015M
 Large Page Support: Disabled
 NUMA Support: Disabled
 Compressed Oops: Enabled (32-bit)
 Heap Region Size: 1M
 Heap Min Capacity: 8M
 Heap Initial Capacity: 64M
 Heap Max Capacity: 2G
 Pre-touch: Disabled
 Parallel Workers: 4
 Concurrent Workers: 1
 Concurrent Refinement Workers: 4
 Periodic GC: Disabled
Heap:
 garbage-first heap   total 346112K, used 203078K [0x0000000080000000, 0x0000000100000000)
  region size 1024K, 5 young (5120K), 5 survivors (5120K)
 Metaspace       used 134286K, committed 135232K, reserved 1179648K
  class space    used 18048K, committed 18496K, reserved 1048576K
GC Heap History (20 events):
Event: 193.981 GC heap after
{Heap after GC invocations=98 (full 0):
 garbage-first heap   total 346112K, used 200703K [0x0000000080000000, 0x0000000100000000)
  region size 1024K, 5 young (5120K), 5 survivors (5120K)
 Metaspace       used 132044K, committed 132992K, reserved 1179648K
  class space    used 17721K, committed 18176K, reserved 1048576K
}
Event: 194.855 GC heap before
{Heap before GC invocations=98 (full 0):
 garbage-first heap   total 346112K, used 305151K [0x0000000080000000, 0x0000000100000000)
  region size 1024K, 107 young (109568K), 5 survivors (5120K)
 Metaspace       used 132055K, committed 132992K, reserved 1179648K
  class space    used 17721K, committed 18176K, reserved 1048576K
}
Event: 194.872 GC heap after
{Heap after GC invocations=99 (full 0):
 garbage-first heap   total 346112K, used 200953K [0x0000000080000000, 0x0000000100000000)
  region size 1024K, 5 young (5120K), 5 survivors (5120K)
 Metaspace       used 132055K, committed 132992K, reserved 1179648K
  class space    used 17721K, committed 18176K, reserved 1048576K
}
Event: 195.959 GC heap before
{Heap before GC invocations=99 (full 0):
 garbage-first heap   total 346112K, used 305401K [0x0000000080000000, 0x0000000100000000)
  region size 1024K, 107 young (109568K), 5 survivors (5120K)
 Metaspace       used 132645K, committed 133568K, reserved 1179648K
  class space    used 17813K, committed 18240K, reserved 1048576K
}
Event: 195.981 GC heap after
{Heap after GC invocations=100 (full 0):
 garbage-first heap   total 346112K, used 201609K [0x0000000080000000, 0x0000000100000000)
  region size 1024K, 6 young (6144K), 6 survivors (6144K)
 Metaspace       used 132645K, committed 133568K, reserved 1179648K
  class space    used 17813K, committed 18240K, reserved 1048576K
}
Event: 197.308 GC heap before
{Heap before GC invocations=100 (full 0):
 garbage-first heap   total 346112K, used 304009K [0x0000000080000000, 0x0000000100000000)
  region size 1024K, 106 young (108544K), 6 survivors (6144K)
 Metaspace       used 133470K, committed 134400K, reserved 1179648K
  class space    used 17921K, committed 18368K, reserved 1048576K
}
Event: 197.329 GC heap after
{Heap after GC invocations=101 (full 0):
 garbage-first heap   total 346112K, used 202969K [0x0000000080000000, 0x0000000100000000)
  region size 1024K, 7 young (7168K), 7 survivors (7168K)
 Metaspace       used 133470K, committed 134400K, reserved 1179648K
  class space    used 17921K, committed 18368K, reserved 1048576K
}
Event: 198.276 GC heap before
{Heap before GC invocations=101 (full 0):
 garbage-first heap   total 346112K, used 304345K [0x0000000080000000, 0x0000000100000000)
  region size 1024K, 105 young (107520K), 7 survivors (7168K)
 Metaspace       used 133770K, committed 134720K, reserved 1179648K
  class space    used 17967K, committed 18432K, reserved 1048576K
}
Event: 198.307 GC heap after
{Heap after GC invocations=102 (full 0):
 garbage-first heap   total 346112K, used 203802K [0x0000000080000000, 0x0000000100000000)
  region size 1024K, 8 young (8192K), 8 survivors (8192K)
 Metaspace       used 133770K, committed 134720K, reserved 1179648K
  class space    used 17967K, committed 18432K, reserved 1048576K
}
Event: 199.114 GC heap before
{Heap before GC invocations=102 (full 0):
 garbage-first heap   total 346112K, used 302106K [0x0000000080000000, 0x0000000100000000)
  region size 1024K, 104 young (106496K), 8 survivors (8192K)
 Metaspace       used 133786K, committed 134720K, reserved 1179648K
  class space    used 17967K, committed 18432K, reserved 1048576K
}
Event: 199.137 GC heap after
{Heap after GC invocations=103 (full 0):
 garbage-first heap   total 346112K, used 203923K [0x0000000080000000, 0x0000000100000000)
  region size 1024K, 8 young (8192K), 8 survivors (8192K)
 Metaspace       used 133786K, committed 134720K, reserved 1179648K
  class space    used 17967K, committed 18432K, reserved 1048576K
}
Event: 200.022 GC heap before
{Heap before GC invocations=103 (full 0):
 garbage-first heap   total 346112K, used 302227K [0x0000000080000000, 0x0000000100000000)
  region size 1024K, 104 young (106496K), 8 survivors (8192K)
 Metaspace       used 133810K, committed 134720K, reserved 1179648K
  class space    used 17970K, committed 18432K, reserved 1048576K
}
Event: 200.046 GC heap after
{Heap after GC invocations=104 (full 0):
 garbage-first heap   total 346112K, used 204230K [0x0000000080000000, 0x0000000100000000)
  region size 1024K, 8 young (8192K), 8 survivors (8192K)
 Metaspace       used 133810K, committed 134720K, reserved 1179648K
  class space    used 17970K, committed 18432K, reserved 1048576K
}
Event: 200.919 GC heap before
{Heap before GC invocations=104 (full 0):
 garbage-first heap   total 346112K, used 301510K [0x0000000080000000, 0x0000000100000000)
  region size 1024K, 103 young (105472K), 8 survivors (8192K)
 Metaspace       used 133818K, committed 134720K, reserved 1179648K
  class space    used 17970K, committed 18432K, reserved 1048576K
}
Event: 200.942 GC heap after
{Heap after GC invocations=105 (full 0):
 garbage-first heap   total 346112K, used 204182K [0x0000000080000000, 0x0000000100000000)
  region size 1024K, 7 young (7168K), 7 survivors (7168K)
 Metaspace       used 133818K, committed 134720K, reserved 1179648K
  class space    used 17970K, committed 18432K, reserved 1048576K
}
Event: 201.926 GC heap before
{Heap before GC invocations=105 (full 0):
 garbage-first heap   total 346112K, used 303510K [0x0000000080000000, 0x0000000100000000)
  region size 1024K, 104 young (106496K), 7 survivors (7168K)
 Metaspace       used 134170K, committed 135104K, reserved 1179648K
  class space    used 18048K, committed 18496K, reserved 1048576K
}
Event: 201.948 GC heap after
{Heap after GC invocations=106 (full 0):
 garbage-first heap   total 346112K, used 204449K [0x0000000080000000, 0x0000000100000000)
  region size 1024K, 7 young (7168K), 7 survivors (7168K)
 Metaspace       used 134170K, committed 135104K, reserved 1179648K
  class space    used 18048K, committed 18496K, reserved 1048576K
}
Event: 203.112 GC heap before
{Heap before GC invocations=106 (full 0):
 garbage-first heap   total 346112K, used 303777K [0x0000000080000000, 0x0000000100000000)
  region size 1024K, 104 young (106496K), 7 survivors (7168K)
 Metaspace       used 134271K, committed 135168K, reserved 1179648K
  class space    used 18048K, committed 18496K, reserved 1048576K
}
Event: 203.144 GC heap after
{Heap after GC invocations=107 (full 0):
 garbage-first heap   total 346112K, used 203419K [0x0000000080000000, 0x0000000100000000)
  region size 1024K, 6 young (6144K), 6 survivors (6144K)
 Metaspace       used 134271K, committed 135168K, reserved 1179648K
  class space    used 18048K, committed 18496K, reserved 1048576K
}
Event: 204.194 GC heap before
{Heap before GC invocations=107 (full 0):
 garbage-first heap   total 346112K, used 303771K [0x0000000080000000, 0x0000000100000000)
  region size 1024K, 105 young (107520K), 6 survivors (6144K)
 Metaspace       used 134286K, committed 135232K, reserved 1179648K
  class space    used 18048K, committed 18496K, reserved 1048576K
}

