# JRE version: OpenJDK Runtime Environment (17.0.9) (build 17.0.9+0--11185874)
# Java VM: OpenJDK 64-Bit Server VM (17.0.9+0--11185874, mixed mode, tiered, compressed oops, compressed class ptrs, g1 gc, windows-amd64)
GC Precious Log:
 CPUs: 4 total, 4 available
 Memory: 4015M
 Large Page Support: Disabled
 NUMA Support: Disabled
 Compressed Oops: Enabled (32-bit)
 Heap Region Size: 1M
 Heap Min Capacity: 8M
 Heap Initial Capacity: 64M
 Heap Max Capacity: 2G
 Pre-touch: Disabled
 Parallel Workers: 4
 Concurrent Workers: 1
 Concurrent Refinement Workers: 4
 Periodic GC: Disabled
Heap:
 garbage-first heap   total 280576K, used 164434K [0x0000000080000000, 0x0000000100000000)
  region size 1024K, 10 young (10240K), 10 survivors (10240K)
 Metaspace       used 115819K, committed 116800K, reserved 1179648K
  class space    used 15419K, committed 15872K, reserved 1048576K
GC Heap History (20 events):
Event: 151.669 GC heap after
{Heap after GC invocations=67 (full 0):
 garbage-first heap   total 181248K, used 136865K [0x0000000080000000, 0x0000000100000000)
  region size 1024K, 5 young (5120K), 5 survivors (5120K)
 Metaspace       used 109659K, committed 110720K, reserved 1179648K
  class space    used 14704K, committed 15232K, reserved 1048576K
}
Event: 151.923 GC heap before
{Heap before GC invocations=67 (full 0):
 garbage-first heap   total 181248K, used 153249K [0x0000000080000000, 0x0000000100000000)
  region size 1024K, 21 young (21504K), 5 survivors (5120K)
 Metaspace       used 109660K, committed 110720K, reserved 1179648K
  class space    used 14704K, committed 15232K, reserved 1048576K
}
Event: 151.944 GC heap after
{Heap after GC invocations=68 (full 0):
 garbage-first heap   total 181248K, used 143068K [0x0000000080000000, 0x0000000100000000)
  region size 1024K, 3 young (3072K), 3 survivors (3072K)
 Metaspace       used 109660K, committed 110720K, reserved 1179648K
  class space    used 14704K, committed 15232K, reserved 1048576K
}
Event: 152.046 GC heap before
{Heap before GC invocations=68 (full 0):
 garbage-first heap   total 256000K, used 153308K [0x0000000080000000, 0x0000000100000000)
  region size 1024K, 13 young (13312K), 3 survivors (3072K)
 Metaspace       used 109660K, committed 110720K, reserved 1179648K
  class space    used 14704K, committed 15232K, reserved 1048576K
}
Event: 152.064 GC heap after
{Heap after GC invocations=69 (full 0):
 garbage-first heap   total 256000K, used 147793K [0x0000000080000000, 0x0000000100000000)
  region size 1024K, 2 young (2048K), 2 survivors (2048K)
 Metaspace       used 109660K, committed 110720K, reserved 1179648K
  class space    used 14704K, committed 15232K, reserved 1048576K
}
Event: 155.321 GC heap before
{Heap before GC invocations=70 (full 0):
 garbage-first heap   total 256000K, used 202065K [0x0000000080000000, 0x0000000100000000)
  region size 1024K, 56 young (57344K), 2 survivors (2048K)
 Metaspace       used 109679K, committed 110720K, reserved 1179648K
  class space    used 14705K, committed 15232K, reserved 1048576K
}
Event: 155.343 GC heap after
{Heap after GC invocations=71 (full 0):
 garbage-first heap   total 256000K, used 152368K [0x0000000080000000, 0x0000000100000000)
  region size 1024K, 7 young (7168K), 7 survivors (7168K)
 Metaspace       used 109679K, committed 110720K, reserved 1179648K
  class space    used 14705K, committed 15232K, reserved 1048576K
}
Event: 155.604 GC heap before
{Heap before GC invocations=71 (full 0):
 garbage-first heap   total 256000K, used 156464K [0x0000000080000000, 0x0000000100000000)
  region size 1024K, 12 young (12288K), 7 survivors (7168K)
 Metaspace       used 109679K, committed 110720K, reserved 1179648K
  class space    used 14705K, committed 15232K, reserved 1048576K
}
Event: 155.617 GC heap after
{Heap after GC invocations=72 (full 0):
 garbage-first heap   total 256000K, used 150597K [0x0000000080000000, 0x0000000100000000)
  region size 1024K, 1 young (1024K), 1 survivors (1024K)
 Metaspace       used 109679K, committed 110720K, reserved 1179648K
  class space    used 14705K, committed 15232K, reserved 1048576K
}
Event: 157.884 GC heap before
{Heap before GC invocations=72 (full 0):
 garbage-first heap   total 256000K, used 205893K [0x0000000080000000, 0x0000000100000000)
  region size 1024K, 55 young (56320K), 1 survivors (1024K)
 Metaspace       used 109679K, committed 110720K, reserved 1179648K
  class space    used 14705K, committed 15232K, reserved 1048576K
}
Event: 157.892 GC heap after
{Heap after GC invocations=73 (full 0):
 garbage-first heap   total 256000K, used 152543K [0x0000000080000000, 0x0000000100000000)
  region size 1024K, 3 young (3072K), 3 survivors (3072K)
 Metaspace       used 109679K, committed 110720K, reserved 1179648K
  class space    used 14705K, committed 15232K, reserved 1048576K
}
Event: 162.963 GC heap before
{Heap before GC invocations=73 (full 0):
 garbage-first heap   total 256000K, used 208863K [0x0000000080000000, 0x0000000100000000)
  region size 1024K, 58 young (59392K), 3 survivors (3072K)
 Metaspace       used 109680K, committed 110720K, reserved 1179648K
  class space    used 14705K, committed 15232K, reserved 1048576K
}
Event: 162.974 GC heap after
{Heap after GC invocations=74 (full 0):
 garbage-first heap   total 256000K, used 155185K [0x0000000080000000, 0x0000000100000000)
  region size 1024K, 6 young (6144K), 6 survivors (6144K)
 Metaspace       used 109680K, committed 110720K, reserved 1179648K
  class space    used 14705K, committed 15232K, reserved 1048576K
}
Event: 165.921 GC heap before
{Heap before GC invocations=74 (full 0):
 garbage-first heap   total 256000K, used 211505K [0x0000000080000000, 0x0000000100000000)
  region size 1024K, 61 young (62464K), 6 survivors (6144K)
 Metaspace       used 109681K, committed 110720K, reserved 1179648K
  class space    used 14705K, committed 15232K, reserved 1048576K
}
Event: 165.936 GC heap after
{Heap after GC invocations=75 (full 0):
 garbage-first heap   total 256000K, used 157935K [0x0000000080000000, 0x0000000100000000)
  region size 1024K, 6 young (6144K), 6 survivors (6144K)
 Metaspace       used 109681K, committed 110720K, reserved 1179648K
  class space    used 14705K, committed 15232K, reserved 1048576K
}
Event: 168.606 GC heap before
{Heap before GC invocations=76 (full 0):
 garbage-first heap   total 280576K, used 208111K [0x0000000080000000, 0x0000000100000000)
  region size 1024K, 59 young (60416K), 6 survivors (6144K)
 Metaspace       used 109681K, committed 110720K, reserved 1179648K
  class space    used 14705K, committed 15232K, reserved 1048576K
}
Event: 168.622 GC heap after
{Heap after GC invocations=77 (full 0):
 garbage-first heap   total 280576K, used 157044K [0x0000000080000000, 0x0000000100000000)
  region size 1024K, 6 young (6144K), 6 survivors (6144K)
 Metaspace       used 109681K, committed 110720K, reserved 1179648K
  class space    used 14705K, committed 15232K, reserved 1048576K
}
Event: 168.841 GC heap before
{Heap before GC invocations=77 (full 0):
 garbage-first heap   total 280576K, used 164212K [0x0000000080000000, 0x0000000100000000)
  region size 1024K, 13 young (13312K), 6 survivors (6144K)
 Metaspace       used 109681K, committed 110720K, reserved 1179648K
  class space    used 14705K, committed 15232K, reserved 1048576K
}
Event: 168.853 GC heap after
{Heap after GC invocations=78 (full 0):
 garbage-first heap   total 280576K, used 156009K [0x0000000080000000, 0x0000000100000000)
  region size 1024K, 1 young (1024K), 1 survivors (1024K)
 Metaspace       used 109681K, committed 110720K, reserved 1179648K
  class space    used 14705K, committed 15232K, reserved 1048576K
}
Event: 172.581 GC heap before
{Heap before GC invocations=78 (full 0):
 garbage-first heap   total 280576K, used 249193K [0x0000000080000000, 0x0000000100000000)
  region size 1024K, 75 young (76800K), 1 survivors (1024K)
 Metaspace       used 115819K, committed 116800K, reserved 1179648K
  class space    used 15419K, committed 15872K, reserved 1048576K
}

