# JRE version: OpenJDK Runtime Environment (17.0.9) (build 17.0.9+0--11185874)
# Java VM: OpenJDK 64-Bit Server VM (17.0.9+0--11185874, mixed mode, tiered, compressed oops, compressed class ptrs, g1 gc, windows-amd64)
GC Precious Log:
 CPUs: 4 total, 4 available
 Memory: 4015M
 Large Page Support: Disabled
 NUMA Support: Disabled
 Compressed Oops: Enabled (32-bit)
 Heap Region Size: 1M
 Heap Min Capacity: 8M
 Heap Initial Capacity: 64M
 Heap Max Capacity: 2G
 Pre-touch: Disabled
 Parallel Workers: 4
 Concurrent Workers: 1
 Concurrent Refinement Workers: 4
 Periodic GC: Disabled
Heap:
 garbage-first heap   total 217088K, used 130710K [0x0000000080000000, 0x0000000100000000)
  region size 1024K, 2 young (2048K), 2 survivors (2048K)
 Metaspace       used 96158K, committed 97088K, reserved 1179648K
  class space    used 13041K, committed 13504K, reserved 1048576K
GC Heap History (20 events):
Event: 100.105 GC heap after
{Heap after GC invocations=63 (full 0):
 garbage-first heap   total 150528K, used 85927K [0x0000000080000000, 0x0000000100000000)
  region size 1024K, 2 young (2048K), 2 survivors (2048K)
 Metaspace       used 85447K, committed 86144K, reserved 1179648K
  class space    used 11626K, committed 11968K, reserved 1048576K
}
Event: 100.498 GC heap before
{Heap before GC invocations=63 (full 0):
 garbage-first heap   total 150528K, used 91047K [0x0000000080000000, 0x0000000100000000)
  region size 1024K, 7 young (7168K), 2 survivors (2048K)
 Metaspace       used 85782K, committed 86464K, reserved 1179648K
  class space    used 11707K, committed 12032K, reserved 1048576K
}
Event: 100.512 GC heap after
{Heap after GC invocations=64 (full 0):
 garbage-first heap   total 150528K, used 86211K [0x0000000080000000, 0x0000000100000000)
  region size 1024K, 1 young (1024K), 1 survivors (1024K)
 Metaspace       used 85782K, committed 86464K, reserved 1179648K
  class space    used 11707K, committed 12032K, reserved 1048576K
}
Event: 104.881 GC heap before
{Heap before GC invocations=64 (full 0):
 garbage-first heap   total 150528K, used 124099K [0x0000000080000000, 0x0000000100000000)
  region size 1024K, 38 young (38912K), 1 survivors (1024K)
 Metaspace       used 88697K, committed 89472K, reserved 1179648K
  class space    used 12149K, committed 12480K, reserved 1048576K
}
Event: 104.891 GC heap after
{Heap after GC invocations=65 (full 0):
 garbage-first heap   total 150528K, used 87643K [0x0000000080000000, 0x0000000100000000)
  region size 1024K, 2 young (2048K), 2 survivors (2048K)
 Metaspace       used 88697K, committed 89472K, reserved 1179648K
  class space    used 12149K, committed 12480K, reserved 1048576K
}
Event: 108.172 GC heap before
{Heap before GC invocations=66 (full 0):
 garbage-first heap   total 157696K, used 139867K [0x0000000080000000, 0x0000000100000000)
  region size 1024K, 38 young (38912K), 2 survivors (2048K)
 Metaspace       used 92406K, committed 93184K, reserved 1179648K
  class space    used 12507K, committed 12864K, reserved 1048576K
}
Event: 108.191 GC heap after
{Heap after GC invocations=67 (full 0):
 garbage-first heap   total 157696K, used 106183K [0x0000000080000000, 0x0000000100000000)
  region size 1024K, 5 young (5120K), 5 survivors (5120K)
 Metaspace       used 92406K, committed 93184K, reserved 1179648K
  class space    used 12507K, committed 12864K, reserved 1048576K
}
Event: 108.744 GC heap before
{Heap before GC invocations=67 (full 0):
 garbage-first heap   total 157696K, used 108231K [0x0000000080000000, 0x0000000100000000)
  region size 1024K, 7 young (7168K), 5 survivors (5120K)
 Metaspace       used 92659K, committed 93440K, reserved 1179648K
  class space    used 12554K, committed 12928K, reserved 1048576K
}
Event: 108.756 GC heap after
{Heap after GC invocations=68 (full 0):
 garbage-first heap   total 157696K, used 106687K [0x0000000080000000, 0x0000000100000000)
  region size 1024K, 1 young (1024K), 1 survivors (1024K)
 Metaspace       used 92659K, committed 93440K, reserved 1179648K
  class space    used 12554K, committed 12928K, reserved 1048576K
}
Event: 111.889 GC heap before
{Heap before GC invocations=68 (full 0):
 garbage-first heap   total 157696K, used 129215K [0x0000000080000000, 0x0000000100000000)
  region size 1024K, 24 young (24576K), 1 survivors (1024K)
 Metaspace       used 94893K, committed 95744K, reserved 1179648K
  class space    used 12864K, committed 13312K, reserved 1048576K
}
Event: 111.898 GC heap after
{Heap after GC invocations=69 (full 0):
 garbage-first heap   total 157696K, used 108658K [0x0000000080000000, 0x0000000100000000)
  region size 1024K, 3 young (3072K), 3 survivors (3072K)
 Metaspace       used 94893K, committed 95744K, reserved 1179648K
  class space    used 12864K, committed 13312K, reserved 1048576K
}
Event: 112.968 GC heap before
{Heap before GC invocations=69 (full 0):
 garbage-first heap   total 157696K, used 130162K [0x0000000080000000, 0x0000000100000000)
  region size 1024K, 25 young (25600K), 3 survivors (3072K)
 Metaspace       used 95487K, committed 96384K, reserved 1179648K
  class space    used 12953K, committed 13376K, reserved 1048576K
}
Event: 112.978 GC heap after
{Heap after GC invocations=70 (full 0):
 garbage-first heap   total 157696K, used 110280K [0x0000000080000000, 0x0000000100000000)
  region size 1024K, 2 young (2048K), 2 survivors (2048K)
 Metaspace       used 95487K, committed 96384K, reserved 1179648K
  class space    used 12953K, committed 13376K, reserved 1048576K
}
Event: 114.404 GC heap before
{Heap before GC invocations=70 (full 0):
 garbage-first heap   total 157696K, used 135880K [0x0000000080000000, 0x0000000100000000)
  region size 1024K, 24 young (24576K), 2 survivors (2048K)
 Metaspace       used 96157K, committed 97088K, reserved 1179648K
  class space    used 13041K, committed 13504K, reserved 1048576K
}
Event: 114.422 GC heap after
{Heap after GC invocations=71 (full 0):
 garbage-first heap   total 157696K, used 120104K [0x0000000080000000, 0x0000000100000000)
  region size 1024K, 3 young (3072K), 3 survivors (3072K)
 Metaspace       used 96157K, committed 97088K, reserved 1179648K
  class space    used 13041K, committed 13504K, reserved 1048576K
}
Event: 114.789 GC heap before
{Heap before GC invocations=71 (full 0):
 garbage-first heap   total 157696K, used 131368K [0x0000000080000000, 0x0000000100000000)
  region size 1024K, 14 young (14336K), 3 survivors (3072K)
 Metaspace       used 96158K, committed 97088K, reserved 1179648K
  class space    used 13041K, committed 13504K, reserved 1048576K
}
Event: 114.806 GC heap after
{Heap after GC invocations=72 (full 0):
 garbage-first heap   total 157696K, used 124470K [0x0000000080000000, 0x0000000100000000)
  region size 1024K, 2 young (2048K), 2 survivors (2048K)
 Metaspace       used 96158K, committed 97088K, reserved 1179648K
  class space    used 13041K, committed 13504K, reserved 1048576K
}
Event: 115.326 GC heap before
{Heap before GC invocations=73 (full 0):
 garbage-first heap   total 217088K, used 132662K [0x0000000080000000, 0x0000000100000000)
  region size 1024K, 10 young (10240K), 2 survivors (2048K)
 Metaspace       used 96158K, committed 97088K, reserved 1179648K
  class space    used 13041K, committed 13504K, reserved 1048576K
}
Event: 115.340 GC heap after
{Heap after GC invocations=74 (full 0):
 garbage-first heap   total 217088K, used 127670K [0x0000000080000000, 0x0000000100000000)
  region size 1024K, 2 young (2048K), 2 survivors (2048K)
 Metaspace       used 96158K, committed 97088K, reserved 1179648K
  class space    used 13041K, committed 13504K, reserved 1048576K
}
Event: 115.569 GC heap before
{Heap before GC invocations=74 (full 0):
 garbage-first heap   total 217088K, used 135862K [0x0000000080000000, 0x0000000100000000)
  region size 1024K, 10 young (10240K), 2 survivors (2048K)
 Metaspace       used 96158K, committed 97088K, reserved 1179648K
  class space    used 13041K, committed 13504K, reserved 1048576K
}

