# JRE version: OpenJDK Runtime Environment (17.0.9) (build 17.0.9+0--11185874)
# Java VM: OpenJDK 64-Bit Server VM (17.0.9+0--11185874, mixed mode, tiered, compressed oops, compressed class ptrs, g1 gc, windows-amd64)
GC Precious Log:
 CPUs: 4 total, 4 available
 Memory: 4015M
 Large Page Support: Disabled
 NUMA Support: Disabled
 Compressed Oops: Enabled (32-bit)
 Heap Region Size: 1M
 Heap Min Capacity: 8M
 Heap Initial Capacity: 64M
 Heap Max Capacity: 2G
 Pre-touch: Disabled
 Parallel Workers: 4
 Concurrent Workers: 1
 Concurrent Refinement Workers: 4
 Periodic GC: Disabled
Heap:
 garbage-first heap   total 286720K, used 185782K [0x0000000080000000, 0x0000000100000000)
  region size 1024K, 9 young (9216K), 9 survivors (9216K)
 Metaspace       used 166134K, committed 167040K, reserved 1245184K
  class space    used 21556K, committed 21952K, reserved 1048576K
GC Heap History (20 events):
Event: 72.437 GC heap after
{Heap after GC invocations=49 (full 0):
 garbage-first heap   total 219136K, used 146033K [0x0000000080000000, 0x0000000100000000)
  region size 1024K, 6 young (6144K), 6 survivors (6144K)
 Metaspace       used 146172K, committed 147008K, reserved 1179648K
  class space    used 19048K, committed 19392K, reserved 1048576K
}
Event: 73.541 GC heap before
{Heap before GC invocations=49 (full 0):
 garbage-first heap   total 219136K, used 184945K [0x0000000080000000, 0x0000000100000000)
  region size 1024K, 44 young (45056K), 6 survivors (6144K)
 Metaspace       used 146443K, committed 147264K, reserved 1179648K
  class space    used 19056K, committed 19392K, reserved 1048576K
}
Event: 73.562 GC heap after
{Heap after GC invocations=50 (full 0):
 garbage-first heap   total 219136K, used 150950K [0x0000000080000000, 0x0000000100000000)
  region size 1024K, 5 young (5120K), 5 survivors (5120K)
 Metaspace       used 146443K, committed 147264K, reserved 1179648K
  class space    used 19056K, committed 19392K, reserved 1048576K
}
Event: 75.421 GC heap before
{Heap before GC invocations=50 (full 0):
 garbage-first heap   total 219136K, used 184742K [0x0000000080000000, 0x0000000100000000)
  region size 1024K, 38 young (38912K), 5 survivors (5120K)
 Metaspace       used 148053K, committed 148864K, reserved 1179648K
  class space    used 19170K, committed 19520K, reserved 1048576K
}
Event: 75.446 GC heap after
{Heap after GC invocations=51 (full 0):
 garbage-first heap   total 219136K, used 155302K [0x0000000080000000, 0x0000000100000000)
  region size 1024K, 5 young (5120K), 5 survivors (5120K)
 Metaspace       used 148053K, committed 148864K, reserved 1179648K
  class space    used 19170K, committed 19520K, reserved 1048576K
}
Event: 77.429 GC heap before
{Heap before GC invocations=51 (full 0):
 garbage-first heap   total 219136K, used 184998K [0x0000000080000000, 0x0000000100000000)
  region size 1024K, 35 young (35840K), 5 survivors (5120K)
 Metaspace       used 150974K, committed 151744K, reserved 1245184K
  class space    used 19373K, committed 19712K, reserved 1048576K
}
Event: 77.447 GC heap after
{Heap after GC invocations=52 (full 0):
 garbage-first heap   total 219136K, used 159460K [0x0000000080000000, 0x0000000100000000)
  region size 1024K, 4 young (4096K), 4 survivors (4096K)
 Metaspace       used 150974K, committed 151744K, reserved 1245184K
  class space    used 19373K, committed 19712K, reserved 1048576K
}
Event: 78.239 GC heap before
{Heap before GC invocations=52 (full 0):
 garbage-first heap   total 219136K, used 171748K [0x0000000080000000, 0x0000000100000000)
  region size 1024K, 17 young (17408K), 4 survivors (4096K)
 Metaspace       used 152011K, committed 152768K, reserved 1245184K
  class space    used 19487K, committed 19840K, reserved 1048576K
}
Event: 78.251 GC heap after
{Heap after GC invocations=53 (full 0):
 garbage-first heap   total 219136K, used 158456K [0x0000000080000000, 0x0000000100000000)
  region size 1024K, 1 young (1024K), 1 survivors (1024K)
 Metaspace       used 152011K, committed 152768K, reserved 1245184K
  class space    used 19487K, committed 19840K, reserved 1048576K
}
Event: 79.371 GC heap before
{Heap before GC invocations=54 (full 0):
 garbage-first heap   total 286720K, used 182008K [0x0000000080000000, 0x0000000100000000)
  region size 1024K, 24 young (24576K), 1 survivors (1024K)
 Metaspace       used 153474K, committed 154304K, reserved 1245184K
  class space    used 19723K, committed 20096K, reserved 1048576K
}
Event: 79.380 GC heap after
{Heap after GC invocations=55 (full 0):
 garbage-first heap   total 286720K, used 159169K [0x0000000080000000, 0x0000000100000000)
  region size 1024K, 2 young (2048K), 2 survivors (2048K)
 Metaspace       used 153474K, committed 154304K, reserved 1245184K
  class space    used 19723K, committed 20096K, reserved 1048576K
}
Event: 80.019 GC heap before
{Heap before GC invocations=55 (full 0):
 garbage-first heap   total 286720K, used 171457K [0x0000000080000000, 0x0000000100000000)
  region size 1024K, 14 young (14336K), 2 survivors (2048K)
 Metaspace       used 154189K, committed 155008K, reserved 1245184K
  class space    used 19812K, committed 20160K, reserved 1048576K
}
Event: 80.028 GC heap after
{Heap after GC invocations=56 (full 0):
 garbage-first heap   total 286720K, used 155718K [0x0000000080000000, 0x0000000100000000)
  region size 1024K, 2 young (2048K), 2 survivors (2048K)
 Metaspace       used 154189K, committed 155008K, reserved 1245184K
  class space    used 19812K, committed 20160K, reserved 1048576K
}
Event: 84.562 GC heap before
{Heap before GC invocations=56 (full 0):
 garbage-first heap   total 286720K, used 245830K [0x0000000080000000, 0x0000000100000000)
  region size 1024K, 86 young (88064K), 2 survivors (2048K)
 Metaspace       used 160696K, committed 161536K, reserved 1245184K
  class space    used 20788K, committed 21184K, reserved 1048576K
}
Event: 84.588 GC heap after
{Heap after GC invocations=57 (full 0):
 garbage-first heap   total 286720K, used 153980K [0x0000000080000000, 0x0000000100000000)
  region size 1024K, 7 young (7168K), 7 survivors (7168K)
 Metaspace       used 160696K, committed 161536K, reserved 1245184K
  class space    used 20788K, committed 21184K, reserved 1048576K
}
Event: 89.107 GC heap before
{Heap before GC invocations=58 (full 0):
 garbage-first heap   total 286720K, used 254332K [0x0000000080000000, 0x0000000100000000)
  region size 1024K, 92 young (94208K), 7 survivors (7168K)
 Metaspace       used 166113K, committed 166976K, reserved 1245184K
  class space    used 21555K, committed 21952K, reserved 1048576K
}
Event: 89.160 GC heap after
{Heap after GC invocations=59 (full 0):
 garbage-first heap   total 286720K, used 182084K [0x0000000080000000, 0x0000000100000000)
  region size 1024K, 12 young (12288K), 12 survivors (12288K)
 Metaspace       used 166113K, committed 166976K, reserved 1245184K
  class space    used 21555K, committed 21952K, reserved 1048576K
}
Event: 89.205 GC heap before
{Heap before GC invocations=59 (full 0):
 garbage-first heap   total 286720K, used 184132K [0x0000000080000000, 0x0000000100000000)
  region size 1024K, 14 young (14336K), 12 survivors (12288K)
 Metaspace       used 166113K, committed 166976K, reserved 1245184K
  class space    used 21555K, committed 21952K, reserved 1048576K
}
Event: 89.234 GC heap after
{Heap after GC invocations=60 (full 0):
 garbage-first heap   total 286720K, used 172312K [0x0000000080000000, 0x0000000100000000)
  region size 1024K, 2 young (2048K), 2 survivors (2048K)
 Metaspace       used 166113K, committed 166976K, reserved 1245184K
  class space    used 21555K, committed 21952K, reserved 1048576K
}
Event: 93.084 GC heap before
{Heap before GC invocations=60 (full 0):
 garbage-first heap   total 286720K, used 237848K [0x0000000080000000, 0x0000000100000000)
  region size 1024K, 67 young (68608K), 2 survivors (2048K)
 Metaspace       used 166134K, committed 167040K, reserved 1245184K
  class space    used 21556K, committed 21952K, reserved 1048576K
}

