# JRE version: OpenJDK Runtime Environment (17.0.7) (build 17.0.7+0-b2043.56-10550314)
# Java VM: OpenJDK 64-Bit Server VM (17.0.7+0-b2043.56-10550314, mixed mode, tiered, compressed oops, compressed class ptrs, g1 gc, windows-amd64)
GC Precious Log:
 CPUs: 4 total, 4 available
 Memory: 4015M
 Large Page Support: Disabled
 NUMA Support: Disabled
 Compressed Oops: Enabled (32-bit)
 Heap Region Size: 1M
 Heap Min Capacity: 8M
 Heap Initial Capacity: 64M
 Heap Max Capacity: 2G
 Pre-touch: Disabled
 Parallel Workers: 4
 Concurrent Workers: 1
 Concurrent Refinement Workers: 4
 Periodic GC: Disabled
Heap:
 garbage-first heap   total 106496K, used 63292K [0x0000000080000000, 0x0000000100000000)
  region size 1024K, 1 young (1024K), 1 survivors (1024K)
 Metaspace       used 78526K, committed 79168K, reserved 1179648K
  class space    used 10528K, committed 10816K, reserved 1048576K
GC Heap History (20 events):
Event: 51.836 GC heap after
{Heap after GC invocations=44 (full 0):
 garbage-first heap   total 94208K, used 54006K [0x0000000080000000, 0x0000000100000000)
  region size 1024K, 3 young (3072K), 3 survivors (3072K)
 Metaspace       used 65885K, committed 66432K, reserved 1114112K
  class space    used 8817K, committed 9088K, reserved 1048576K
}
Event: 53.283 GC heap before
{Heap before GC invocations=44 (full 0):
 garbage-first heap   total 94208K, used 74486K [0x0000000080000000, 0x0000000100000000)
  region size 1024K, 23 young (23552K), 3 survivors (3072K)
 Metaspace       used 68802K, committed 69376K, reserved 1114112K
  class space    used 9230K, committed 9536K, reserved 1048576K
}
Event: 53.298 GC heap after
{Heap after GC invocations=45 (full 0):
 garbage-first heap   total 94208K, used 55645K [0x0000000080000000, 0x0000000100000000)
  region size 1024K, 3 young (3072K), 3 survivors (3072K)
 Metaspace       used 68802K, committed 69376K, reserved 1114112K
  class space    used 9230K, committed 9536K, reserved 1048576K
}
Event: 54.626 GC heap before
{Heap before GC invocations=46 (full 0):
 garbage-first heap   total 96256K, used 81245K [0x0000000080000000, 0x0000000100000000)
  region size 1024K, 22 young (22528K), 3 survivors (3072K)
 Metaspace       used 69179K, committed 69760K, reserved 1114112K
  class space    used 9304K, committed 9600K, reserved 1048576K
}
Event: 54.638 GC heap after
{Heap after GC invocations=47 (full 0):
 garbage-first heap   total 96256K, used 58391K [0x0000000080000000, 0x0000000100000000)
  region size 1024K, 3 young (3072K), 3 survivors (3072K)
 Metaspace       used 69179K, committed 69760K, reserved 1114112K
  class space    used 9304K, committed 9600K, reserved 1048576K
}
Event: 54.690 GC heap before
{Heap before GC invocations=47 (full 0):
 garbage-first heap   total 96256K, used 59415K [0x0000000080000000, 0x0000000100000000)
  region size 1024K, 4 young (4096K), 3 survivors (3072K)
 Metaspace       used 69225K, committed 69824K, reserved 1114112K
  class space    used 9317K, committed 9600K, reserved 1048576K
}
Event: 54.697 GC heap after
{Heap after GC invocations=48 (full 0):
 garbage-first heap   total 96256K, used 57982K [0x0000000080000000, 0x0000000100000000)
  region size 1024K, 1 young (1024K), 1 survivors (1024K)
 Metaspace       used 69225K, committed 69824K, reserved 1114112K
  class space    used 9317K, committed 9600K, reserved 1048576K
}
Event: 55.789 GC heap before
{Heap before GC invocations=48 (full 0):
 garbage-first heap   total 96256K, used 76414K [0x0000000080000000, 0x0000000100000000)
  region size 1024K, 19 young (19456K), 1 survivors (1024K)
 Metaspace       used 70684K, committed 71296K, reserved 1114112K
  class space    used 9481K, committed 9792K, reserved 1048576K
}
Event: 55.796 GC heap after
{Heap after GC invocations=49 (full 0):
 garbage-first heap   total 96256K, used 58779K [0x0000000080000000, 0x0000000100000000)
  region size 1024K, 2 young (2048K), 2 survivors (2048K)
 Metaspace       used 70684K, committed 71296K, reserved 1114112K
  class space    used 9481K, committed 9792K, reserved 1048576K
}
Event: 57.006 GC heap before
{Heap before GC invocations=50 (full 0):
 garbage-first heap   total 106496K, used 77211K [0x0000000080000000, 0x0000000100000000)
  region size 1024K, 20 young (20480K), 2 survivors (2048K)
 Metaspace       used 71944K, committed 72576K, reserved 1114112K
  class space    used 9652K, committed 9920K, reserved 1048576K
}
Event: 57.012 GC heap after
{Heap after GC invocations=51 (full 0):
 garbage-first heap   total 106496K, used 59618K [0x0000000080000000, 0x0000000100000000)
  region size 1024K, 2 young (2048K), 2 survivors (2048K)
 Metaspace       used 71944K, committed 72576K, reserved 1114112K
  class space    used 9652K, committed 9920K, reserved 1048576K
}
Event: 57.204 GC heap before
{Heap before GC invocations=51 (full 0):
 garbage-first heap   total 106496K, used 61666K [0x0000000080000000, 0x0000000100000000)
  region size 1024K, 5 young (5120K), 2 survivors (2048K)
 Metaspace       used 72162K, committed 72832K, reserved 1114112K
  class space    used 9683K, committed 9984K, reserved 1048576K
}
Event: 57.214 GC heap after
{Heap after GC invocations=52 (full 0):
 garbage-first heap   total 106496K, used 59073K [0x0000000080000000, 0x0000000100000000)
  region size 1024K, 1 young (1024K), 1 survivors (1024K)
 Metaspace       used 72162K, committed 72832K, reserved 1114112K
  class space    used 9683K, committed 9984K, reserved 1048576K
}
Event: 59.152 GC heap before
{Heap before GC invocations=52 (full 0):
 garbage-first heap   total 106496K, used 83649K [0x0000000080000000, 0x0000000100000000)
  region size 1024K, 26 young (26624K), 1 survivors (1024K)
 Metaspace       used 74852K, committed 75456K, reserved 1114112K
  class space    used 10058K, committed 10368K, reserved 1048576K
}
Event: 59.160 GC heap after
{Heap after GC invocations=53 (full 0):
 garbage-first heap   total 106496K, used 59795K [0x0000000080000000, 0x0000000100000000)
  region size 1024K, 2 young (2048K), 2 survivors (2048K)
 Metaspace       used 74852K, committed 75456K, reserved 1114112K
  class space    used 10058K, committed 10368K, reserved 1048576K
}
Event: 61.320 GC heap before
{Heap before GC invocations=54 (full 0):
 garbage-first heap   total 106496K, used 85395K [0x0000000080000000, 0x0000000100000000)
  region size 1024K, 28 young (28672K), 2 survivors (2048K)
 Metaspace       used 77174K, committed 77696K, reserved 1179648K
  class space    used 10358K, committed 10624K, reserved 1048576K
}
Event: 61.334 GC heap after
{Heap after GC invocations=55 (full 0):
 garbage-first heap   total 106496K, used 63195K [0x0000000080000000, 0x0000000100000000)
  region size 1024K, 4 young (4096K), 4 survivors (4096K)
 Metaspace       used 77174K, committed 77696K, reserved 1179648K
  class space    used 10358K, committed 10624K, reserved 1048576K
}
Event: 61.412 GC heap before
{Heap before GC invocations=55 (full 0):
 garbage-first heap   total 106496K, used 64219K [0x0000000080000000, 0x0000000100000000)
  region size 1024K, 5 young (5120K), 4 survivors (4096K)
 Metaspace       used 77179K, committed 77760K, reserved 1179648K
  class space    used 10358K, committed 10624K, reserved 1048576K
}
Event: 61.430 GC heap after
{Heap after GC invocations=56 (full 0):
 garbage-first heap   total 106496K, used 63215K [0x0000000080000000, 0x0000000100000000)
  region size 1024K, 1 young (1024K), 1 survivors (1024K)
 Metaspace       used 77179K, committed 77760K, reserved 1179648K
  class space    used 10358K, committed 10624K, reserved 1048576K
}
Event: 63.456 GC heap before
{Heap before GC invocations=56 (full 0):
 garbage-first heap   total 106496K, used 85743K [0x0000000080000000, 0x0000000100000000)
  region size 1024K, 23 young (23552K), 1 survivors (1024K)
 Metaspace       used 78526K, committed 79168K, reserved 1179648K
  class space    used 10528K, committed 10816K, reserved 1048576K
}

