# JRE version: OpenJDK Runtime Environment (17.0.9) (build 17.0.9+0--11185874)
# Java VM: OpenJDK 64-Bit Server VM (17.0.9+0--11185874, mixed mode, tiered, compressed oops, compressed class ptrs, g1 gc, windows-amd64)
GC Precious Log:
 CPUs: 4 total, 4 available
 Memory: 4015M
 Large Page Support: Disabled
 NUMA Support: Disabled
 Compressed Oops: Enabled (32-bit)
 Heap Region Size: 1M
 Heap Min Capacity: 8M
 Heap Initial Capacity: 64M
 Heap Max Capacity: 2G
 Pre-touch: Disabled
 Parallel Workers: 4
 Concurrent Workers: 1
 Concurrent Refinement Workers: 4
 Periodic GC: Disabled
Heap:
 garbage-first heap   total 215040K, used 143294K [0x0000000080000000, 0x0000000100000000)
  region size 1024K, 20 young (20480K), 1 survivors (1024K)
 Metaspace       used 102705K, committed 103488K, reserved 1179648K
  class space    used 13939K, committed 14336K, reserved 1048576K
GC Heap History (20 events):
Event: 73.973 GC heap before
{Heap before GC invocations=51 (full 0):
 garbage-first heap   total 174080K, used 135966K [0x0000000080000000, 0x0000000100000000)
  region size 1024K, 78 young (79872K), 2 survivors (2048K)
 Metaspace       used 78613K, committed 79232K, reserved 1179648K
  class space    used 10534K, committed 10816K, reserved 1048576K
}
Event: 73.988 GC heap after
{Heap after GC invocations=52 (full 0):
 garbage-first heap   total 174080K, used 62837K [0x0000000080000000, 0x0000000100000000)
  region size 1024K, 6 young (6144K), 6 survivors (6144K)
 Metaspace       used 78613K, committed 79232K, reserved 1179648K
  class space    used 10534K, committed 10816K, reserved 1048576K
}
Event: 77.580 GC heap before
{Heap before GC invocations=52 (full 0):
 garbage-first heap   total 174080K, used 138613K [0x0000000080000000, 0x0000000100000000)
  region size 1024K, 80 young (81920K), 6 survivors (6144K)
 Metaspace       used 83846K, committed 84480K, reserved 1179648K
  class space    used 11473K, committed 11776K, reserved 1048576K
}
Event: 77.599 GC heap after
{Heap after GC invocations=53 (full 0):
 garbage-first heap   total 174080K, used 65690K [0x0000000080000000, 0x0000000100000000)
  region size 1024K, 8 young (8192K), 8 survivors (8192K)
 Metaspace       used 83846K, committed 84480K, reserved 1179648K
  class space    used 11473K, committed 11776K, reserved 1048576K
}
Event: 81.695 GC heap before
{Heap before GC invocations=53 (full 0):
 garbage-first heap   total 174080K, used 140442K [0x0000000080000000, 0x0000000100000000)
  region size 1024K, 81 young (82944K), 8 survivors (8192K)
 Metaspace       used 89679K, committed 90304K, reserved 1179648K
  class space    used 12315K, committed 12608K, reserved 1048576K
}
Event: 81.720 GC heap after
{Heap after GC invocations=54 (full 0):
 garbage-first heap   total 174080K, used 69934K [0x0000000080000000, 0x0000000100000000)
  region size 1024K, 7 young (7168K), 7 survivors (7168K)
 Metaspace       used 89679K, committed 90304K, reserved 1179648K
  class space    used 12315K, committed 12608K, reserved 1048576K
}
Event: 86.315 GC heap before
{Heap before GC invocations=54 (full 0):
 garbage-first heap   total 174080K, used 142638K [0x0000000080000000, 0x0000000100000000)
  region size 1024K, 78 young (79872K), 7 survivors (7168K)
 Metaspace       used 94441K, committed 95168K, reserved 1179648K
  class space    used 12981K, committed 13312K, reserved 1048576K
}
Event: 86.361 GC heap after
{Heap after GC invocations=55 (full 0):
 garbage-first heap   total 174080K, used 75776K [0x0000000080000000, 0x0000000100000000)
  region size 1024K, 10 young (10240K), 10 survivors (10240K)
 Metaspace       used 94441K, committed 95168K, reserved 1179648K
  class space    used 12981K, committed 13312K, reserved 1048576K
}
Event: 90.475 GC heap before
{Heap before GC invocations=55 (full 0):
 garbage-first heap   total 174080K, used 146432K [0x0000000080000000, 0x0000000100000000)
  region size 1024K, 75 young (76800K), 10 survivors (10240K)
 Metaspace       used 97932K, committed 98624K, reserved 1179648K
  class space    used 13391K, committed 13696K, reserved 1048576K
}
Event: 90.519 GC heap after
{Heap after GC invocations=56 (full 0):
 garbage-first heap   total 174080K, used 85821K [0x0000000080000000, 0x0000000100000000)
  region size 1024K, 10 young (10240K), 10 survivors (10240K)
 Metaspace       used 97932K, committed 98624K, reserved 1179648K
  class space    used 13391K, committed 13696K, reserved 1048576K
}
Event: 95.447 GC heap before
{Heap before GC invocations=56 (full 0):
 garbage-first heap   total 174080K, used 140093K [0x0000000080000000, 0x0000000100000000)
  region size 1024K, 63 young (64512K), 10 survivors (10240K)
 Metaspace       used 99242K, committed 99968K, reserved 1179648K
  class space    used 13578K, committed 13888K, reserved 1048576K
}
Event: 95.480 GC heap after
{Heap after GC invocations=57 (full 0):
 garbage-first heap   total 174080K, used 90409K [0x0000000080000000, 0x0000000100000000)
  region size 1024K, 5 young (5120K), 5 survivors (5120K)
 Metaspace       used 99242K, committed 99968K, reserved 1179648K
  class space    used 13578K, committed 13888K, reserved 1048576K
}
Event: 100.745 GC heap before
{Heap before GC invocations=58 (full 0):
 garbage-first heap   total 174080K, used 140585K [0x0000000080000000, 0x0000000100000000)
  region size 1024K, 55 young (56320K), 5 survivors (5120K)
 Metaspace       used 101983K, committed 102720K, reserved 1179648K
  class space    used 13881K, committed 14272K, reserved 1048576K
}
Event: 100.793 GC heap after
{Heap after GC invocations=59 (full 0):
 garbage-first heap   total 174080K, used 97729K [0x0000000080000000, 0x0000000100000000)
  region size 1024K, 7 young (7168K), 7 survivors (7168K)
 Metaspace       used 101983K, committed 102720K, reserved 1179648K
  class space    used 13881K, committed 14272K, reserved 1048576K
}
Event: 101.037 GC heap before
{Heap before GC invocations=59 (full 0):
 garbage-first heap   total 174080K, used 98753K [0x0000000080000000, 0x0000000100000000)
  region size 1024K, 8 young (8192K), 7 survivors (7168K)
 Metaspace       used 101992K, committed 102720K, reserved 1179648K
  class space    used 13881K, committed 14272K, reserved 1048576K
}
Event: 101.059 GC heap after
{Heap after GC invocations=60 (full 0):
 garbage-first heap   total 174080K, used 98213K [0x0000000080000000, 0x0000000100000000)
  region size 1024K, 1 young (1024K), 1 survivors (1024K)
 Metaspace       used 101992K, committed 102720K, reserved 1179648K
  class space    used 13881K, committed 14272K, reserved 1048576K
}
Event: 103.186 GC heap before
{Heap before GC invocations=60 (full 0):
 garbage-first heap   total 174080K, used 149413K [0x0000000080000000, 0x0000000100000000)
  region size 1024K, 43 young (44032K), 1 survivors (1024K)
 Metaspace       used 102518K, committed 103296K, reserved 1179648K
  class space    used 13929K, committed 14336K, reserved 1048576K
}
Event: 103.224 GC heap after
{Heap after GC invocations=61 (full 0):
 garbage-first heap   total 174080K, used 117407K [0x0000000080000000, 0x0000000100000000)
  region size 1024K, 6 young (6144K), 6 survivors (6144K)
 Metaspace       used 102518K, committed 103296K, reserved 1179648K
  class space    used 13929K, committed 14336K, reserved 1048576K
}
Event: 103.422 GC heap before
{Heap before GC invocations=61 (full 0):
 garbage-first heap   total 174080K, used 123551K [0x0000000080000000, 0x0000000100000000)
  region size 1024K, 9 young (9216K), 6 survivors (6144K)
 Metaspace       used 102518K, committed 103296K, reserved 1179648K
  class space    used 13929K, committed 14336K, reserved 1048576K
}
Event: 103.441 GC heap after
{Heap after GC invocations=62 (full 0):
 garbage-first heap   total 174080K, used 121790K [0x0000000080000000, 0x0000000100000000)
  region size 1024K, 1 young (1024K), 1 survivors (1024K)
 Metaspace       used 102518K, committed 103296K, reserved 1179648K
  class space    used 13929K, committed 14336K, reserved 1048576K
}

