# JRE version: OpenJDK Runtime Environment (17.0.9) (build 17.0.9+0--11185874)
# Java VM: OpenJDK 64-Bit Server VM (17.0.9+0--11185874, mixed mode, tiered, compressed oops, compressed class ptrs, g1 gc, windows-amd64)
GC Precious Log:
 CPUs: 4 total, 4 available
 Memory: 4015M
 Large Page Support: Disabled
 NUMA Support: Disabled
 Compressed Oops: Enabled (32-bit)
 Heap Region Size: 1M
 Heap Min Capacity: 8M
 Heap Initial Capacity: 64M
 Heap Max Capacity: 2G
 Pre-touch: Disabled
 Parallel Workers: 4
 Concurrent Workers: 1
 Concurrent Refinement Workers: 4
 Periodic GC: Disabled
Heap:
 garbage-first heap   total 345088K, used 318445K [0x0000000080000000, 0x0000000100000000)
  region size 1024K, 9 young (9216K), 2 survivors (2048K)
 Metaspace       used 210987K, committed 212160K, reserved 1245184K
  class space    used 26907K, committed 27456K, reserved 1048576K
GC Heap History (20 events):
Event: 225.811 GC heap before
{Heap before GC invocations=82 (full 0):
 garbage-first heap   total 345088K, used 293376K [0x0000000080000000, 0x0000000100000000)
  region size 1024K, 73 young (74752K), 6 survivors (6144K)
 Metaspace       used 184261K, committed 185408K, reserved 1245184K
  class space    used 23597K, committed 24192K, reserved 1048576K
}
Event: 225.840 GC heap after
{Heap after GC invocations=83 (full 0):
 garbage-first heap   total 345088K, used 229948K [0x0000000080000000, 0x0000000100000000)
  region size 1024K, 10 young (10240K), 10 survivors (10240K)
 Metaspace       used 184261K, committed 185408K, reserved 1245184K
  class space    used 23597K, committed 24192K, reserved 1048576K
}
Event: 230.752 GC heap before
{Heap before GC invocations=83 (full 0):
 garbage-first heap   total 345088K, used 294460K [0x0000000080000000, 0x0000000100000000)
  region size 1024K, 74 young (75776K), 10 survivors (10240K)
 Metaspace       used 187397K, committed 188608K, reserved 1245184K
  class space    used 24008K, committed 24576K, reserved 1048576K
}
Event: 230.796 GC heap after
{Heap after GC invocations=84 (full 0):
 garbage-first heap   total 345088K, used 235034K [0x0000000080000000, 0x0000000100000000)
  region size 1024K, 6 young (6144K), 6 survivors (6144K)
 Metaspace       used 187397K, committed 188608K, reserved 1245184K
  class space    used 24008K, committed 24576K, reserved 1048576K
}
Event: 234.411 GC heap before
{Heap before GC invocations=84 (full 0):
 garbage-first heap   total 345088K, used 296474K [0x0000000080000000, 0x0000000100000000)
  region size 1024K, 65 young (66560K), 6 survivors (6144K)
 Metaspace       used 192855K, committed 194048K, reserved 1245184K
  class space    used 24653K, committed 25216K, reserved 1048576K
}
Event: 234.454 GC heap after
{Heap after GC invocations=85 (full 0):
 garbage-first heap   total 345088K, used 247141K [0x0000000080000000, 0x0000000100000000)
  region size 1024K, 9 young (9216K), 9 survivors (9216K)
 Metaspace       used 192855K, committed 194048K, reserved 1245184K
  class space    used 24653K, committed 25216K, reserved 1048576K
}
Event: 237.479 GC heap before
{Heap before GC invocations=85 (full 0):
 garbage-first heap   total 345088K, used 293221K [0x0000000080000000, 0x0000000100000000)
  region size 1024K, 53 young (54272K), 9 survivors (9216K)
 Metaspace       used 200844K, committed 202048K, reserved 1245184K
  class space    used 25538K, committed 26112K, reserved 1048576K
}
Event: 237.517 GC heap after
{Heap after GC invocations=86 (full 0):
 garbage-first heap   total 345088K, used 249829K [0x0000000080000000, 0x0000000100000000)
  region size 1024K, 3 young (3072K), 3 survivors (3072K)
 Metaspace       used 200844K, committed 202048K, reserved 1245184K
  class space    used 25538K, committed 26112K, reserved 1048576K
}
Event: 240.436 GC heap before
{Heap before GC invocations=86 (full 0):
 garbage-first heap   total 345088K, used 294885K [0x0000000080000000, 0x0000000100000000)
  region size 1024K, 47 young (48128K), 3 survivors (3072K)
 Metaspace       used 205925K, committed 207104K, reserved 1245184K
  class space    used 26199K, committed 26752K, reserved 1048576K
}
Event: 240.456 GC heap after
{Heap after GC invocations=87 (full 0):
 garbage-first heap   total 345088K, used 261120K [0x0000000080000000, 0x0000000100000000)
  region size 1024K, 6 young (6144K), 6 survivors (6144K)
 Metaspace       used 205925K, committed 207104K, reserved 1245184K
  class space    used 26199K, committed 26752K, reserved 1048576K
}
Event: 241.465 GC heap before
{Heap before GC invocations=87 (full 0):
 garbage-first heap   total 345088K, used 290816K [0x0000000080000000, 0x0000000100000000)
  region size 1024K, 35 young (35840K), 6 survivors (6144K)
 Metaspace       used 205961K, committed 207104K, reserved 1245184K
  class space    used 26201K, committed 26752K, reserved 1048576K
}
Event: 241.515 GC heap after
{Heap after GC invocations=88 (full 0):
 garbage-first heap   total 345088K, used 290523K [0x0000000080000000, 0x0000000100000000)
  region size 1024K, 5 young (5120K), 5 survivors (5120K)
 Metaspace       used 205961K, committed 207104K, reserved 1245184K
  class space    used 26201K, committed 26752K, reserved 1048576K
}
Event: 241.777 GC heap before
{Heap before GC invocations=88 (full 0):
 garbage-first heap   total 345088K, used 301787K [0x0000000080000000, 0x0000000100000000)
  region size 1024K, 16 young (16384K), 5 survivors (5120K)
 Metaspace       used 205961K, committed 207104K, reserved 1245184K
  class space    used 26201K, committed 26752K, reserved 1048576K
}
Event: 242.195 GC heap after
{Heap after GC invocations=89 (full 0):
 garbage-first heap   total 345088K, used 302592K [0x0000000080000000, 0x0000000100000000)
  region size 1024K, 2 young (2048K), 2 survivors (2048K)
 Metaspace       used 205961K, committed 207104K, reserved 1245184K
  class space    used 26201K, committed 26752K, reserved 1048576K
}
Event: 243.243 GC heap before
{Heap before GC invocations=89 (full 0):
 garbage-first heap   total 345088K, used 316928K [0x0000000080000000, 0x0000000100000000)
  region size 1024K, 16 young (16384K), 2 survivors (2048K)
 Metaspace       used 207092K, committed 208320K, reserved 1245184K
  class space    used 26334K, committed 26944K, reserved 1048576K
}
Event: 243.262 GC heap after
{Heap after GC invocations=90 (full 0):
 garbage-first heap   total 345088K, used 308224K [0x0000000080000000, 0x0000000100000000)
  region size 1024K, 2 young (2048K), 2 survivors (2048K)
 Metaspace       used 207092K, committed 208320K, reserved 1245184K
  class space    used 26334K, committed 26944K, reserved 1048576K
}
Event: 244.308 GC heap before
{Heap before GC invocations=90 (full 0):
 garbage-first heap   total 345088K, used 322560K [0x0000000080000000, 0x0000000100000000)
  region size 1024K, 16 young (16384K), 2 survivors (2048K)
 Metaspace       used 209364K, committed 210560K, reserved 1245184K
  class space    used 26708K, committed 27264K, reserved 1048576K
}
Event: 244.321 GC heap after
{Heap after GC invocations=91 (full 0):
 garbage-first heap   total 345088K, used 309741K [0x0000000080000000, 0x0000000100000000)
  region size 1024K, 1 young (1024K), 1 survivors (1024K)
 Metaspace       used 209364K, committed 210560K, reserved 1245184K
  class space    used 26708K, committed 27264K, reserved 1048576K
}
Event: 245.128 GC heap before
{Heap before GC invocations=91 (full 0):
 garbage-first heap   total 345088K, used 326125K [0x0000000080000000, 0x0000000100000000)
  region size 1024K, 16 young (16384K), 1 survivors (1024K)
 Metaspace       used 210744K, committed 211968K, reserved 1245184K
  class space    used 26889K, committed 27456K, reserved 1048576K
}
Event: 245.144 GC heap after
{Heap after GC invocations=92 (full 0):
 garbage-first heap   total 345088K, used 312301K [0x0000000080000000, 0x0000000100000000)
  region size 1024K, 2 young (2048K), 2 survivors (2048K)
 Metaspace       used 210744K, committed 211968K, reserved 1245184K
  class space    used 26889K, committed 27456K, reserved 1048576K
}

