# JRE version: OpenJDK Runtime Environment (17.0.9) (build 17.0.9+0--11185874)
# Java VM: OpenJDK 64-Bit Server VM (17.0.9+0--11185874, mixed mode, tiered, compressed oops, compressed class ptrs, g1 gc, windows-amd64)
GC Precious Log:
 CPUs: 4 total, 4 available
 Memory: 4015M
 Large Page Support: Disabled
 NUMA Support: Disabled
 Compressed Oops: Enabled (32-bit)
 Heap Region Size: 1M
 Heap Min Capacity: 8M
 Heap Initial Capacity: 64M
 Heap Max Capacity: 2G
 Pre-touch: Disabled
 Parallel Workers: 4
 Concurrent Workers: 1
 Concurrent Refinement Workers: 4
 Periodic GC: Disabled
Heap:
 garbage-first heap   total 160768K, used 98510K [0x0000000080000000, 0x0000000100000000)
  region size 1024K, 23 young (23552K), 4 survivors (4096K)
 Metaspace       used 74878K, committed 75584K, reserved 1179648K
  class space    used 10051K, committed 10368K, reserved 1048576K
GC Heap History (20 events):
Event: 37.780 GC heap before
{Heap before GC invocations=30 (full 0):
 garbage-first heap   total 101376K, used 82917K [0x0000000080000000, 0x0000000100000000)
  region size 1024K, 28 young (28672K), 4 survivors (4096K)
 Metaspace       used 60614K, committed 61248K, reserved 1114112K
  class space    used 8260K, committed 8576K, reserved 1048576K
}
Event: 37.796 GC heap after
{Heap after GC invocations=31 (full 0):
 garbage-first heap   total 101376K, used 60582K [0x0000000080000000, 0x0000000100000000)
  region size 1024K, 4 young (4096K), 4 survivors (4096K)
 Metaspace       used 60614K, committed 61248K, reserved 1114112K
  class space    used 8260K, committed 8576K, reserved 1048576K
}
Event: 39.068 GC heap before
{Heap before GC invocations=32 (full 0):
 garbage-first heap   total 106496K, used 76966K [0x0000000080000000, 0x0000000100000000)
  region size 1024K, 22 young (22528K), 4 survivors (4096K)
 Metaspace       used 61104K, committed 61824K, reserved 1114112K
  class space    used 8304K, committed 8640K, reserved 1048576K
}
Event: 39.081 GC heap after
{Heap after GC invocations=33 (full 0):
 garbage-first heap   total 106496K, used 62108K [0x0000000080000000, 0x0000000100000000)
  region size 1024K, 2 young (2048K), 2 survivors (2048K)
 Metaspace       used 61104K, committed 61824K, reserved 1114112K
  class space    used 8304K, committed 8640K, reserved 1048576K
}
Event: 39.315 GC heap before
{Heap before GC invocations=34 (full 0):
 garbage-first heap   total 112640K, used 66204K [0x0000000080000000, 0x0000000100000000)
  region size 1024K, 5 young (5120K), 2 survivors (2048K)
 Metaspace       used 61152K, committed 61824K, reserved 1114112K
  class space    used 8310K, committed 8640K, reserved 1048576K
}
Event: 39.324 GC heap after
{Heap after GC invocations=35 (full 0):
 garbage-first heap   total 135168K, used 66634K [0x0000000080000000, 0x0000000100000000)
  region size 1024K, 4 young (4096K), 4 survivors (4096K)
 Metaspace       used 61152K, committed 61824K, reserved 1114112K
  class space    used 8310K, committed 8640K, reserved 1048576K
}
Event: 39.894 GC heap before
{Heap before GC invocations=36 (full 0):
 garbage-first heap   total 135168K, used 76874K [0x0000000080000000, 0x0000000100000000)
  region size 1024K, 15 young (15360K), 4 survivors (4096K)
 Metaspace       used 61680K, committed 62336K, reserved 1114112K
  class space    used 8404K, committed 8704K, reserved 1048576K
}
Event: 39.905 GC heap after
{Heap after GC invocations=37 (full 0):
 garbage-first heap   total 135168K, used 70664K [0x0000000080000000, 0x0000000100000000)
  region size 1024K, 4 young (4096K), 4 survivors (4096K)
 Metaspace       used 61680K, committed 62336K, reserved 1114112K
  class space    used 8404K, committed 8704K, reserved 1048576K
}
Event: 40.537 GC heap before
{Heap before GC invocations=38 (full 0):
 garbage-first heap   total 135168K, used 80904K [0x0000000080000000, 0x0000000100000000)
  region size 1024K, 15 young (15360K), 4 survivors (4096K)
 Metaspace       used 62292K, committed 62976K, reserved 1114112K
  class space    used 8462K, committed 8768K, reserved 1048576K
}
Event: 40.543 GC heap after
{Heap after GC invocations=39 (full 0):
 garbage-first heap   total 135168K, used 72395K [0x0000000080000000, 0x0000000100000000)
  region size 1024K, 2 young (2048K), 2 survivors (2048K)
 Metaspace       used 62292K, committed 62976K, reserved 1114112K
  class space    used 8462K, committed 8768K, reserved 1048576K
}
Event: 41.648 GC heap before
{Heap before GC invocations=40 (full 0):
 garbage-first heap   total 135168K, used 96971K [0x0000000080000000, 0x0000000100000000)
  region size 1024K, 25 young (25600K), 2 survivors (2048K)
 Metaspace       used 64123K, committed 64832K, reserved 1114112K
  class space    used 8716K, committed 9024K, reserved 1048576K
}
Event: 41.654 GC heap after
{Heap after GC invocations=41 (full 0):
 garbage-first heap   total 135168K, used 74233K [0x0000000080000000, 0x0000000100000000)
  region size 1024K, 3 young (3072K), 3 survivors (3072K)
 Metaspace       used 64123K, committed 64832K, reserved 1114112K
  class space    used 8716K, committed 9024K, reserved 1048576K
}
Event: 42.695 GC heap before
{Heap before GC invocations=41 (full 0):
 garbage-first heap   total 135168K, used 97785K [0x0000000080000000, 0x0000000100000000)
  region size 1024K, 27 young (27648K), 3 survivors (3072K)
 Metaspace       used 66570K, committed 67264K, reserved 1114112K
  class space    used 8983K, committed 9280K, reserved 1048576K
}
Event: 42.700 GC heap after
{Heap after GC invocations=42 (full 0):
 garbage-first heap   total 135168K, used 74662K [0x0000000080000000, 0x0000000100000000)
  region size 1024K, 2 young (2048K), 2 survivors (2048K)
 Metaspace       used 66570K, committed 67264K, reserved 1114112K
  class space    used 8983K, committed 9280K, reserved 1048576K
}
Event: 44.011 GC heap before
{Heap before GC invocations=43 (full 0):
 garbage-first heap   total 135168K, used 100262K [0x0000000080000000, 0x0000000100000000)
  region size 1024K, 28 young (28672K), 2 survivors (2048K)
 Metaspace       used 69337K, committed 70016K, reserved 1114112K
  class space    used 9265K, committed 9600K, reserved 1048576K
}
Event: 44.018 GC heap after
{Heap after GC invocations=44 (full 0):
 garbage-first heap   total 135168K, used 75332K [0x0000000080000000, 0x0000000100000000)
  region size 1024K, 2 young (2048K), 2 survivors (2048K)
 Metaspace       used 69337K, committed 70016K, reserved 1114112K
  class space    used 9265K, committed 9600K, reserved 1048576K
}
Event: 45.238 GC heap before
{Heap before GC invocations=44 (full 0):
 garbage-first heap   total 135168K, used 98884K [0x0000000080000000, 0x0000000100000000)
  region size 1024K, 26 young (26624K), 2 survivors (2048K)
 Metaspace       used 72486K, committed 73216K, reserved 1114112K
  class space    used 9719K, committed 10048K, reserved 1048576K
}
Event: 45.247 GC heap after
{Heap after GC invocations=45 (full 0):
 garbage-first heap   total 135168K, used 77338K [0x0000000080000000, 0x0000000100000000)
  region size 1024K, 4 young (4096K), 4 survivors (4096K)
 Metaspace       used 72486K, committed 73216K, reserved 1114112K
  class space    used 9719K, committed 10048K, reserved 1048576K
}
Event: 46.259 GC heap before
{Heap before GC invocations=46 (full 0):
 garbage-first heap   total 160768K, used 111130K [0x0000000080000000, 0x0000000100000000)
  region size 1024K, 31 young (31744K), 4 survivors (4096K)
 Metaspace       used 73571K, committed 74240K, reserved 1114112K
  class space    used 9875K, committed 10176K, reserved 1048576K
}
Event: 46.277 GC heap after
{Heap after GC invocations=47 (full 0):
 garbage-first heap   total 160768K, used 80078K [0x0000000080000000, 0x0000000100000000)
  region size 1024K, 4 young (4096K), 4 survivors (4096K)
 Metaspace       used 73571K, committed 74240K, reserved 1114112K
  class space    used 9875K, committed 10176K, reserved 1048576K
}

