# JRE version: OpenJDK Runtime Environment (17.0.9) (build 17.0.9+0--11185874)
# Java VM: OpenJDK 64-Bit Server VM (17.0.9+0--11185874, mixed mode, tiered, compressed oops, compressed class ptrs, g1 gc, windows-amd64)
GC Precious Log:
 CPUs: 4 total, 4 available
 Memory: 4015M
 Large Page Support: Disabled
 NUMA Support: Disabled
 Compressed Oops: Enabled (32-bit)
 Heap Region Size: 1M
 Heap Min Capacity: 8M
 Heap Initial Capacity: 64M
 Heap Max Capacity: 2G
 Pre-touch: Disabled
 Parallel Workers: 4
 Concurrent Workers: 1
 Concurrent Refinement Workers: 4
 Periodic GC: Disabled
Heap:
 garbage-first heap   total 491520K, used 394240K [0x0000000080000000, 0x0000000100000000)
  region size 1024K, 15 young (15360K), 6 survivors (6144K)
 Metaspace       used 179421K, committed 180736K, reserved 1245184K
  class space    used 23583K, committed 24192K, reserved 1048576K
GC Heap History (20 events):
Event: 409.405 GC heap before
{Heap before GC invocations=91 (full 0):
 garbage-first heap   total 362496K, used 319333K [0x0000000080000000, 0x0000000100000000)
  region size 1024K, 103 young (105472K), 6 survivors (6144K)
 Metaspace       used 150963K, committed 152128K, reserved 1245184K
  class space    used 20041K, committed 20608K, reserved 1048576K
}
Event: 409.417 GC heap after
{Heap after GC invocations=92 (full 0):
 garbage-first heap   total 362496K, used 216914K [0x0000000080000000, 0x0000000100000000)
  region size 1024K, 4 young (4096K), 4 survivors (4096K)
 Metaspace       used 150963K, committed 152128K, reserved 1245184K
  class space    used 20041K, committed 20608K, reserved 1048576K
}
Event: 412.039 GC heap before
{Heap before GC invocations=92 (full 0):
 garbage-first heap   total 362496K, used 320338K [0x0000000080000000, 0x0000000100000000)
  region size 1024K, 104 young (106496K), 4 survivors (4096K)
 Metaspace       used 151049K, committed 152192K, reserved 1245184K
  class space    used 20045K, committed 20608K, reserved 1048576K
}
Event: 412.053 GC heap after
{Heap after GC invocations=93 (full 0):
 garbage-first heap   total 362496K, used 218843K [0x0000000080000000, 0x0000000100000000)
  region size 1024K, 5 young (5120K), 5 survivors (5120K)
 Metaspace       used 151049K, committed 152192K, reserved 1245184K
  class space    used 20045K, committed 20608K, reserved 1048576K
}
Event: 416.167 GC heap before
{Heap before GC invocations=93 (full 0):
 garbage-first heap   total 362496K, used 320219K [0x0000000080000000, 0x0000000100000000)
  region size 1024K, 102 young (104448K), 5 survivors (5120K)
 Metaspace       used 154137K, committed 155392K, reserved 1245184K
  class space    used 20470K, committed 21056K, reserved 1048576K
}
Event: 416.290 GC heap after
{Heap after GC invocations=94 (full 0):
 garbage-first heap   total 362496K, used 233142K [0x0000000080000000, 0x0000000100000000)
  region size 1024K, 13 young (13312K), 13 survivors (13312K)
 Metaspace       used 154137K, committed 155392K, reserved 1245184K
  class space    used 20470K, committed 21056K, reserved 1048576K
}
Event: 420.070 GC heap before
{Heap before GC invocations=94 (full 0):
 garbage-first heap   total 362496K, used 309942K [0x0000000080000000, 0x0000000100000000)
  region size 1024K, 85 young (87040K), 13 survivors (13312K)
 Metaspace       used 159968K, committed 161152K, reserved 1245184K
  class space    used 21185K, committed 21760K, reserved 1048576K
}
Event: 420.165 GC heap after
{Heap after GC invocations=95 (full 0):
 garbage-first heap   total 362496K, used 243582K [0x0000000080000000, 0x0000000100000000)
  region size 1024K, 11 young (11264K), 11 survivors (11264K)
 Metaspace       used 159968K, committed 161152K, reserved 1245184K
  class space    used 21185K, committed 21760K, reserved 1048576K
}
Event: 420.748 GC heap before
{Heap before GC invocations=95 (full 0):
 garbage-first heap   total 362496K, used 257918K [0x0000000080000000, 0x0000000100000000)
  region size 1024K, 25 young (25600K), 11 survivors (11264K)
 Metaspace       used 161670K, committed 162816K, reserved 1245184K
  class space    used 21257K, committed 21824K, reserved 1048576K
}
Event: 420.812 GC heap after
{Heap after GC invocations=96 (full 0):
 garbage-first heap   total 362496K, used 246618K [0x0000000080000000, 0x0000000100000000)
  region size 1024K, 4 young (4096K), 4 survivors (4096K)
 Metaspace       used 161670K, committed 162816K, reserved 1245184K
  class space    used 21257K, committed 21824K, reserved 1048576K
}
Event: 424.803 GC heap before
{Heap before GC invocations=97 (full 0):
 garbage-first heap   total 478208K, used 299866K [0x0000000080000000, 0x0000000100000000)
  region size 1024K, 58 young (59392K), 4 survivors (4096K)
 Metaspace       used 170459K, committed 171648K, reserved 1245184K
  class space    used 22419K, committed 22976K, reserved 1048576K
}
Event: 424.821 GC heap after
{Heap after GC invocations=98 (full 0):
 garbage-first heap   total 478208K, used 246754K [0x0000000080000000, 0x0000000100000000)
  region size 1024K, 5 young (5120K), 5 survivors (5120K)
 Metaspace       used 170459K, committed 171648K, reserved 1245184K
  class space    used 22419K, committed 22976K, reserved 1048576K
}
Event: 425.926 GC heap before
{Heap before GC invocations=98 (full 0):
 garbage-first heap   total 478208K, used 265186K [0x0000000080000000, 0x0000000100000000)
  region size 1024K, 23 young (23552K), 5 survivors (5120K)
 Metaspace       used 172805K, committed 174016K, reserved 1245184K
  class space    used 22709K, committed 23296K, reserved 1048576K
}
Event: 425.959 GC heap after
{Heap after GC invocations=99 (full 0):
 garbage-first heap   total 478208K, used 226889K [0x0000000080000000, 0x0000000100000000)
  region size 1024K, 1 young (1024K), 1 survivors (1024K)
 Metaspace       used 172805K, committed 174016K, reserved 1245184K
  class space    used 22709K, committed 23296K, reserved 1048576K
}
Event: 433.424 GC heap before
{Heap before GC invocations=99 (full 0):
 garbage-first heap   total 478208K, used 390729K [0x0000000080000000, 0x0000000100000000)
  region size 1024K, 160 young (163840K), 1 survivors (1024K)
 Metaspace       used 179245K, committed 180544K, reserved 1245184K
  class space    used 23572K, committed 24192K, reserved 1048576K
}
Event: 434.164 GC heap after
{Heap after GC invocations=100 (full 0):
 garbage-first heap   total 491520K, used 326624K [0x0000000080000000, 0x0000000100000000)
  region size 1024K, 20 young (20480K), 20 survivors (20480K)
 Metaspace       used 179245K, committed 180544K, reserved 1245184K
  class space    used 23572K, committed 24192K, reserved 1048576K
}
Event: 436.114 GC heap before
{Heap before GC invocations=100 (full 0):
 garbage-first heap   total 491520K, used 361440K [0x0000000080000000, 0x0000000100000000)
  region size 1024K, 54 young (55296K), 20 survivors (20480K)
 Metaspace       used 179336K, committed 180608K, reserved 1245184K
  class space    used 23572K, committed 24192K, reserved 1048576K
}
Event: 436.183 GC heap after
{Heap after GC invocations=101 (full 0):
 garbage-first heap   total 491520K, used 351232K [0x0000000080000000, 0x0000000100000000)
  region size 1024K, 7 young (7168K), 7 survivors (7168K)
 Metaspace       used 179336K, committed 180608K, reserved 1245184K
  class space    used 23572K, committed 24192K, reserved 1048576K
}
Event: 436.416 GC heap before
{Heap before GC invocations=101 (full 0):
 garbage-first heap   total 491520K, used 386048K [0x0000000080000000, 0x0000000100000000)
  region size 1024K, 41 young (41984K), 7 survivors (7168K)
 Metaspace       used 179336K, committed 180608K, reserved 1245184K
  class space    used 23572K, committed 24192K, reserved 1048576K
}
Event: 436.487 GC heap after
{Heap after GC invocations=102 (full 0):
 garbage-first heap   total 491520K, used 387072K [0x0000000080000000, 0x0000000100000000)
  region size 1024K, 6 young (6144K), 6 survivors (6144K)
 Metaspace       used 179336K, committed 180608K, reserved 1245184K
  class space    used 23572K, committed 24192K, reserved 1048576K
}

