# JRE version: OpenJDK Runtime Environment (17.0.9) (build 17.0.9+0--11185874)
# Java VM: OpenJDK 64-Bit Server VM (17.0.9+0--11185874, mixed mode, tiered, compressed oops, compressed class ptrs, g1 gc, windows-amd64)
GC Precious Log:
 CPUs: 4 total, 4 available
 Memory: 4015M
 Large Page Support: Disabled
 NUMA Support: Disabled
 Compressed Oops: Enabled (32-bit)
 Heap Region Size: 1M
 Heap Min Capacity: 8M
 Heap Initial Capacity: 64M
 Heap Max Capacity: 2G
 Pre-touch: Disabled
 Parallel Workers: 4
 Concurrent Workers: 1
 Concurrent Refinement Workers: 4
 Periodic GC: Disabled
Heap:
 garbage-first heap   total 455680K, used 309675K [0x0000000080000000, 0x0000000100000000)
  region size 1024K, 4 young (4096K), 4 survivors (4096K)
 Metaspace       used 236211K, committed 237632K, reserved 1310720K
  class space    used 29908K, committed 30592K, reserved 1048576K
GC Heap History (20 events):
Event: 650.669 GC heap after
{Heap after GC invocations=155 (full 0):
 garbage-first heap   total 455680K, used 275866K [0x0000000080000000, 0x0000000100000000)
  region size 1024K, 11 young (11264K), 11 survivors (11264K)
 Metaspace       used 217928K, committed 219072K, reserved 1245184K
  class space    used 27868K, committed 28416K, reserved 1048576K
}
Event: 1066.710 GC heap before
{Heap before GC invocations=155 (full 0):
 garbage-first heap   total 455680K, used 390554K [0x0000000080000000, 0x0000000100000000)
  region size 1024K, 124 young (126976K), 11 survivors (11264K)
 Metaspace       used 223248K, committed 224512K, reserved 1245184K
  class space    used 28374K, committed 28992K, reserved 1048576K
}
Event: 1068.563 GC heap after
{Heap after GC invocations=156 (full 0):
 garbage-first heap   total 455680K, used 278011K [0x0000000080000000, 0x0000000100000000)
  region size 1024K, 9 young (9216K), 9 survivors (9216K)
 Metaspace       used 223248K, committed 224512K, reserved 1245184K
  class space    used 28374K, committed 28992K, reserved 1048576K
}
Event: 1068.959 GC heap before
{Heap before GC invocations=156 (full 0):
 garbage-first heap   total 455680K, used 291323K [0x0000000080000000, 0x0000000100000000)
  region size 1024K, 22 young (22528K), 9 survivors (9216K)
 Metaspace       used 223248K, committed 224512K, reserved 1245184K
  class space    used 28374K, committed 28992K, reserved 1048576K
}
Event: 1069.064 GC heap after
{Heap after GC invocations=157 (full 0):
 garbage-first heap   total 455680K, used 279231K [0x0000000080000000, 0x0000000100000000)
  region size 1024K, 2 young (2048K), 2 survivors (2048K)
 Metaspace       used 223248K, committed 224512K, reserved 1245184K
  class space    used 28374K, committed 28992K, reserved 1048576K
}
Event: 1070.237 GC heap before
{Heap before GC invocations=157 (full 0):
 garbage-first heap   total 455680K, used 319167K [0x0000000080000000, 0x0000000100000000)
  region size 1024K, 41 young (41984K), 2 survivors (2048K)
 Metaspace       used 223338K, committed 224640K, reserved 1245184K
  class space    used 28381K, committed 28992K, reserved 1048576K
}
Event: 1070.244 GC heap after
{Heap after GC invocations=158 (full 0):
 garbage-first heap   total 455680K, used 278788K [0x0000000080000000, 0x0000000100000000)
  region size 1024K, 1 young (1024K), 1 survivors (1024K)
 Metaspace       used 223338K, committed 224640K, reserved 1245184K
  class space    used 28381K, committed 28992K, reserved 1048576K
}
Event: 1081.443 GC heap before
{Heap before GC invocations=158 (full 0):
 garbage-first heap   total 455680K, used 398596K [0x0000000080000000, 0x0000000100000000)
  region size 1024K, 117 young (119808K), 1 survivors (1024K)
 Metaspace       used 230540K, committed 231872K, reserved 1310720K
  class space    used 29155K, committed 29824K, reserved 1048576K
}
Event: 1081.491 GC heap after
{Heap after GC invocations=159 (full 0):
 garbage-first heap   total 455680K, used 286504K [0x0000000080000000, 0x0000000100000000)
  region size 1024K, 9 young (9216K), 9 survivors (9216K)
 Metaspace       used 230540K, committed 231872K, reserved 1310720K
  class space    used 29155K, committed 29824K, reserved 1048576K
}
Event: 1084.445 GC heap before
{Heap before GC invocations=159 (full 0):
 garbage-first heap   total 455680K, used 325416K [0x0000000080000000, 0x0000000100000000)
  region size 1024K, 47 young (48128K), 9 survivors (9216K)
 Metaspace       used 231402K, committed 232704K, reserved 1310720K
  class space    used 29249K, committed 29888K, reserved 1048576K
}
Event: 1084.643 GC heap after
{Heap after GC invocations=160 (full 0):
 garbage-first heap   total 455680K, used 290742K [0x0000000080000000, 0x0000000100000000)
  region size 1024K, 5 young (5120K), 5 survivors (5120K)
 Metaspace       used 231402K, committed 232704K, reserved 1310720K
  class space    used 29249K, committed 29888K, reserved 1048576K
}
Event: 1160.520 GC heap before
{Heap before GC invocations=160 (full 0):
 garbage-first heap   total 455680K, used 369590K [0x0000000080000000, 0x0000000100000000)
  region size 1024K, 82 young (83968K), 5 survivors (5120K)
 Metaspace       used 233671K, committed 235008K, reserved 1310720K
  class space    used 29543K, committed 30208K, reserved 1048576K
}
Event: 1161.076 GC heap after
{Heap after GC invocations=161 (full 0):
 garbage-first heap   total 455680K, used 296447K [0x0000000080000000, 0x0000000100000000)
  region size 1024K, 10 young (10240K), 10 survivors (10240K)
 Metaspace       used 233671K, committed 235008K, reserved 1310720K
  class space    used 29543K, committed 30208K, reserved 1048576K
}
Event: 1162.764 GC heap before
{Heap before GC invocations=161 (full 0):
 garbage-first heap   total 455680K, used 308735K [0x0000000080000000, 0x0000000100000000)
  region size 1024K, 22 young (22528K), 10 survivors (10240K)
 Metaspace       used 234074K, committed 235456K, reserved 1310720K
  class space    used 29605K, committed 30272K, reserved 1048576K
}
Event: 1162.870 GC heap after
{Heap after GC invocations=162 (full 0):
 garbage-first heap   total 455680K, used 298270K [0x0000000080000000, 0x0000000100000000)
  region size 1024K, 3 young (3072K), 3 survivors (3072K)
 Metaspace       used 234074K, committed 235456K, reserved 1310720K
  class space    used 29605K, committed 30272K, reserved 1048576K
}
Event: 1165.321 GC heap before
{Heap before GC invocations=162 (full 0):
 garbage-first heap   total 455680K, used 328990K [0x0000000080000000, 0x0000000100000000)
  region size 1024K, 33 young (33792K), 3 survivors (3072K)
 Metaspace       used 235243K, committed 236736K, reserved 1310720K
  class space    used 29761K, committed 30464K, reserved 1048576K
}
Event: 1165.388 GC heap after
{Heap after GC invocations=163 (full 0):
 garbage-first heap   total 455680K, used 300401K [0x0000000080000000, 0x0000000100000000)
  region size 1024K, 5 young (5120K), 5 survivors (5120K)
 Metaspace       used 235243K, committed 236736K, reserved 1310720K
  class space    used 29761K, committed 30464K, reserved 1048576K
}
Event: 1166.877 GC heap before
{Heap before GC invocations=163 (full 0):
 garbage-first heap   total 455680K, used 331121K [0x0000000080000000, 0x0000000100000000)
  region size 1024K, 35 young (35840K), 5 survivors (5120K)
 Metaspace       used 235305K, committed 236736K, reserved 1310720K
  class space    used 29766K, committed 30464K, reserved 1048576K
}
Event: 1167.009 GC heap after
{Heap after GC invocations=164 (full 0):
 garbage-first heap   total 455680K, used 305689K [0x0000000080000000, 0x0000000100000000)
  region size 1024K, 5 young (5120K), 5 survivors (5120K)
 Metaspace       used 235305K, committed 236736K, reserved 1310720K
  class space    used 29766K, committed 30464K, reserved 1048576K
}
Event: 1171.529 GC heap before
{Heap before GC invocations=164 (full 0):
 garbage-first heap   total 455680K, used 339481K [0x0000000080000000, 0x0000000100000000)
  region size 1024K, 39 young (39936K), 5 survivors (5120K)
 Metaspace       used 236211K, committed 237632K, reserved 1310720K
  class space    used 29908K, committed 30592K, reserved 1048576K
}

