# JRE version: OpenJDK Runtime Environment (17.0.9) (build 17.0.9+0--11185874)
# Java VM: OpenJDK 64-Bit Server VM (17.0.9+0--11185874, mixed mode, tiered, compressed oops, compressed class ptrs, g1 gc, windows-amd64)
GC Precious Log:
 CPUs: 4 total, 4 available
 Memory: 4015M
 Large Page Support: Disabled
 NUMA Support: Disabled
 Compressed Oops: Enabled (32-bit)
 Heap Region Size: 1M
 Heap Min Capacity: 8M
 Heap Initial Capacity: 64M
 Heap Max Capacity: 2G
 Pre-touch: Disabled
 Parallel Workers: 4
 Concurrent Workers: 1
 Concurrent Refinement Workers: 4
 Periodic GC: Disabled
Heap:
 garbage-first heap   total 165888K, used 153338K [0x0000000080000000, 0x0000000100000000)
  region size 1024K, 1 young (1024K), 1 survivors (1024K)
 Metaspace       used 120228K, committed 121024K, reserved 1179648K
  class space    used 16053K, committed 16384K, reserved 1048576K
GC Heap History (20 events):
Event: 73.317 GC heap after
{Heap after GC invocations=60 (full 0):
 garbage-first heap   total 138240K, used 86499K [0x0000000080000000, 0x0000000100000000)
  region size 1024K, 2 young (2048K), 2 survivors (2048K)
 Metaspace       used 98623K, committed 99392K, reserved 1179648K
  class space    used 13488K, committed 13824K, reserved 1048576K
}
Event: 75.265 GC heap before
{Heap before GC invocations=60 (full 0):
 garbage-first heap   total 138240K, used 115171K [0x0000000080000000, 0x0000000100000000)
  region size 1024K, 31 young (31744K), 2 survivors (2048K)
 Metaspace       used 103663K, committed 104448K, reserved 1179648K
  class space    used 14157K, committed 14528K, reserved 1048576K
}
Event: 75.277 GC heap after
{Heap after GC invocations=61 (full 0):
 garbage-first heap   total 138240K, used 88675K [0x0000000080000000, 0x0000000100000000)
  region size 1024K, 4 young (4096K), 4 survivors (4096K)
 Metaspace       used 103663K, committed 104448K, reserved 1179648K
  class space    used 14157K, committed 14528K, reserved 1048576K
}
Event: 77.512 GC heap before
{Heap before GC invocations=61 (full 0):
 garbage-first heap   total 138240K, used 117347K [0x0000000080000000, 0x0000000100000000)
  region size 1024K, 31 young (31744K), 4 survivors (4096K)
 Metaspace       used 105838K, committed 106688K, reserved 1179648K
  class space    used 14398K, committed 14784K, reserved 1048576K
}
Event: 77.535 GC heap after
{Heap after GC invocations=62 (full 0):
 garbage-first heap   total 138240K, used 96185K [0x0000000080000000, 0x0000000100000000)
  region size 1024K, 4 young (4096K), 4 survivors (4096K)
 Metaspace       used 105838K, committed 106688K, reserved 1179648K
  class space    used 14398K, committed 14784K, reserved 1048576K
}
Event: 78.691 GC heap before
{Heap before GC invocations=62 (full 0):
 garbage-first heap   total 138240K, used 113593K [0x0000000080000000, 0x0000000100000000)
  region size 1024K, 22 young (22528K), 4 survivors (4096K)
 Metaspace       used 106301K, committed 107136K, reserved 1179648K
  class space    used 14435K, committed 14848K, reserved 1048576K
}
Event: 78.714 GC heap after
{Heap after GC invocations=63 (full 0):
 garbage-first heap   total 165888K, used 101660K [0x0000000080000000, 0x0000000100000000)
  region size 1024K, 3 young (3072K), 3 survivors (3072K)
 Metaspace       used 106301K, committed 107136K, reserved 1179648K
  class space    used 14435K, committed 14848K, reserved 1048576K
}
Event: 80.614 GC heap before
{Heap before GC invocations=63 (full 0):
 garbage-first heap   total 165888K, used 132380K [0x0000000080000000, 0x0000000100000000)
  region size 1024K, 32 young (32768K), 3 survivors (3072K)
 Metaspace       used 111601K, committed 112384K, reserved 1179648K
  class space    used 14993K, committed 15360K, reserved 1048576K
}
Event: 80.629 GC heap after
{Heap after GC invocations=64 (full 0):
 garbage-first heap   total 165888K, used 103218K [0x0000000080000000, 0x0000000100000000)
  region size 1024K, 2 young (2048K), 2 survivors (2048K)
 Metaspace       used 111601K, committed 112384K, reserved 1179648K
  class space    used 14993K, committed 15360K, reserved 1048576K
}
Event: 82.563 GC heap before
{Heap before GC invocations=64 (full 0):
 garbage-first heap   total 165888K, used 133938K [0x0000000080000000, 0x0000000100000000)
  region size 1024K, 32 young (32768K), 2 survivors (2048K)
 Metaspace       used 116764K, committed 117632K, reserved 1179648K
  class space    used 15664K, committed 16064K, reserved 1048576K
}
Event: 82.572 GC heap after
{Heap after GC invocations=65 (full 0):
 garbage-first heap   total 165888K, used 104419K [0x0000000080000000, 0x0000000100000000)
  region size 1024K, 3 young (3072K), 3 survivors (3072K)
 Metaspace       used 116764K, committed 117632K, reserved 1179648K
  class space    used 15664K, committed 16064K, reserved 1048576K
}
Event: 84.825 GC heap before
{Heap before GC invocations=65 (full 0):
 garbage-first heap   total 165888K, used 136163K [0x0000000080000000, 0x0000000100000000)
  region size 1024K, 34 young (34816K), 3 survivors (3072K)
 Metaspace       used 120067K, committed 120896K, reserved 1179648K
  class space    used 16038K, committed 16384K, reserved 1048576K
}
Event: 84.844 GC heap after
{Heap after GC invocations=66 (full 0):
 garbage-first heap   total 165888K, used 115573K [0x0000000080000000, 0x0000000100000000)
  region size 1024K, 5 young (5120K), 5 survivors (5120K)
 Metaspace       used 120067K, committed 120896K, reserved 1179648K
  class space    used 16038K, committed 16384K, reserved 1048576K
}
Event: 85.646 GC heap before
{Heap before GC invocations=66 (full 0):
 garbage-first heap   total 165888K, used 131957K [0x0000000080000000, 0x0000000100000000)
  region size 1024K, 21 young (21504K), 5 survivors (5120K)
 Metaspace       used 120226K, committed 121024K, reserved 1179648K
  class space    used 16053K, committed 16384K, reserved 1048576K
}
Event: 85.671 GC heap after
{Heap after GC invocations=67 (full 0):
 garbage-first heap   total 165888K, used 132060K [0x0000000080000000, 0x0000000100000000)
  region size 1024K, 3 young (3072K), 3 survivors (3072K)
 Metaspace       used 120226K, committed 121024K, reserved 1179648K
  class space    used 16053K, committed 16384K, reserved 1048576K
}
Event: 85.781 GC heap before
{Heap before GC invocations=67 (full 0):
 garbage-first heap   total 165888K, used 137180K [0x0000000080000000, 0x0000000100000000)
  region size 1024K, 8 young (8192K), 3 survivors (3072K)
 Metaspace       used 120226K, committed 121024K, reserved 1179648K
  class space    used 16053K, committed 16384K, reserved 1048576K
}
Event: 85.798 GC heap after
{Heap after GC invocations=68 (full 0):
 garbage-first heap   total 165888K, used 137728K [0x0000000080000000, 0x0000000100000000)
  region size 1024K, 1 young (1024K), 1 survivors (1024K)
 Metaspace       used 120226K, committed 121024K, reserved 1179648K
  class space    used 16053K, committed 16384K, reserved 1048576K
}
Event: 85.914 GC heap before
{Heap before GC invocations=68 (full 0):
 garbage-first heap   total 165888K, used 144896K [0x0000000080000000, 0x0000000100000000)
  region size 1024K, 8 young (8192K), 1 survivors (1024K)
 Metaspace       used 120228K, committed 121024K, reserved 1179648K
  class space    used 16053K, committed 16384K, reserved 1048576K
}
Event: 85.928 GC heap after
{Heap after GC invocations=69 (full 0):
 garbage-first heap   total 165888K, used 145862K [0x0000000080000000, 0x0000000100000000)
  region size 1024K, 1 young (1024K), 1 survivors (1024K)
 Metaspace       used 120228K, committed 121024K, reserved 1179648K
  class space    used 16053K, committed 16384K, reserved 1048576K
}
Event: 86.029 GC heap before
{Heap before GC invocations=69 (full 0):
 garbage-first heap   total 165888K, used 153030K [0x0000000080000000, 0x0000000100000000)
  region size 1024K, 8 young (8192K), 1 survivors (1024K)
 Metaspace       used 120228K, committed 121024K, reserved 1179648K
  class space    used 16053K, committed 16384K, reserved 1048576K
}

