# JRE version: OpenJDK Runtime Environment (17.0.9) (build 17.0.9+0--11185874)
# Java VM: OpenJDK 64-Bit Server VM (17.0.9+0--11185874, mixed mode, tiered, compressed oops, compressed class ptrs, g1 gc, windows-amd64)
GC Precious Log:
 CPUs: 4 total, 4 available
 Memory: 4015M
 Large Page Support: Disabled
 NUMA Support: Disabled
 Compressed Oops: Enabled (32-bit)
 Heap Region Size: 1M
 Heap Min Capacity: 8M
 Heap Initial Capacity: 64M
 Heap Max Capacity: 2G
 Pre-touch: Disabled
 Parallel Workers: 4
 Concurrent Workers: 1
 Concurrent Refinement Workers: 4
 Periodic GC: Disabled
Heap:
 garbage-first heap   total 283648K, used 219648K [0x0000000080000000, 0x0000000100000000)
  region size 1024K, 3 young (3072K), 3 survivors (3072K)
 Metaspace       used 129983K, committed 130816K, reserved 1179648K
  class space    used 17361K, committed 17728K, reserved 1048576K
GC Heap History (20 events):
Event: 121.538 GC heap after
{Heap after GC invocations=53 (full 0):
 garbage-first heap   total 167936K, used 112920K [0x0000000080000000, 0x0000000100000000)
  region size 1024K, 4 young (4096K), 4 survivors (4096K)
 Metaspace       used 114392K, committed 115200K, reserved 1179648K
  class space    used 15301K, committed 15680K, reserved 1048576K
}
Event: 123.156 GC heap before
{Heap before GC invocations=53 (full 0):
 garbage-first heap   total 167936K, used 137496K [0x0000000080000000, 0x0000000100000000)
  region size 1024K, 28 young (28672K), 4 survivors (4096K)
 Metaspace       used 118386K, committed 119168K, reserved 1179648K
  class space    used 15814K, committed 16192K, reserved 1048576K
}
Event: 123.173 GC heap after
{Heap after GC invocations=54 (full 0):
 garbage-first heap   total 167936K, used 113664K [0x0000000080000000, 0x0000000100000000)
  region size 1024K, 1 young (1024K), 1 survivors (1024K)
 Metaspace       used 118386K, committed 119168K, reserved 1179648K
  class space    used 15814K, committed 16192K, reserved 1048576K
}
Event: 123.918 GC heap before
{Heap before GC invocations=54 (full 0):
 garbage-first heap   total 167936K, used 121856K [0x0000000080000000, 0x0000000100000000)
  region size 1024K, 10 young (10240K), 1 survivors (1024K)
 Metaspace       used 119890K, committed 120640K, reserved 1179648K
  class space    used 16001K, committed 16320K, reserved 1048576K
}
Event: 123.925 GC heap after
{Heap after GC invocations=55 (full 0):
 garbage-first heap   total 167936K, used 114166K [0x0000000080000000, 0x0000000100000000)
  region size 1024K, 2 young (2048K), 2 survivors (2048K)
 Metaspace       used 119890K, committed 120640K, reserved 1179648K
  class space    used 16001K, committed 16320K, reserved 1048576K
}
Event: 125.752 GC heap before
{Heap before GC invocations=56 (full 0):
 garbage-first heap   total 203776K, used 139766K [0x0000000080000000, 0x0000000100000000)
  region size 1024K, 28 young (28672K), 2 survivors (2048K)
 Metaspace       used 123600K, committed 124352K, reserved 1179648K
  class space    used 16511K, committed 16832K, reserved 1048576K
}
Event: 125.763 GC heap after
{Heap after GC invocations=57 (full 0):
 garbage-first heap   total 203776K, used 114961K [0x0000000080000000, 0x0000000100000000)
  region size 1024K, 3 young (3072K), 3 survivors (3072K)
 Metaspace       used 123600K, committed 124352K, reserved 1179648K
  class space    used 16511K, committed 16832K, reserved 1048576K
}
Event: 126.416 GC heap before
{Heap before GC invocations=57 (full 0):
 garbage-first heap   total 203776K, used 121105K [0x0000000080000000, 0x0000000100000000)
  region size 1024K, 9 young (9216K), 3 survivors (3072K)
 Metaspace       used 124098K, committed 124864K, reserved 1179648K
  class space    used 16557K, committed 16896K, reserved 1048576K
}
Event: 126.429 GC heap after
{Heap after GC invocations=58 (full 0):
 garbage-first heap   total 203776K, used 116736K [0x0000000080000000, 0x0000000100000000)
  region size 1024K, 2 young (2048K), 2 survivors (2048K)
 Metaspace       used 124098K, committed 124864K, reserved 1179648K
  class space    used 16557K, committed 16896K, reserved 1048576K
}
Event: 127.733 GC heap before
{Heap before GC invocations=58 (full 0):
 garbage-first heap   total 203776K, used 165888K [0x0000000080000000, 0x0000000100000000)
  region size 1024K, 50 young (51200K), 2 survivors (2048K)
 Metaspace       used 124173K, committed 124928K, reserved 1179648K
  class space    used 16565K, committed 16896K, reserved 1048576K
}
Event: 127.815 GC heap after
{Heap after GC invocations=59 (full 0):
 garbage-first heap   total 216064K, used 163993K [0x0000000080000000, 0x0000000100000000)
  region size 1024K, 7 young (7168K), 7 survivors (7168K)
 Metaspace       used 124173K, committed 124928K, reserved 1179648K
  class space    used 16565K, committed 16896K, reserved 1048576K
}
Event: 128.777 GC heap before
{Heap before GC invocations=60 (full 0):
 garbage-first heap   total 283648K, used 172185K [0x0000000080000000, 0x0000000100000000)
  region size 1024K, 15 young (15360K), 7 survivors (7168K)
 Metaspace       used 124584K, committed 125376K, reserved 1179648K
  class space    used 16604K, committed 16960K, reserved 1048576K
}
Event: 128.812 GC heap after
{Heap after GC invocations=61 (full 0):
 garbage-first heap   total 283648K, used 167936K [0x0000000080000000, 0x0000000100000000)
  region size 1024K, 2 young (2048K), 2 survivors (2048K)
 Metaspace       used 124584K, committed 125376K, reserved 1179648K
  class space    used 16604K, committed 16960K, reserved 1048576K
}
Event: 129.584 GC heap before
{Heap before GC invocations=61 (full 0):
 garbage-first heap   total 283648K, used 178176K [0x0000000080000000, 0x0000000100000000)
  region size 1024K, 13 young (13312K), 2 survivors (2048K)
 Metaspace       used 126302K, committed 127168K, reserved 1179648K
  class space    used 16885K, committed 17280K, reserved 1048576K
}
Event: 129.596 GC heap after
{Heap after GC invocations=62 (full 0):
 garbage-first heap   total 283648K, used 168157K [0x0000000080000000, 0x0000000100000000)
  region size 1024K, 1 young (1024K), 1 survivors (1024K)
 Metaspace       used 126302K, committed 127168K, reserved 1179648K
  class space    used 16885K, committed 17280K, reserved 1048576K
}
Event: 131.157 GC heap before
{Heap before GC invocations=62 (full 0):
 garbage-first heap   total 283648K, used 201949K [0x0000000080000000, 0x0000000100000000)
  region size 1024K, 33 young (33792K), 1 survivors (1024K)
 Metaspace       used 129602K, committed 130368K, reserved 1179648K
  class space    used 17328K, committed 17664K, reserved 1048576K
}
Event: 131.171 GC heap after
{Heap after GC invocations=63 (full 0):
 garbage-first heap   total 283648K, used 170942K [0x0000000080000000, 0x0000000100000000)
  region size 1024K, 4 young (4096K), 4 survivors (4096K)
 Metaspace       used 129602K, committed 130368K, reserved 1179648K
  class space    used 17328K, committed 17664K, reserved 1048576K
}
Event: 132.417 GC heap before
{Heap before GC invocations=63 (full 0):
 garbage-first heap   total 283648K, used 206782K [0x0000000080000000, 0x0000000100000000)
  region size 1024K, 39 young (39936K), 4 survivors (4096K)
 Metaspace       used 129983K, committed 130816K, reserved 1179648K
  class space    used 17361K, committed 17728K, reserved 1048576K
}
Event: 132.470 GC heap after
{Heap after GC invocations=64 (full 0):
 garbage-first heap   total 283648K, used 199292K [0x0000000080000000, 0x0000000100000000)
  region size 1024K, 5 young (5120K), 5 survivors (5120K)
 Metaspace       used 129983K, committed 130816K, reserved 1179648K
  class space    used 17361K, committed 17728K, reserved 1048576K
}
Event: 132.539 GC heap before
{Heap before GC invocations=64 (full 0):
 garbage-first heap   total 283648K, used 218748K [0x0000000080000000, 0x0000000100000000)
  region size 1024K, 24 young (24576K), 5 survivors (5120K)
 Metaspace       used 129983K, committed 130816K, reserved 1179648K
  class space    used 17361K, committed 17728K, reserved 1048576K
}

