# JRE version: OpenJDK Runtime Environment (17.0.9) (build 17.0.9+0--11185874)
# Java VM: OpenJDK 64-Bit Server VM (17.0.9+0--11185874, mixed mode, tiered, compressed oops, compressed class ptrs, g1 gc, windows-amd64)
GC Precious Log:
 CPUs: 4 total, 4 available
 Memory: 4015M
 Large Page Support: Disabled
 NUMA Support: Disabled
 Compressed Oops: Enabled (32-bit)
 Heap Region Size: 1M
 Heap Min Capacity: 8M
 Heap Initial Capacity: 64M
 Heap Max Capacity: 2G
 Pre-touch: Disabled
 Parallel Workers: 4
 Concurrent Workers: 1
 Concurrent Refinement Workers: 4
 Periodic GC: Disabled
Heap:
 garbage-first heap   total 424960K, used 340198K [0x0000000080000000, 0x0000000100000000)
  region size 1024K, 4 young (4096K), 4 survivors (4096K)
 Metaspace       used 148818K, committed 149696K, reserved 1179648K
  class space    used 20136K, committed 20544K, reserved 1048576K
GC Heap History (20 events):
Event: 115.040 GC heap after
{Heap after GC invocations=82 (full 0):
 garbage-first heap   total 424960K, used 224214K [0x0000000080000000, 0x0000000100000000)
  region size 1024K, 5 young (5120K), 5 survivors (5120K)
 Metaspace       used 144863K, committed 145664K, reserved 1179648K
  class space    used 19690K, committed 20096K, reserved 1048576K
}
Event: 119.778 GC heap before
{Heap before GC invocations=82 (full 0):
 garbage-first heap   total 424960K, used 323542K [0x0000000080000000, 0x0000000100000000)
  region size 1024K, 103 young (105472K), 5 survivors (5120K)
 Metaspace       used 145228K, committed 146048K, reserved 1179648K
  class space    used 19699K, committed 20096K, reserved 1048576K
}
Event: 119.806 GC heap after
{Heap after GC invocations=83 (full 0):
 garbage-first heap   total 424960K, used 228021K [0x0000000080000000, 0x0000000100000000)
  region size 1024K, 9 young (9216K), 9 survivors (9216K)
 Metaspace       used 145228K, committed 146048K, reserved 1179648K
  class space    used 19699K, committed 20096K, reserved 1048576K
}
Event: 122.977 GC heap before
{Heap before GC invocations=83 (full 0):
 garbage-first heap   total 424960K, used 330421K [0x0000000080000000, 0x0000000100000000)
  region size 1024K, 110 young (112640K), 9 survivors (9216K)
 Metaspace       used 145325K, committed 146176K, reserved 1179648K
  class space    used 19701K, committed 20096K, reserved 1048576K
}
Event: 122.999 GC heap after
{Heap after GC invocations=84 (full 0):
 garbage-first heap   total 424960K, used 227096K [0x0000000080000000, 0x0000000100000000)
  region size 1024K, 6 young (6144K), 6 survivors (6144K)
 Metaspace       used 145325K, committed 146176K, reserved 1179648K
  class space    used 19701K, committed 20096K, reserved 1048576K
}
Event: 126.236 GC heap before
{Heap before GC invocations=84 (full 0):
 garbage-first heap   total 424960K, used 335640K [0x0000000080000000, 0x0000000100000000)
  region size 1024K, 112 young (114688K), 6 survivors (6144K)
 Metaspace       used 145429K, committed 146240K, reserved 1179648K
  class space    used 19707K, committed 20096K, reserved 1048576K
}
Event: 126.254 GC heap after
{Heap after GC invocations=85 (full 0):
 garbage-first heap   total 424960K, used 226376K [0x0000000080000000, 0x0000000100000000)
  region size 1024K, 5 young (5120K), 5 survivors (5120K)
 Metaspace       used 145429K, committed 146240K, reserved 1179648K
  class space    used 19707K, committed 20096K, reserved 1048576K
}
Event: 130.157 GC heap before
{Heap before GC invocations=85 (full 0):
 garbage-first heap   total 424960K, used 323656K [0x0000000080000000, 0x0000000100000000)
  region size 1024K, 65 young (66560K), 5 survivors (5120K)
 Metaspace       used 147482K, committed 148416K, reserved 1179648K
  class space    used 19984K, committed 20416K, reserved 1048576K
}
Event: 130.176 GC heap after
{Heap after GC invocations=86 (full 0):
 garbage-first heap   total 424960K, used 258642K [0x0000000080000000, 0x0000000100000000)
  region size 1024K, 12 young (12288K), 12 survivors (12288K)
 Metaspace       used 147482K, committed 148416K, reserved 1179648K
  class space    used 19984K, committed 20416K, reserved 1048576K
}
Event: 135.512 GC heap before
{Heap before GC invocations=86 (full 0):
 garbage-first heap   total 424960K, used 355922K [0x0000000080000000, 0x0000000100000000)
  region size 1024K, 103 young (105472K), 12 survivors (12288K)
 Metaspace       used 148476K, committed 149376K, reserved 1179648K
  class space    used 20111K, committed 20544K, reserved 1048576K
}
Event: 135.719 GC heap after
{Heap after GC invocations=87 (full 0):
 garbage-first heap   total 424960K, used 293154K [0x0000000080000000, 0x0000000100000000)
  region size 1024K, 13 young (13312K), 13 survivors (13312K)
 Metaspace       used 148476K, committed 149376K, reserved 1179648K
  class space    used 20111K, committed 20544K, reserved 1048576K
}
Event: 136.960 GC heap before
{Heap before GC invocations=87 (full 0):
 garbage-first heap   total 424960K, used 344354K [0x0000000080000000, 0x0000000100000000)
  region size 1024K, 63 young (64512K), 13 survivors (13312K)
 Metaspace       used 148489K, committed 149376K, reserved 1179648K
  class space    used 20111K, committed 20544K, reserved 1048576K
}
Event: 137.124 GC heap after
{Heap after GC invocations=88 (full 0):
 garbage-first heap   total 424960K, used 320000K [0x0000000080000000, 0x0000000100000000)
  region size 1024K, 8 young (8192K), 8 survivors (8192K)
 Metaspace       used 148489K, committed 149376K, reserved 1179648K
  class space    used 20111K, committed 20544K, reserved 1048576K
}
Event: 138.361 GC heap before
{Heap before GC invocations=88 (full 0):
 garbage-first heap   total 424960K, used 349696K [0x0000000080000000, 0x0000000100000000)
  region size 1024K, 37 young (37888K), 8 survivors (8192K)
 Metaspace       used 148731K, committed 149632K, reserved 1179648K
  class space    used 20131K, committed 20544K, reserved 1048576K
}
Event: 138.421 GC heap after
{Heap after GC invocations=89 (full 0):
 garbage-first heap   total 424960K, used 327680K [0x0000000080000000, 0x0000000100000000)
  region size 1024K, 5 young (5120K), 5 survivors (5120K)
 Metaspace       used 148731K, committed 149632K, reserved 1179648K
  class space    used 20131K, committed 20544K, reserved 1048576K
}
Event: 138.983 GC heap before
{Heap before GC invocations=89 (full 0):
 garbage-first heap   total 424960K, used 354304K [0x0000000080000000, 0x0000000100000000)
  region size 1024K, 32 young (32768K), 5 survivors (5120K)
 Metaspace       used 148801K, committed 149696K, reserved 1179648K
  class space    used 20136K, committed 20544K, reserved 1048576K
}
Event: 139.007 GC heap after
{Heap after GC invocations=90 (full 0):
 garbage-first heap   total 424960K, used 332288K [0x0000000080000000, 0x0000000100000000)
  region size 1024K, 4 young (4096K), 4 survivors (4096K)
 Metaspace       used 148801K, committed 149696K, reserved 1179648K
  class space    used 20136K, committed 20544K, reserved 1048576K
}
Event: 139.502 GC heap before
{Heap before GC invocations=90 (full 0):
 garbage-first heap   total 424960K, used 358912K [0x0000000080000000, 0x0000000100000000)
  region size 1024K, 30 young (30720K), 4 survivors (4096K)
 Metaspace       used 148809K, committed 149696K, reserved 1179648K
  class space    used 20136K, committed 20544K, reserved 1048576K
}
Event: 139.522 GC heap after
{Heap after GC invocations=91 (full 0):
 garbage-first heap   total 424960K, used 335524K [0x0000000080000000, 0x0000000100000000)
  region size 1024K, 3 young (3072K), 3 survivors (3072K)
 Metaspace       used 148809K, committed 149696K, reserved 1179648K
  class space    used 20136K, committed 20544K, reserved 1048576K
}
Event: 140.304 GC heap before
{Heap before GC invocations=91 (full 0):
 garbage-first heap   total 424960K, used 364196K [0x0000000080000000, 0x0000000100000000)
  region size 1024K, 29 young (29696K), 3 survivors (3072K)
 Metaspace       used 148818K, committed 149696K, reserved 1179648K
  class space    used 20136K, committed 20544K, reserved 1048576K
}

