# JRE version: OpenJDK Runtime Environment (17.0.9) (build 17.0.9+0--11185874)
# Java VM: OpenJDK 64-Bit Server VM (17.0.9+0--11185874, mixed mode, tiered, compressed oops, compressed class ptrs, g1 gc, windows-amd64)
GC Precious Log:
 CPUs: 4 total, 4 available
 Memory: 4015M
 Large Page Support: Disabled
 NUMA Support: Disabled
 Compressed Oops: Enabled (32-bit)
 Heap Region Size: 1M
 Heap Min Capacity: 8M
 Heap Initial Capacity: 64M
 Heap Max Capacity: 2G
 Pre-touch: Disabled
 Parallel Workers: 4
 Concurrent Workers: 1
 Concurrent Refinement Workers: 4
 Periodic GC: Disabled
Heap:
 garbage-first heap   total 377856K, used 336521K [0x0000000080000000, 0x0000000100000000)
  region size 1024K, 1 young (1024K), 1 survivors (1024K)
 Metaspace       used 202662K, committed 203904K, reserved 1245184K
  class space    used 26172K, committed 26752K, reserved 1048576K
GC Heap History (20 events):
Event: 387.510 GC heap after
{Heap after GC invocations=99 (full 0):
 garbage-first heap   total 377856K, used 238592K [0x0000000080000000, 0x0000000100000000)
  region size 1024K, 14 young (14336K), 14 survivors (14336K)
 Metaspace       used 197191K, committed 198272K, reserved 1245184K
  class space    used 25379K, committed 25920K, reserved 1048576K
}
Event: 388.517 GC heap before
{Heap before GC invocations=99 (full 0):
 garbage-first heap   total 377856K, used 326656K [0x0000000080000000, 0x0000000100000000)
  region size 1024K, 87 young (89088K), 14 survivors (14336K)
 Metaspace       used 197203K, committed 198272K, reserved 1245184K
  class space    used 25379K, committed 25920K, reserved 1048576K
}
Event: 388.681 GC heap after
{Heap after GC invocations=100 (full 0):
 garbage-first heap   total 377856K, used 245644K [0x0000000080000000, 0x0000000100000000)
  region size 1024K, 10 young (10240K), 10 survivors (10240K)
 Metaspace       used 197203K, committed 198272K, reserved 1245184K
  class space    used 25379K, committed 25920K, reserved 1048576K
}
Event: 547.469 GC heap before
{Heap before GC invocations=100 (full 0):
 garbage-first heap   total 377856K, used 338828K [0x0000000080000000, 0x0000000100000000)
  region size 1024K, 77 young (78848K), 10 survivors (10240K)
 Metaspace       used 197453K, committed 198592K, reserved 1245184K
  class space    used 25420K, committed 25984K, reserved 1048576K
}
Event: 547.510 GC heap after
{Heap after GC invocations=101 (full 0):
 garbage-first heap   total 377856K, used 253330K [0x0000000080000000, 0x0000000100000000)
  region size 1024K, 5 young (5120K), 5 survivors (5120K)
 Metaspace       used 197453K, committed 198592K, reserved 1245184K
  class space    used 25420K, committed 25984K, reserved 1048576K
}
Event: 860.571 GC heap before
{Heap before GC invocations=101 (full 0):
 garbage-first heap   total 377856K, used 334226K [0x0000000080000000, 0x0000000100000000)
  region size 1024K, 68 young (69632K), 5 survivors (5120K)
 Metaspace       used 199210K, committed 200384K, reserved 1245184K
  class space    used 25697K, committed 26240K, reserved 1048576K
}
Event: 860.870 GC heap after
{Heap after GC invocations=102 (full 0):
 garbage-first heap   total 377856K, used 278935K [0x0000000080000000, 0x0000000100000000)
  region size 1024K, 9 young (9216K), 9 survivors (9216K)
 Metaspace       used 199210K, committed 200384K, reserved 1245184K
  class space    used 25697K, committed 26240K, reserved 1048576K
}
Event: 866.578 GC heap before
{Heap before GC invocations=102 (full 0):
 garbage-first heap   total 377856K, used 330135K [0x0000000080000000, 0x0000000100000000)
  region size 1024K, 39 young (39936K), 9 survivors (9216K)
 Metaspace       used 201212K, committed 202432K, reserved 1245184K
  class space    used 25960K, committed 26560K, reserved 1048576K
}
Event: 866.655 GC heap after
{Heap after GC invocations=103 (full 0):
 garbage-first heap   total 377856K, used 308200K [0x0000000080000000, 0x0000000100000000)
  region size 1024K, 5 young (5120K), 5 survivors (5120K)
 Metaspace       used 201212K, committed 202432K, reserved 1245184K
  class space    used 25960K, committed 26560K, reserved 1048576K
}
Event: 868.335 GC heap before
{Heap before GC invocations=103 (full 0):
 garbage-first heap   total 377856K, used 327656K [0x0000000080000000, 0x0000000100000000)
  region size 1024K, 25 young (25600K), 5 survivors (5120K)
 Metaspace       used 202100K, committed 203264K, reserved 1245184K
  class space    used 26093K, committed 26688K, reserved 1048576K
}
Event: 868.364 GC heap after
{Heap after GC invocations=104 (full 0):
 garbage-first heap   total 377856K, used 311044K [0x0000000080000000, 0x0000000100000000)
  region size 1024K, 3 young (3072K), 3 survivors (3072K)
 Metaspace       used 202100K, committed 203264K, reserved 1245184K
  class space    used 26093K, committed 26688K, reserved 1048576K
}
Event: 869.619 GC heap before
{Heap before GC invocations=104 (full 0):
 garbage-first heap   total 377856K, used 332548K [0x0000000080000000, 0x0000000100000000)
  region size 1024K, 21 young (21504K), 3 survivors (3072K)
 Metaspace       used 202662K, committed 203904K, reserved 1245184K
  class space    used 26172K, committed 26752K, reserved 1048576K
}
Event: 869.669 GC heap after
{Heap after GC invocations=105 (full 0):
 garbage-first heap   total 377856K, used 317011K [0x0000000080000000, 0x0000000100000000)
  region size 1024K, 2 young (2048K), 2 survivors (2048K)
 Metaspace       used 202662K, committed 203904K, reserved 1245184K
  class space    used 26172K, committed 26752K, reserved 1048576K
}
Event: 870.000 GC heap before
{Heap before GC invocations=105 (full 0):
 garbage-first heap   total 377856K, used 333395K [0x0000000080000000, 0x0000000100000000)
  region size 1024K, 18 young (18432K), 2 survivors (2048K)
 Metaspace       used 202662K, committed 203904K, reserved 1245184K
  class space    used 26172K, committed 26752K, reserved 1048576K
}
Event: 870.031 GC heap after
{Heap after GC invocations=106 (full 0):
 garbage-first heap   total 377856K, used 323354K [0x0000000080000000, 0x0000000100000000)
  region size 1024K, 3 young (3072K), 3 survivors (3072K)
 Metaspace       used 202662K, committed 203904K, reserved 1245184K
  class space    used 26172K, committed 26752K, reserved 1048576K
}
Event: 870.285 GC heap before
{Heap before GC invocations=106 (full 0):
 garbage-first heap   total 377856K, used 337690K [0x0000000080000000, 0x0000000100000000)
  region size 1024K, 18 young (18432K), 3 survivors (3072K)
 Metaspace       used 202662K, committed 203904K, reserved 1245184K
  class space    used 26172K, committed 26752K, reserved 1048576K
}
Event: 870.622 GC heap after
{Heap after GC invocations=107 (full 0):
 garbage-first heap   total 377856K, used 329324K [0x0000000080000000, 0x0000000100000000)
  region size 1024K, 3 young (3072K), 3 survivors (3072K)
 Metaspace       used 202662K, committed 203904K, reserved 1245184K
  class space    used 26172K, committed 26752K, reserved 1048576K
}
Event: 871.271 GC heap before
{Heap before GC invocations=107 (full 0):
 garbage-first heap   total 377856K, used 343660K [0x0000000080000000, 0x0000000100000000)
  region size 1024K, 18 young (18432K), 3 survivors (3072K)
 Metaspace       used 202662K, committed 203904K, reserved 1245184K
  class space    used 26172K, committed 26752K, reserved 1048576K
}
Event: 871.346 GC heap after
{Heap after GC invocations=108 (full 0):
 garbage-first heap   total 377856K, used 334848K [0x0000000080000000, 0x0000000100000000)
  region size 1024K, 3 young (3072K), 3 survivors (3072K)
 Metaspace       used 202662K, committed 203904K, reserved 1245184K
  class space    used 26172K, committed 26752K, reserved 1048576K
}
Event: 874.103 GC heap before
{Heap before GC invocations=108 (full 0):
 garbage-first heap   total 377856K, used 349184K [0x0000000080000000, 0x0000000100000000)
  region size 1024K, 18 young (18432K), 3 survivors (3072K)
 Metaspace       used 202662K, committed 203904K, reserved 1245184K
  class space    used 26172K, committed 26752K, reserved 1048576K
}

