# JRE version: OpenJDK Runtime Environment (17.0.9) (build 17.0.9+0--11185874)
# Java VM: OpenJDK 64-Bit Server VM (17.0.9+0--11185874, mixed mode, tiered, compressed oops, compressed class ptrs, g1 gc, windows-amd64)
GC Precious Log:
 CPUs: 4 total, 4 available
 Memory: 4015M
 Large Page Support: Disabled
 NUMA Support: Disabled
 Compressed Oops: Enabled (32-bit)
 Heap Region Size: 1M
 Heap Min Capacity: 8M
 Heap Initial Capacity: 64M
 Heap Max Capacity: 2G
 Pre-touch: Disabled
 Parallel Workers: 4
 Concurrent Workers: 1
 Concurrent Refinement Workers: 4
 Periodic GC: Disabled
Heap:
 garbage-first heap   total 311296K, used 184550K [0x0000000080000000, 0x0000000100000000)
  region size 1024K, 17 young (17408K), 8 survivors (8192K)
 Metaspace       used 118651K, committed 119616K, reserved 1179648K
  class space    used 15717K, committed 16192K, reserved 1048576K
GC Heap History (20 events):
Event: 198.377 GC heap before
{Heap before GC invocations=60 (full 0):
 garbage-first heap   total 223232K, used 192111K [0x0000000080000000, 0x0000000100000000)
  region size 1024K, 27 young (27648K), 3 survivors (3072K)
 Metaspace       used 111050K, committed 112000K, reserved 1179648K
  class space    used 14819K, committed 15296K, reserved 1048576K
}
Event: 198.385 GC heap after
{Heap after GC invocations=61 (full 0):
 garbage-first heap   total 223232K, used 168762K [0x0000000080000000, 0x0000000100000000)
  region size 1024K, 3 young (3072K), 3 survivors (3072K)
 Metaspace       used 111050K, committed 112000K, reserved 1179648K
  class space    used 14819K, committed 15296K, reserved 1048576K
}
Event: 199.562 GC heap before
{Heap before GC invocations=61 (full 0):
 garbage-first heap   total 223232K, used 193338K [0x0000000080000000, 0x0000000100000000)
  region size 1024K, 27 young (27648K), 3 survivors (3072K)
 Metaspace       used 111053K, committed 112000K, reserved 1179648K
  class space    used 14819K, committed 15296K, reserved 1048576K
}
Event: 199.570 GC heap after
{Heap after GC invocations=62 (full 0):
 garbage-first heap   total 223232K, used 170238K [0x0000000080000000, 0x0000000100000000)
  region size 1024K, 3 young (3072K), 3 survivors (3072K)
 Metaspace       used 111053K, committed 112000K, reserved 1179648K
  class space    used 14819K, committed 15296K, reserved 1048576K
}
Event: 200.530 GC heap before
{Heap before GC invocations=62 (full 0):
 garbage-first heap   total 223232K, used 193790K [0x0000000080000000, 0x0000000100000000)
  region size 1024K, 26 young (26624K), 3 survivors (3072K)
 Metaspace       used 111053K, committed 112000K, reserved 1179648K
  class space    used 14819K, committed 15296K, reserved 1048576K
}
Event: 200.538 GC heap after
{Heap after GC invocations=63 (full 0):
 garbage-first heap   total 223232K, used 171316K [0x0000000080000000, 0x0000000100000000)
  region size 1024K, 3 young (3072K), 3 survivors (3072K)
 Metaspace       used 111053K, committed 112000K, reserved 1179648K
  class space    used 14819K, committed 15296K, reserved 1048576K
}
Event: 201.451 GC heap before
{Heap before GC invocations=63 (full 0):
 garbage-first heap   total 223232K, used 194868K [0x0000000080000000, 0x0000000100000000)
  region size 1024K, 26 young (26624K), 3 survivors (3072K)
 Metaspace       used 111053K, committed 112000K, reserved 1179648K
  class space    used 14819K, committed 15296K, reserved 1048576K
}
Event: 201.458 GC heap after
{Heap after GC invocations=64 (full 0):
 garbage-first heap   total 223232K, used 172661K [0x0000000080000000, 0x0000000100000000)
  region size 1024K, 3 young (3072K), 3 survivors (3072K)
 Metaspace       used 111053K, committed 112000K, reserved 1179648K
  class space    used 14819K, committed 15296K, reserved 1048576K
}
Event: 202.501 GC heap before
{Heap before GC invocations=64 (full 0):
 garbage-first heap   total 223232K, used 195189K [0x0000000080000000, 0x0000000100000000)
  region size 1024K, 25 young (25600K), 3 survivors (3072K)
 Metaspace       used 111053K, committed 112000K, reserved 1179648K
  class space    used 14819K, committed 15296K, reserved 1048576K
}
Event: 202.508 GC heap after
{Heap after GC invocations=65 (full 0):
 garbage-first heap   total 223232K, used 173730K [0x0000000080000000, 0x0000000100000000)
  region size 1024K, 3 young (3072K), 3 survivors (3072K)
 Metaspace       used 111053K, committed 112000K, reserved 1179648K
  class space    used 14819K, committed 15296K, reserved 1048576K
}
Event: 202.940 GC heap before
{Heap before GC invocations=65 (full 0):
 garbage-first heap   total 223232K, used 192162K [0x0000000080000000, 0x0000000100000000)
  region size 1024K, 16 young (16384K), 3 survivors (3072K)
 Metaspace       used 111093K, committed 112064K, reserved 1179648K
  class space    used 14829K, committed 15296K, reserved 1048576K
}
Event: 202.956 GC heap after
{Heap after GC invocations=66 (full 0):
 garbage-first heap   total 223232K, used 180505K [0x0000000080000000, 0x0000000100000000)
  region size 1024K, 2 young (2048K), 2 survivors (2048K)
 Metaspace       used 111093K, committed 112064K, reserved 1179648K
  class space    used 14829K, committed 15296K, reserved 1048576K
}
Event: 203.399 GC heap before
{Heap before GC invocations=66 (full 0):
 garbage-first heap   total 223232K, used 206105K [0x0000000080000000, 0x0000000100000000)
  region size 1024K, 18 young (18432K), 2 survivors (2048K)
 Metaspace       used 111188K, committed 112128K, reserved 1179648K
  class space    used 14844K, committed 15296K, reserved 1048576K
}
Event: 203.427 GC heap after
{Heap after GC invocations=67 (full 0):
 garbage-first heap   total 223232K, used 180880K [0x0000000080000000, 0x0000000100000000)
  region size 1024K, 3 young (3072K), 3 survivors (3072K)
 Metaspace       used 111188K, committed 112128K, reserved 1179648K
  class space    used 14844K, committed 15296K, reserved 1048576K
}
Event: 204.453 GC heap before
{Heap before GC invocations=68 (full 0):
 garbage-first heap   total 304128K, used 190096K [0x0000000080000000, 0x0000000100000000)
  region size 1024K, 15 young (15360K), 3 survivors (3072K)
 Metaspace       used 112856K, committed 113856K, reserved 1179648K
  class space    used 14969K, committed 15424K, reserved 1048576K
}
Event: 204.464 GC heap after
{Heap after GC invocations=69 (full 0):
 garbage-first heap   total 304128K, used 177936K [0x0000000080000000, 0x0000000100000000)
  region size 1024K, 1 young (1024K), 1 survivors (1024K)
 Metaspace       used 112856K, committed 113856K, reserved 1179648K
  class space    used 14969K, committed 15424K, reserved 1048576K
}
Event: 205.416 GC heap before
{Heap before GC invocations=69 (full 0):
 garbage-first heap   total 304128K, used 190224K [0x0000000080000000, 0x0000000100000000)
  region size 1024K, 14 young (14336K), 1 survivors (1024K)
 Metaspace       used 114234K, committed 115328K, reserved 1179648K
  class space    used 15160K, committed 15680K, reserved 1048576K
}
Event: 205.428 GC heap after
{Heap after GC invocations=70 (full 0):
 garbage-first heap   total 304128K, used 170070K [0x0000000080000000, 0x0000000100000000)
  region size 1024K, 1 young (1024K), 1 survivors (1024K)
 Metaspace       used 114234K, committed 115328K, reserved 1179648K
  class space    used 15160K, committed 15680K, reserved 1048576K
}
Event: 210.434 GC heap before
{Heap before GC invocations=70 (full 0):
 garbage-first heap   total 304128K, used 254038K [0x0000000080000000, 0x0000000100000000)
  region size 1024K, 84 young (86016K), 1 survivors (1024K)
 Metaspace       used 118364K, committed 119296K, reserved 1179648K
  class space    used 15673K, committed 16128K, reserved 1048576K
}
Event: 210.462 GC heap after
{Heap after GC invocations=71 (full 0):
 garbage-first heap   total 304128K, used 176358K [0x0000000080000000, 0x0000000100000000)
  region size 1024K, 8 young (8192K), 8 survivors (8192K)
 Metaspace       used 118364K, committed 119296K, reserved 1179648K
  class space    used 15673K, committed 16128K, reserved 1048576K
}

