# JRE version: OpenJDK Runtime Environment (17.0.9) (build 17.0.9+0--11185874)
# Java VM: OpenJDK 64-Bit Server VM (17.0.9+0--11185874, mixed mode, tiered, compressed oops, compressed class ptrs, g1 gc, windows-amd64)
GC Precious Log:
 CPUs: 4 total, 4 available
 Memory: 4015M
 Large Page Support: Disabled
 NUMA Support: Disabled
 Compressed Oops: Enabled (32-bit)
 Heap Region Size: 1M
 Heap Min Capacity: 8M
 Heap Initial Capacity: 64M
 Heap Max Capacity: 2G
 Pre-touch: Disabled
 Parallel Workers: 4
 Concurrent Workers: 1
 Concurrent Refinement Workers: 4
 Periodic GC: Disabled
Heap:
 garbage-first heap   total 370688K, used 269824K [0x0000000080000000, 0x0000000100000000)
  region size 1024K, 3 young (3072K), 3 survivors (3072K)
 Metaspace       used 126163K, committed 127040K, reserved 1179648K
  class space    used 16903K, committed 17344K, reserved 1048576K
GC Heap History (20 events):
Event: 62.194 GC heap after
{Heap after GC invocations=57 (full 0):
 garbage-first heap   total 270336K, used 91882K [0x0000000080000000, 0x0000000100000000)
  region size 1024K, 14 young (14336K), 14 survivors (14336K)
 Metaspace       used 105577K, committed 106304K, reserved 1179648K
  class space    used 14397K, committed 14720K, reserved 1048576K
}
Event: 62.251 GC heap before
{Heap before GC invocations=57 (full 0):
 garbage-first heap   total 270336K, used 91882K [0x0000000080000000, 0x0000000100000000)
  region size 1024K, 15 young (15360K), 14 survivors (14336K)
 Metaspace       used 105578K, committed 106304K, reserved 1179648K
  class space    used 14397K, committed 14720K, reserved 1048576K
}
Event: 62.277 GC heap after
{Heap after GC invocations=58 (full 0):
 garbage-first heap   total 270336K, used 92741K [0x0000000080000000, 0x0000000100000000)
  region size 1024K, 2 young (2048K), 2 survivors (2048K)
 Metaspace       used 105578K, committed 106304K, reserved 1179648K
  class space    used 14397K, committed 14720K, reserved 1048576K
}
Event: 64.223 GC heap before
{Heap before GC invocations=58 (full 0):
 garbage-first heap   total 270336K, used 122437K [0x0000000080000000, 0x0000000100000000)
  region size 1024K, 32 young (32768K), 2 survivors (2048K)
 Metaspace       used 106895K, committed 107712K, reserved 1179648K
  class space    used 14512K, committed 14912K, reserved 1048576K
}
Event: 64.241 GC heap after
{Heap after GC invocations=59 (full 0):
 garbage-first heap   total 270336K, used 98905K [0x0000000080000000, 0x0000000100000000)
  region size 1024K, 8 young (8192K), 8 survivors (8192K)
 Metaspace       used 106895K, committed 107712K, reserved 1179648K
  class space    used 14512K, committed 14912K, reserved 1048576K
}
Event: 70.140 GC heap before
{Heap before GC invocations=60 (full 0):
 garbage-first heap   total 270336K, used 197209K [0x0000000080000000, 0x0000000100000000)
  region size 1024K, 102 young (104448K), 8 survivors (8192K)
 Metaspace       used 120136K, committed 120960K, reserved 1179648K
  class space    used 16085K, committed 16448K, reserved 1048576K
}
Event: 70.194 GC heap after
{Heap after GC invocations=61 (full 0):
 garbage-first heap   total 270336K, used 118556K [0x0000000080000000, 0x0000000100000000)
  region size 1024K, 13 young (13312K), 13 survivors (13312K)
 Metaspace       used 120136K, committed 120960K, reserved 1179648K
  class space    used 16085K, committed 16448K, reserved 1048576K
}
Event: 73.393 GC heap before
{Heap before GC invocations=61 (full 0):
 garbage-first heap   total 270336K, used 192284K [0x0000000080000000, 0x0000000100000000)
  region size 1024K, 86 young (88064K), 13 survivors (13312K)
 Metaspace       used 124829K, committed 125568K, reserved 1179648K
  class space    used 16767K, committed 17088K, reserved 1048576K
}
Event: 73.484 GC heap after
{Heap after GC invocations=62 (full 0):
 garbage-first heap   total 270336K, used 156672K [0x0000000080000000, 0x0000000100000000)
  region size 1024K, 12 young (12288K), 12 survivors (12288K)
 Metaspace       used 124829K, committed 125568K, reserved 1179648K
  class space    used 16767K, committed 17088K, reserved 1048576K
}
Event: 76.194 GC heap before
{Heap before GC invocations=63 (full 0):
 garbage-first heap   total 275456K, used 204800K [0x0000000080000000, 0x0000000100000000)
  region size 1024K, 58 young (59392K), 12 survivors (12288K)
 Metaspace       used 126070K, committed 126976K, reserved 1179648K
  class space    used 16903K, committed 17344K, reserved 1048576K
}
Event: 76.260 GC heap after
{Heap after GC invocations=64 (full 0):
 garbage-first heap   total 275456K, used 183808K [0x0000000080000000, 0x0000000100000000)
  region size 1024K, 8 young (8192K), 8 survivors (8192K)
 Metaspace       used 126070K, committed 126976K, reserved 1179648K
  class space    used 16903K, committed 17344K, reserved 1048576K
}
Event: 76.327 GC heap before
{Heap before GC invocations=64 (full 0):
 garbage-first heap   total 275456K, used 188928K [0x0000000080000000, 0x0000000100000000)
  region size 1024K, 13 young (13312K), 8 survivors (8192K)
 Metaspace       used 126070K, committed 126976K, reserved 1179648K
  class space    used 16903K, committed 17344K, reserved 1048576K
}
Event: 76.353 GC heap after
{Heap after GC invocations=65 (full 0):
 garbage-first heap   total 275456K, used 189440K [0x0000000080000000, 0x0000000100000000)
  region size 1024K, 2 young (2048K), 2 survivors (2048K)
 Metaspace       used 126070K, committed 126976K, reserved 1179648K
  class space    used 16903K, committed 17344K, reserved 1048576K
}
Event: 76.650 GC heap before
{Heap before GC invocations=65 (full 0):
 garbage-first heap   total 275456K, used 210944K [0x0000000080000000, 0x0000000100000000)
  region size 1024K, 23 young (23552K), 2 survivors (2048K)
 Metaspace       used 126073K, committed 126976K, reserved 1179648K
  class space    used 16903K, committed 17344K, reserved 1048576K
}
Event: 76.700 GC heap after
{Heap after GC invocations=66 (full 0):
 garbage-first heap   total 275456K, used 211968K [0x0000000080000000, 0x0000000100000000)
  region size 1024K, 3 young (3072K), 3 survivors (3072K)
 Metaspace       used 126073K, committed 126976K, reserved 1179648K
  class space    used 16903K, committed 17344K, reserved 1048576K
}
Event: 77.671 GC heap before
{Heap before GC invocations=66 (full 0):
 garbage-first heap   total 370688K, used 222208K [0x0000000080000000, 0x0000000100000000)
  region size 1024K, 13 young (13312K), 3 survivors (3072K)
 Metaspace       used 126103K, committed 126976K, reserved 1179648K
  class space    used 16903K, committed 17344K, reserved 1048576K
}
Event: 77.700 GC heap after
{Heap after GC invocations=67 (full 0):
 garbage-first heap   total 370688K, used 217088K [0x0000000080000000, 0x0000000100000000)
  region size 1024K, 2 young (2048K), 2 survivors (2048K)
 Metaspace       used 126103K, committed 126976K, reserved 1179648K
  class space    used 16903K, committed 17344K, reserved 1048576K
}
Event: 78.258 GC heap before
{Heap before GC invocations=68 (full 0):
 garbage-first heap   total 370688K, used 261120K [0x0000000080000000, 0x0000000100000000)
  region size 1024K, 45 young (46080K), 2 survivors (2048K)
 Metaspace       used 126159K, committed 127040K, reserved 1179648K
  class space    used 16903K, committed 17344K, reserved 1048576K
}
Event: 78.335 GC heap after
{Heap after GC invocations=69 (full 0):
 garbage-first heap   total 370688K, used 258955K [0x0000000080000000, 0x0000000100000000)
  region size 1024K, 6 young (6144K), 6 survivors (6144K)
 Metaspace       used 126159K, committed 127040K, reserved 1179648K
  class space    used 16903K, committed 17344K, reserved 1048576K
}
Event: 78.437 GC heap before
{Heap before GC invocations=69 (full 0):
 garbage-first heap   total 370688K, used 271243K [0x0000000080000000, 0x0000000100000000)
  region size 1024K, 18 young (18432K), 6 survivors (6144K)
 Metaspace       used 126163K, committed 127040K, reserved 1179648K
  class space    used 16903K, committed 17344K, reserved 1048576K
}

