# JRE version: OpenJDK Runtime Environment (17.0.9) (build 17.0.9+0--11185874)
# Java VM: OpenJDK 64-Bit Server VM (17.0.9+0--11185874, mixed mode, tiered, compressed oops, compressed class ptrs, g1 gc, windows-amd64)
GC Precious Log:
 CPUs: 4 total, 4 available
 Memory: 4015M
 Large Page Support: Disabled
 NUMA Support: Disabled
 Compressed Oops: Enabled (32-bit)
 Heap Region Size: 1M
 Heap Min Capacity: 8M
 Heap Initial Capacity: 64M
 Heap Max Capacity: 2G
 Pre-touch: Disabled
 Parallel Workers: 4
 Concurrent Workers: 1
 Concurrent Refinement Workers: 4
 Periodic GC: Disabled
Heap:
 garbage-first heap   total 144384K, used 84265K [0x0000000080000000, 0x0000000100000000)
  region size 1024K, 2 young (2048K), 2 survivors (2048K)
 Metaspace       used 100212K, committed 101056K, reserved 1179648K
  class space    used 13713K, committed 14144K, reserved 1048576K
GC Heap History (20 events):
Event: 50.031 GC heap after
{Heap after GC invocations=44 (full 0):
 garbage-first heap   total 144384K, used 63110K [0x0000000080000000, 0x0000000100000000)
  region size 1024K, 3 young (3072K), 3 survivors (3072K)
 Metaspace       used 82629K, committed 83264K, reserved 1179648K
  class space    used 11366K, committed 11648K, reserved 1048576K
}
Event: 50.488 GC heap before
{Heap before GC invocations=44 (full 0):
 garbage-first heap   total 144384K, used 66182K [0x0000000080000000, 0x0000000100000000)
  region size 1024K, 7 young (7168K), 3 survivors (3072K)
 Metaspace       used 82931K, committed 83584K, reserved 1179648K
  class space    used 11406K, committed 11712K, reserved 1048576K
}
Event: 50.498 GC heap after
{Heap after GC invocations=45 (full 0):
 garbage-first heap   total 144384K, used 63099K [0x0000000080000000, 0x0000000100000000)
  region size 1024K, 1 young (1024K), 1 survivors (1024K)
 Metaspace       used 82931K, committed 83584K, reserved 1179648K
  class space    used 11406K, committed 11712K, reserved 1048576K
}
Event: 54.600 GC heap before
{Heap before GC invocations=45 (full 0):
 garbage-first heap   total 144384K, used 118395K [0x0000000080000000, 0x0000000100000000)
  region size 1024K, 55 young (56320K), 1 survivors (1024K)
 Metaspace       used 87323K, committed 88000K, reserved 1179648K
  class space    used 12043K, committed 12352K, reserved 1048576K
}
Event: 54.613 GC heap after
{Heap after GC invocations=46 (full 0):
 garbage-first heap   total 144384K, used 65845K [0x0000000080000000, 0x0000000100000000)
  region size 1024K, 4 young (4096K), 4 survivors (4096K)
 Metaspace       used 87323K, committed 88000K, reserved 1179648K
  class space    used 12043K, committed 12352K, reserved 1048576K
}
Event: 58.835 GC heap before
{Heap before GC invocations=47 (full 0):
 garbage-first heap   total 144384K, used 118069K [0x0000000080000000, 0x0000000100000000)
  region size 1024K, 55 young (56320K), 4 survivors (4096K)
 Metaspace       used 92052K, committed 92736K, reserved 1179648K
  class space    used 12727K, committed 13056K, reserved 1048576K
}
Event: 58.850 GC heap after
{Heap after GC invocations=48 (full 0):
 garbage-first heap   total 144384K, used 68603K [0x0000000080000000, 0x0000000100000000)
  region size 1024K, 6 young (6144K), 6 survivors (6144K)
 Metaspace       used 92052K, committed 92736K, reserved 1179648K
  class space    used 12727K, committed 13056K, reserved 1048576K
}
Event: 58.946 GC heap before
{Heap before GC invocations=48 (full 0):
 garbage-first heap   total 144384K, used 69627K [0x0000000080000000, 0x0000000100000000)
  region size 1024K, 7 young (7168K), 6 survivors (6144K)
 Metaspace       used 92111K, committed 92800K, reserved 1179648K
  class space    used 12739K, committed 13056K, reserved 1048576K
}
Event: 58.962 GC heap after
{Heap after GC invocations=49 (full 0):
 garbage-first heap   total 144384K, used 69027K [0x0000000080000000, 0x0000000100000000)
  region size 1024K, 1 young (1024K), 1 survivors (1024K)
 Metaspace       used 92111K, committed 92800K, reserved 1179648K
  class space    used 12739K, committed 13056K, reserved 1048576K
}
Event: 61.804 GC heap before
{Heap before GC invocations=49 (full 0):
 garbage-first heap   total 144384K, used 104867K [0x0000000080000000, 0x0000000100000000)
  region size 1024K, 38 young (38912K), 1 survivors (1024K)
 Metaspace       used 94355K, committed 95040K, reserved 1179648K
  class space    used 12992K, committed 13312K, reserved 1048576K
}
Event: 61.818 GC heap after
{Heap after GC invocations=50 (full 0):
 garbage-first heap   total 144384K, used 73285K [0x0000000080000000, 0x0000000100000000)
  region size 1024K, 6 young (6144K), 6 survivors (6144K)
 Metaspace       used 94355K, committed 95040K, reserved 1179648K
  class space    used 12992K, committed 13312K, reserved 1048576K
}
Event: 65.686 GC heap before
{Heap before GC invocations=51 (full 0):
 garbage-first heap   total 144384K, used 121413K [0x0000000080000000, 0x0000000100000000)
  region size 1024K, 49 young (50176K), 6 survivors (6144K)
 Metaspace       used 96976K, committed 97728K, reserved 1179648K
  class space    used 13327K, committed 13696K, reserved 1048576K
}
Event: 65.709 GC heap after
{Heap after GC invocations=52 (full 0):
 garbage-first heap   total 144384K, used 76800K [0x0000000080000000, 0x0000000100000000)
  region size 1024K, 4 young (4096K), 4 survivors (4096K)
 Metaspace       used 96976K, committed 97728K, reserved 1179648K
  class space    used 13327K, committed 13696K, reserved 1048576K
}
Event: 68.510 GC heap before
{Heap before GC invocations=52 (full 0):
 garbage-first heap   total 144384K, used 116736K [0x0000000080000000, 0x0000000100000000)
  region size 1024K, 44 young (45056K), 4 survivors (4096K)
 Metaspace       used 97533K, committed 98240K, reserved 1179648K
  class space    used 13366K, committed 13696K, reserved 1048576K
}
Event: 68.530 GC heap after
{Heap after GC invocations=53 (full 0):
 garbage-first heap   total 144384K, used 79865K [0x0000000080000000, 0x0000000100000000)
  region size 1024K, 3 young (3072K), 3 survivors (3072K)
 Metaspace       used 97533K, committed 98240K, reserved 1179648K
  class space    used 13366K, committed 13696K, reserved 1048576K
}
Event: 70.913 GC heap before
{Heap before GC invocations=54 (full 0):
 garbage-first heap   total 144384K, used 117753K [0x0000000080000000, 0x0000000100000000)
  region size 1024K, 41 young (41984K), 3 survivors (3072K)
 Metaspace       used 97918K, committed 98624K, reserved 1179648K
  class space    used 13382K, committed 13696K, reserved 1048576K
}
Event: 70.936 GC heap after
{Heap after GC invocations=55 (full 0):
 garbage-first heap   total 144384K, used 82831K [0x0000000080000000, 0x0000000100000000)
  region size 1024K, 6 young (6144K), 6 survivors (6144K)
 Metaspace       used 97918K, committed 98624K, reserved 1179648K
  class space    used 13382K, committed 13696K, reserved 1048576K
}
Event: 71.028 GC heap before
{Heap before GC invocations=55 (full 0):
 garbage-first heap   total 144384K, used 82831K [0x0000000080000000, 0x0000000100000000)
  region size 1024K, 7 young (7168K), 6 survivors (6144K)
 Metaspace       used 97918K, committed 98624K, reserved 1179648K
  class space    used 13382K, committed 13696K, reserved 1048576K
}
Event: 71.047 GC heap after
{Heap after GC invocations=56 (full 0):
 garbage-first heap   total 144384K, used 83396K [0x0000000080000000, 0x0000000100000000)
  region size 1024K, 1 young (1024K), 1 survivors (1024K)
 Metaspace       used 97918K, committed 98624K, reserved 1179648K
  class space    used 13382K, committed 13696K, reserved 1048576K
}
Event: 74.594 GC heap before
{Heap before GC invocations=56 (full 0):
 garbage-first heap   total 144384K, used 118212K [0x0000000080000000, 0x0000000100000000)
  region size 1024K, 36 young (36864K), 1 survivors (1024K)
 Metaspace       used 100212K, committed 101056K, reserved 1179648K
  class space    used 13713K, committed 14144K, reserved 1048576K
}

