# JRE version: OpenJDK Runtime Environment (17.0.9) (build 17.0.9+0--11185874)
# Java VM: OpenJDK 64-Bit Server VM (17.0.9+0--11185874, mixed mode, tiered, compressed oops, compressed class ptrs, g1 gc, windows-amd64)
GC Precious Log:
 CPUs: 4 total, 4 available
 Memory: 4015M
 Large Page Support: Disabled
 NUMA Support: Disabled
 Compressed Oops: Enabled (32-bit)
 Heap Region Size: 1M
 Heap Min Capacity: 8M
 Heap Initial Capacity: 64M
 Heap Max Capacity: 2G
 Pre-touch: Disabled
 Parallel Workers: 4
 Concurrent Workers: 1
 Concurrent Refinement Workers: 4
 Periodic GC: Disabled
Heap:
 garbage-first heap   total 391168K, used 277012K [0x0000000080000000, 0x0000000100000000)
  region size 1024K, 35 young (35840K), 6 survivors (6144K)
 Metaspace       used 145550K, committed 146496K, reserved 1179648K
  class space    used 19353K, committed 19776K, reserved 1048576K
GC Heap History (20 events):
Event: 158.214 GC heap before
{Heap before GC invocations=68 (full 0):
 garbage-first heap   total 195584K, used 179787K [0x0000000080000000, 0x0000000100000000)
  region size 1024K, 45 young (46080K), 1 survivors (1024K)
 Metaspace       used 136596K, committed 137536K, reserved 1179648K
  class space    used 18216K, committed 18688K, reserved 1048576K
}
Event: 158.226 GC heap after
{Heap after GC invocations=69 (full 0):
 garbage-first heap   total 195584K, used 141062K [0x0000000080000000, 0x0000000100000000)
  region size 1024K, 6 young (6144K), 6 survivors (6144K)
 Metaspace       used 136596K, committed 137536K, reserved 1179648K
  class space    used 18216K, committed 18688K, reserved 1048576K
}
Event: 158.280 GC heap before
{Heap before GC invocations=69 (full 0):
 garbage-first heap   total 195584K, used 160518K [0x0000000080000000, 0x0000000100000000)
  region size 1024K, 15 young (15360K), 6 survivors (6144K)
 Metaspace       used 136750K, committed 137664K, reserved 1179648K
  class space    used 18234K, committed 18688K, reserved 1048576K
}
Event: 158.297 GC heap after
{Heap after GC invocations=70 (full 0):
 garbage-first heap   total 195584K, used 151111K [0x0000000080000000, 0x0000000100000000)
  region size 1024K, 4 young (4096K), 4 survivors (4096K)
 Metaspace       used 136750K, committed 137664K, reserved 1179648K
  class space    used 18234K, committed 18688K, reserved 1048576K
}
Event: 158.646 GC heap before
{Heap before GC invocations=70 (full 0):
 garbage-first heap   total 195584K, used 181831K [0x0000000080000000, 0x0000000100000000)
  region size 1024K, 19 young (19456K), 4 survivors (4096K)
 Metaspace       used 136994K, committed 137920K, reserved 1179648K
  class space    used 18267K, committed 18752K, reserved 1048576K
}
Event: 158.669 GC heap after
{Heap after GC invocations=71 (full 0):
 garbage-first heap   total 195584K, used 160034K [0x0000000080000000, 0x0000000100000000)
  region size 1024K, 3 young (3072K), 3 survivors (3072K)
 Metaspace       used 136994K, committed 137920K, reserved 1179648K
  class space    used 18267K, committed 18752K, reserved 1048576K
}
Event: 158.770 GC heap before
{Heap before GC invocations=71 (full 0):
 garbage-first heap   total 195584K, used 167202K [0x0000000080000000, 0x0000000100000000)
  region size 1024K, 11 young (11264K), 3 survivors (3072K)
 Metaspace       used 137277K, committed 138176K, reserved 1179648K
  class space    used 18296K, committed 18752K, reserved 1048576K
}
Event: 158.789 GC heap after
{Heap after GC invocations=72 (full 0):
 garbage-first heap   total 195584K, used 163565K [0x0000000080000000, 0x0000000100000000)
  region size 1024K, 2 young (2048K), 2 survivors (2048K)
 Metaspace       used 137277K, committed 138176K, reserved 1179648K
  class space    used 18296K, committed 18752K, reserved 1048576K
}
Event: 158.891 GC heap before
{Heap before GC invocations=72 (full 0):
 garbage-first heap   total 195584K, used 169709K [0x0000000080000000, 0x0000000100000000)
  region size 1024K, 9 young (9216K), 2 survivors (2048K)
 Metaspace       used 137413K, committed 138432K, reserved 1179648K
  class space    used 18328K, committed 18816K, reserved 1048576K
}
Event: 158.914 GC heap after
{Heap after GC invocations=73 (full 0):
 garbage-first heap   total 391168K, used 166178K [0x0000000080000000, 0x0000000100000000)
  region size 1024K, 2 young (2048K), 2 survivors (2048K)
 Metaspace       used 137413K, committed 138432K, reserved 1179648K
  class space    used 18328K, committed 18816K, reserved 1048576K
}
Event: 163.680 GC heap before
{Heap before GC invocations=74 (full 0):
 garbage-first heap   total 391168K, used 321826K [0x0000000080000000, 0x0000000100000000)
  region size 1024K, 153 young (156672K), 2 survivors (2048K)
 Metaspace       used 140346K, committed 141312K, reserved 1179648K
  class space    used 18790K, committed 19264K, reserved 1048576K
}
Event: 163.893 GC heap after
{Heap after GC invocations=75 (full 0):
 garbage-first heap   total 391168K, used 231181K [0x0000000080000000, 0x0000000100000000)
  region size 1024K, 20 young (20480K), 20 survivors (20480K)
 Metaspace       used 140346K, committed 141312K, reserved 1179648K
  class space    used 18790K, committed 19264K, reserved 1048576K
}
Event: 163.975 GC heap before
{Heap before GC invocations=75 (full 0):
 garbage-first heap   total 391168K, used 232205K [0x0000000080000000, 0x0000000100000000)
  region size 1024K, 21 young (21504K), 20 survivors (20480K)
 Metaspace       used 140346K, committed 141312K, reserved 1179648K
  class space    used 18790K, committed 19264K, reserved 1048576K
}
Event: 164.097 GC heap after
{Heap after GC invocations=76 (full 0):
 garbage-first heap   total 391168K, used 229888K [0x0000000080000000, 0x0000000100000000)
  region size 1024K, 2 young (2048K), 2 survivors (2048K)
 Metaspace       used 140346K, committed 141312K, reserved 1179648K
  class space    used 18790K, committed 19264K, reserved 1048576K
}
Event: 166.131 GC heap before
{Heap before GC invocations=76 (full 0):
 garbage-first heap   total 391168K, used 292352K [0x0000000080000000, 0x0000000100000000)
  region size 1024K, 64 young (65536K), 2 survivors (2048K)
 Metaspace       used 144158K, committed 145088K, reserved 1179648K
  class space    used 19249K, committed 19712K, reserved 1048576K
}
Event: 166.156 GC heap after
{Heap after GC invocations=77 (full 0):
 garbage-first heap   total 391168K, used 235043K [0x0000000080000000, 0x0000000100000000)
  region size 1024K, 7 young (7168K), 7 survivors (7168K)
 Metaspace       used 144158K, committed 145088K, reserved 1179648K
  class space    used 19249K, committed 19712K, reserved 1048576K
}
Event: 167.971 GC heap before
{Heap before GC invocations=77 (full 0):
 garbage-first heap   total 391168K, used 304675K [0x0000000080000000, 0x0000000100000000)
  region size 1024K, 72 young (73728K), 7 survivors (7168K)
 Metaspace       used 144710K, committed 145664K, reserved 1179648K
  class space    used 19275K, committed 19712K, reserved 1048576K
}
Event: 168.008 GC heap after
{Heap after GC invocations=78 (full 0):
 garbage-first heap   total 391168K, used 245979K [0x0000000080000000, 0x0000000100000000)
  region size 1024K, 7 young (7168K), 7 survivors (7168K)
 Metaspace       used 144710K, committed 145664K, reserved 1179648K
  class space    used 19275K, committed 19712K, reserved 1048576K
}
Event: 169.619 GC heap before
{Heap before GC invocations=78 (full 0):
 garbage-first heap   total 391168K, used 299227K [0x0000000080000000, 0x0000000100000000)
  region size 1024K, 54 young (55296K), 7 survivors (7168K)
 Metaspace       used 145124K, committed 146112K, reserved 1179648K
  class space    used 19322K, committed 19776K, reserved 1048576K
}
Event: 169.687 GC heap after
{Heap after GC invocations=79 (full 0):
 garbage-first heap   total 391168K, used 257556K [0x0000000080000000, 0x0000000100000000)
  region size 1024K, 6 young (6144K), 6 survivors (6144K)
 Metaspace       used 145124K, committed 146112K, reserved 1179648K
  class space    used 19322K, committed 19776K, reserved 1048576K
}

