# JRE version: OpenJDK Runtime Environment (17.0.9) (build 17.0.9+0--11185874)
# Java VM: OpenJDK 64-Bit Server VM (17.0.9+0--11185874, mixed mode, tiered, compressed oops, compressed class ptrs, g1 gc, windows-amd64)
GC Precious Log:
 CPUs: 4 total, 4 available
 Memory: 4015M
 Large Page Support: Disabled
 NUMA Support: Disabled
 Compressed Oops: Enabled (32-bit)
 Heap Region Size: 1M
 Heap Min Capacity: 8M
 Heap Initial Capacity: 64M
 Heap Max Capacity: 2G
 Pre-touch: Disabled
 Parallel Workers: 4
 Concurrent Workers: 1
 Concurrent Refinement Workers: 4
 Periodic GC: Disabled
Heap:
 garbage-first heap   total 266240K, used 222720K [0x0000000080000000, 0x0000000100000000)
  region size 1024K, 2 young (2048K), 2 survivors (2048K)
 Metaspace       used 125906K, committed 126784K, reserved 1179648K
  class space    used 16851K, committed 17280K, reserved 1048576K
GC Heap History (20 events):
Event: 83.463 GC heap after
{Heap after GC invocations=69 (full 0):
 garbage-first heap   total 183296K, used 102856K [0x0000000080000000, 0x0000000100000000)
  region size 1024K, 1 young (1024K), 1 survivors (1024K)
 Metaspace       used 114522K, committed 115264K, reserved 1179648K
  class space    used 15362K, committed 15744K, reserved 1048576K
}
Event: 87.320 GC heap before
{Heap before GC invocations=69 (full 0):
 garbage-first heap   total 183296K, used 146888K [0x0000000080000000, 0x0000000100000000)
  region size 1024K, 44 young (45056K), 1 survivors (1024K)
 Metaspace       used 119977K, committed 120704K, reserved 1179648K
  class space    used 16046K, committed 16384K, reserved 1048576K
}
Event: 87.345 GC heap after
{Heap after GC invocations=70 (full 0):
 garbage-first heap   total 183296K, used 114013K [0x0000000080000000, 0x0000000100000000)
  region size 1024K, 6 young (6144K), 6 survivors (6144K)
 Metaspace       used 119977K, committed 120704K, reserved 1179648K
  class space    used 16046K, committed 16384K, reserved 1048576K
}
Event: 88.878 GC heap before
{Heap before GC invocations=70 (full 0):
 garbage-first heap   total 183296K, used 144733K [0x0000000080000000, 0x0000000100000000)
  region size 1024K, 36 young (36864K), 6 survivors (6144K)
 Metaspace       used 120139K, committed 120896K, reserved 1179648K
  class space    used 16062K, committed 16384K, reserved 1048576K
}
Event: 88.947 GC heap after
{Heap after GC invocations=71 (full 0):
 garbage-first heap   total 183296K, used 143579K [0x0000000080000000, 0x0000000100000000)
  region size 1024K, 5 young (5120K), 5 survivors (5120K)
 Metaspace       used 120139K, committed 120896K, reserved 1179648K
  class space    used 16062K, committed 16384K, reserved 1048576K
}
Event: 89.056 GC heap before
{Heap before GC invocations=71 (full 0):
 garbage-first heap   total 183296K, used 149723K [0x0000000080000000, 0x0000000100000000)
  region size 1024K, 11 young (11264K), 5 survivors (5120K)
 Metaspace       used 120139K, committed 120896K, reserved 1179648K
  class space    used 16062K, committed 16384K, reserved 1048576K
}
Event: 89.123 GC heap after
{Heap after GC invocations=72 (full 0):
 garbage-first heap   total 238592K, used 150528K [0x0000000080000000, 0x0000000100000000)
  region size 1024K, 2 young (2048K), 2 survivors (2048K)
 Metaspace       used 120139K, committed 120896K, reserved 1179648K
  class space    used 16062K, committed 16384K, reserved 1048576K
}
Event: 90.668 GC heap before
{Heap before GC invocations=73 (full 0):
 garbage-first heap   total 266240K, used 171008K [0x0000000080000000, 0x0000000100000000)
  region size 1024K, 22 young (22528K), 2 survivors (2048K)
 Metaspace       used 121387K, committed 122176K, reserved 1179648K
  class space    used 16219K, committed 16576K, reserved 1048576K
}
Event: 90.699 GC heap after
{Heap after GC invocations=74 (full 0):
 garbage-first heap   total 266240K, used 160768K [0x0000000080000000, 0x0000000100000000)
  region size 1024K, 3 young (3072K), 3 survivors (3072K)
 Metaspace       used 121387K, committed 122176K, reserved 1179648K
  class space    used 16219K, committed 16576K, reserved 1048576K
}
Event: 91.392 GC heap before
{Heap before GC invocations=74 (full 0):
 garbage-first heap   total 266240K, used 171008K [0x0000000080000000, 0x0000000100000000)
  region size 1024K, 13 young (13312K), 3 survivors (3072K)
 Metaspace       used 123000K, committed 123840K, reserved 1179648K
  class space    used 16481K, committed 16896K, reserved 1048576K
}
Event: 91.406 GC heap after
{Heap after GC invocations=75 (full 0):
 garbage-first heap   total 266240K, used 161413K [0x0000000080000000, 0x0000000100000000)
  region size 1024K, 1 young (1024K), 1 survivors (1024K)
 Metaspace       used 123000K, committed 123840K, reserved 1179648K
  class space    used 16481K, committed 16896K, reserved 1048576K
}
Event: 93.545 GC heap before
{Heap before GC invocations=75 (full 0):
 garbage-first heap   total 266240K, used 189061K [0x0000000080000000, 0x0000000100000000)
  region size 1024K, 28 young (28672K), 1 survivors (1024K)
 Metaspace       used 125467K, committed 126272K, reserved 1179648K
  class space    used 16817K, committed 17216K, reserved 1048576K
}
Event: 93.559 GC heap after
{Heap after GC invocations=76 (full 0):
 garbage-first heap   total 266240K, used 163989K [0x0000000080000000, 0x0000000100000000)
  region size 1024K, 4 young (4096K), 4 survivors (4096K)
 Metaspace       used 125467K, committed 126272K, reserved 1179648K
  class space    used 16817K, committed 17216K, reserved 1048576K
}
Event: 94.914 GC heap before
{Heap before GC invocations=76 (full 0):
 garbage-first heap   total 266240K, used 194709K [0x0000000080000000, 0x0000000100000000)
  region size 1024K, 34 young (34816K), 4 survivors (4096K)
 Metaspace       used 125880K, committed 126720K, reserved 1179648K
  class space    used 16851K, committed 17280K, reserved 1048576K
}
Event: 94.948 GC heap after
{Heap after GC invocations=77 (full 0):
 garbage-first heap   total 266240K, used 186504K [0x0000000080000000, 0x0000000100000000)
  region size 1024K, 5 young (5120K), 5 survivors (5120K)
 Metaspace       used 125880K, committed 126720K, reserved 1179648K
  class space    used 16851K, committed 17280K, reserved 1048576K
}
Event: 95.048 GC heap before
{Heap before GC invocations=77 (full 0):
 garbage-first heap   total 266240K, used 204936K [0x0000000080000000, 0x0000000100000000)
  region size 1024K, 23 young (23552K), 5 survivors (5120K)
 Metaspace       used 125881K, committed 126720K, reserved 1179648K
  class space    used 16851K, committed 17280K, reserved 1048576K
}
Event: 95.101 GC heap after
{Heap after GC invocations=78 (full 0):
 garbage-first heap   total 266240K, used 205312K [0x0000000080000000, 0x0000000100000000)
  region size 1024K, 3 young (3072K), 3 survivors (3072K)
 Metaspace       used 125881K, committed 126720K, reserved 1179648K
  class space    used 16851K, committed 17280K, reserved 1048576K
}
Event: 95.193 GC heap before
{Heap before GC invocations=78 (full 0):
 garbage-first heap   total 266240K, used 215552K [0x0000000080000000, 0x0000000100000000)
  region size 1024K, 13 young (13312K), 3 survivors (3072K)
 Metaspace       used 125881K, committed 126720K, reserved 1179648K
  class space    used 16851K, committed 17280K, reserved 1048576K
}
Event: 95.251 GC heap after
{Heap after GC invocations=79 (full 0):
 garbage-first heap   total 266240K, used 216576K [0x0000000080000000, 0x0000000100000000)
  region size 1024K, 2 young (2048K), 2 survivors (2048K)
 Metaspace       used 125881K, committed 126720K, reserved 1179648K
  class space    used 16851K, committed 17280K, reserved 1048576K
}
Event: 95.689 GC heap before
{Heap before GC invocations=79 (full 0):
 garbage-first heap   total 266240K, used 227840K [0x0000000080000000, 0x0000000100000000)
  region size 1024K, 13 young (13312K), 2 survivors (2048K)
 Metaspace       used 125906K, committed 126784K, reserved 1179648K
  class space    used 16851K, committed 17280K, reserved 1048576K
}

