# JRE version: OpenJDK Runtime Environment (17.0.9) (build 17.0.9+0--11185874)
# Java VM: OpenJDK 64-Bit Server VM (17.0.9+0--11185874, mixed mode, tiered, compressed oops, compressed class ptrs, g1 gc, windows-amd64)
GC Precious Log:
 CPUs: 4 total, 4 available
 Memory: 4015M
 Large Page Support: Disabled
 NUMA Support: Disabled
 Compressed Oops: Enabled (32-bit)
 Heap Region Size: 1M
 Heap Min Capacity: 8M
 Heap Initial Capacity: 64M
 Heap Max Capacity: 2G
 Pre-touch: Disabled
 Parallel Workers: 4
 Concurrent Workers: 1
 Concurrent Refinement Workers: 4
 Periodic GC: Disabled
Heap:
 garbage-first heap   total 549888K, used 286309K [0x0000000080000000, 0x0000000100000000)
  region size 1024K, 89 young (91136K), 6 survivors (6144K)
 Metaspace       used 166718K, committed 167744K, reserved 1245184K
  class space    used 21899K, committed 22400K, reserved 1048576K
GC Heap History (20 events):
Event: 3500.457 GC heap before
{Heap before GC invocations=96 (full 0):
 garbage-first heap   total 485376K, used 231288K [0x0000000080000000, 0x0000000100000000)
  region size 1024K, 23 young (23552K), 3 survivors (3072K)
 Metaspace       used 131582K, committed 132672K, reserved 1179648K
  class space    used 17385K, committed 17920K, reserved 1048576K
}
Event: 3500.480 GC heap after
{Heap after GC invocations=97 (full 0):
 garbage-first heap   total 485376K, used 214496K [0x0000000080000000, 0x0000000100000000)
  region size 1024K, 3 young (3072K), 3 survivors (3072K)
 Metaspace       used 131582K, committed 132672K, reserved 1179648K
  class space    used 17385K, committed 17920K, reserved 1048576K
}
Event: 3501.648 GC heap before
{Heap before GC invocations=97 (full 0):
 garbage-first heap   total 485376K, used 233952K [0x0000000080000000, 0x0000000100000000)
  region size 1024K, 23 young (23552K), 3 survivors (3072K)
 Metaspace       used 132861K, committed 133888K, reserved 1179648K
  class space    used 17541K, committed 18048K, reserved 1048576K
}
Event: 3501.664 GC heap after
{Heap after GC invocations=98 (full 0):
 garbage-first heap   total 485376K, used 215176K [0x0000000080000000, 0x0000000100000000)
  region size 1024K, 1 young (1024K), 1 survivors (1024K)
 Metaspace       used 132861K, committed 133888K, reserved 1179648K
  class space    used 17541K, committed 18048K, reserved 1048576K
}
Event: 3503.204 GC heap before
{Heap before GC invocations=98 (full 0):
 garbage-first heap   total 485376K, used 254088K [0x0000000080000000, 0x0000000100000000)
  region size 1024K, 23 young (23552K), 1 survivors (1024K)
 Metaspace       used 133223K, committed 134336K, reserved 1179648K
  class space    used 17569K, committed 18112K, reserved 1048576K
}
Event: 3503.276 GC heap after
{Heap after GC invocations=99 (full 0):
 garbage-first heap   total 485376K, used 216304K [0x0000000080000000, 0x0000000100000000)
  region size 1024K, 3 young (3072K), 3 survivors (3072K)
 Metaspace       used 133223K, committed 134336K, reserved 1179648K
  class space    used 17569K, committed 18112K, reserved 1048576K
}
Event: 3506.153 GC heap before
{Heap before GC invocations=99 (full 0):
 garbage-first heap   total 485376K, used 291056K [0x0000000080000000, 0x0000000100000000)
  region size 1024K, 77 young (78848K), 3 survivors (3072K)
 Metaspace       used 136320K, committed 137408K, reserved 1179648K
  class space    used 17850K, committed 18368K, reserved 1048576K
}
Event: 3506.181 GC heap after
{Heap after GC invocations=100 (full 0):
 garbage-first heap   total 485376K, used 225087K [0x0000000080000000, 0x0000000100000000)
  region size 1024K, 10 young (10240K), 10 survivors (10240K)
 Metaspace       used 136320K, committed 137408K, reserved 1179648K
  class space    used 17850K, committed 18368K, reserved 1048576K
}
Event: 3509.963 GC heap before
{Heap before GC invocations=100 (full 0):
 garbage-first heap   total 485376K, used 311103K [0x0000000080000000, 0x0000000100000000)
  region size 1024K, 94 young (96256K), 10 survivors (10240K)
 Metaspace       used 137822K, committed 138880K, reserved 1179648K
  class space    used 17991K, committed 18496K, reserved 1048576K
}
Event: 3509.998 GC heap after
{Heap after GC invocations=101 (full 0):
 garbage-first heap   total 485376K, used 222353K [0x0000000080000000, 0x0000000100000000)
  region size 1024K, 2 young (2048K), 2 survivors (2048K)
 Metaspace       used 137822K, committed 138880K, reserved 1179648K
  class space    used 17991K, committed 18496K, reserved 1048576K
}
Event: 3538.855 GC heap before
{Heap before GC invocations=101 (full 0):
 garbage-first heap   total 485376K, used 396433K [0x0000000080000000, 0x0000000100000000)
  region size 1024K, 173 young (177152K), 2 survivors (2048K)
 Metaspace       used 144865K, committed 145984K, reserved 1179648K
  class space    used 18838K, committed 19392K, reserved 1048576K
}
Event: 3538.913 GC heap after
{Heap after GC invocations=102 (full 0):
 garbage-first heap   total 485376K, used 225425K [0x0000000080000000, 0x0000000100000000)
  region size 1024K, 5 young (5120K), 5 survivors (5120K)
 Metaspace       used 144865K, committed 145984K, reserved 1179648K
  class space    used 18838K, committed 19392K, reserved 1048576K
}
Event: 3544.397 GC heap before
{Heap before GC invocations=102 (full 0):
 garbage-first heap   total 485376K, used 395409K [0x0000000080000000, 0x0000000100000000)
  region size 1024K, 172 young (176128K), 5 survivors (5120K)
 Metaspace       used 145966K, committed 147136K, reserved 1179648K
  class space    used 18968K, committed 19520K, reserved 1048576K
}
Event: 3544.457 GC heap after
{Heap after GC invocations=103 (full 0):
 garbage-first heap   total 485376K, used 229727K [0x0000000080000000, 0x0000000100000000)
  region size 1024K, 10 young (10240K), 10 survivors (10240K)
 Metaspace       used 145966K, committed 147136K, reserved 1179648K
  class space    used 18968K, committed 19520K, reserved 1048576K
}
Event: 3559.250 GC heap before
{Heap before GC invocations=104 (full 0):
 garbage-first heap   total 485376K, used 387423K [0x0000000080000000, 0x0000000100000000)
  region size 1024K, 182 young (186368K), 10 survivors (10240K)
 Metaspace       used 148923K, committed 149888K, reserved 1179648K
  class space    used 19285K, committed 19776K, reserved 1048576K
}
Event: 3559.449 GC heap after
{Heap after GC invocations=105 (full 0):
 garbage-first heap   total 485376K, used 219281K [0x0000000080000000, 0x0000000100000000)
  region size 1024K, 17 young (17408K), 17 survivors (17408K)
 Metaspace       used 148923K, committed 149888K, reserved 1179648K
  class space    used 19285K, committed 19776K, reserved 1048576K
}
Event: 3559.707 GC heap before
{Heap before GC invocations=105 (full 0):
 garbage-first heap   total 485376K, used 224401K [0x0000000080000000, 0x0000000100000000)
  region size 1024K, 23 young (23552K), 17 survivors (17408K)
 Metaspace       used 149293K, committed 150208K, reserved 1245184K
  class space    used 19333K, committed 19776K, reserved 1048576K
}
Event: 3559.766 GC heap after
{Heap after GC invocations=106 (full 0):
 garbage-first heap   total 485376K, used 199904K [0x0000000080000000, 0x0000000100000000)
  region size 1024K, 2 young (2048K), 2 survivors (2048K)
 Metaspace       used 149293K, committed 150208K, reserved 1245184K
  class space    used 19333K, committed 19776K, reserved 1048576K
}
Event: 3569.850 GC heap before
{Heap before GC invocations=106 (full 0):
 garbage-first heap   total 485376K, used 402656K [0x0000000080000000, 0x0000000100000000)
  region size 1024K, 201 young (205824K), 2 survivors (2048K)
 Metaspace       used 164941K, committed 165952K, reserved 1245184K
  class space    used 21717K, committed 22208K, reserved 1048576K
}
Event: 3569.923 GC heap after
{Heap after GC invocations=107 (full 0):
 garbage-first heap   total 549888K, used 203365K [0x0000000080000000, 0x0000000100000000)
  region size 1024K, 6 young (6144K), 6 survivors (6144K)
 Metaspace       used 164941K, committed 165952K, reserved 1245184K
  class space    used 21717K, committed 22208K, reserved 1048576K
}

