# JRE version: OpenJDK Runtime Environment (17.0.9) (build 17.0.9+0--11185874)
# Java VM: OpenJDK 64-Bit Server VM (17.0.9+0--11185874, mixed mode, tiered, compressed oops, compressed class ptrs, g1 gc, windows-amd64)
GC Precious Log:
 CPUs: 4 total, 4 available
 Memory: 4015M
 Large Page Support: Disabled
 NUMA Support: Disabled
 Compressed Oops: Enabled (32-bit)
 Heap Region Size: 1M
 Heap Min Capacity: 8M
 Heap Initial Capacity: 64M
 Heap Max Capacity: 2G
 Pre-touch: Disabled
 Parallel Workers: 4
 Concurrent Workers: 1
 Concurrent Refinement Workers: 4
 Periodic GC: Disabled
Heap:
 garbage-first heap   total 167936K, used 124089K [0x0000000080000000, 0x0000000100000000)
  region size 1024K, 43 young (44032K), 5 survivors (5120K)
 Metaspace       used 89844K, committed 90560K, reserved 1179648K
  class space    used 12261K, committed 12608K, reserved 1048576K
GC Heap History (20 events):
Event: 38.060 GC heap before
{Heap before GC invocations=37 (full 0):
 garbage-first heap   total 128000K, used 93760K [0x0000000080000000, 0x0000000100000000)
  region size 1024K, 25 young (25600K), 5 survivors (5120K)
 Metaspace       used 63918K, committed 64576K, reserved 1114112K
  class space    used 8687K, committed 8960K, reserved 1048576K
}
Event: 38.069 GC heap after
{Heap after GC invocations=38 (full 0):
 garbage-first heap   total 128000K, used 73979K [0x0000000080000000, 0x0000000100000000)
  region size 1024K, 1 young (1024K), 1 survivors (1024K)
 Metaspace       used 63918K, committed 64576K, reserved 1114112K
  class space    used 8687K, committed 8960K, reserved 1048576K
}
Event: 38.479 GC heap before
{Heap before GC invocations=38 (full 0):
 garbage-first heap   total 128000K, used 78075K [0x0000000080000000, 0x0000000100000000)
  region size 1024K, 6 young (6144K), 1 survivors (1024K)
 Metaspace       used 64297K, committed 64896K, reserved 1114112K
  class space    used 8739K, committed 9024K, reserved 1048576K
}
Event: 38.484 GC heap after
{Heap after GC invocations=39 (full 0):
 garbage-first heap   total 128000K, used 73779K [0x0000000080000000, 0x0000000100000000)
  region size 1024K, 1 young (1024K), 1 survivors (1024K)
 Metaspace       used 64297K, committed 64896K, reserved 1114112K
  class space    used 8739K, committed 9024K, reserved 1048576K
}
Event: 40.248 GC heap before
{Heap before GC invocations=39 (full 0):
 garbage-first heap   total 128000K, used 103475K [0x0000000080000000, 0x0000000100000000)
  region size 1024K, 30 young (30720K), 1 survivors (1024K)
 Metaspace       used 67493K, committed 68160K, reserved 1114112K
  class space    used 9079K, committed 9408K, reserved 1048576K
}
Event: 40.253 GC heap after
{Heap after GC invocations=40 (full 0):
 garbage-first heap   total 128000K, used 74388K [0x0000000080000000, 0x0000000100000000)
  region size 1024K, 1 young (1024K), 1 survivors (1024K)
 Metaspace       used 67493K, committed 68160K, reserved 1114112K
  class space    used 9079K, committed 9408K, reserved 1048576K
}
Event: 43.163 GC heap before
{Heap before GC invocations=40 (full 0):
 garbage-first heap   total 128000K, used 105108K [0x0000000080000000, 0x0000000100000000)
  region size 1024K, 31 young (31744K), 1 survivors (1024K)
 Metaspace       used 70646K, committed 71360K, reserved 1114112K
  class space    used 9482K, committed 9792K, reserved 1048576K
}
Event: 43.172 GC heap after
{Heap after GC invocations=41 (full 0):
 garbage-first heap   total 128000K, used 75555K [0x0000000080000000, 0x0000000100000000)
  region size 1024K, 2 young (2048K), 2 survivors (2048K)
 Metaspace       used 70646K, committed 71360K, reserved 1114112K
  class space    used 9482K, committed 9792K, reserved 1048576K
}
Event: 44.799 GC heap before
{Heap before GC invocations=41 (full 0):
 garbage-first heap   total 128000K, used 112419K [0x0000000080000000, 0x0000000100000000)
  region size 1024K, 32 young (32768K), 2 survivors (2048K)
 Metaspace       used 72900K, committed 73600K, reserved 1114112K
  class space    used 9786K, committed 10112K, reserved 1048576K
}
Event: 44.821 GC heap after
{Heap after GC invocations=42 (full 0):
 garbage-first heap   total 128000K, used 79599K [0x0000000080000000, 0x0000000100000000)
  region size 1024K, 4 young (4096K), 4 survivors (4096K)
 Metaspace       used 72900K, committed 73600K, reserved 1114112K
  class space    used 9786K, committed 10112K, reserved 1048576K
}
Event: 46.990 GC heap before
{Heap before GC invocations=42 (full 0):
 garbage-first heap   total 128000K, used 104175K [0x0000000080000000, 0x0000000100000000)
  region size 1024K, 29 young (29696K), 4 survivors (4096K)
 Metaspace       used 74800K, committed 75520K, reserved 1114112K
  class space    used 10030K, committed 10368K, reserved 1048576K
}
Event: 47.000 GC heap after
{Heap after GC invocations=43 (full 0):
 garbage-first heap   total 128000K, used 81261K [0x0000000080000000, 0x0000000100000000)
  region size 1024K, 4 young (4096K), 4 survivors (4096K)
 Metaspace       used 74800K, committed 75520K, reserved 1114112K
  class space    used 10030K, committed 10368K, reserved 1048576K
}
Event: 48.703 GC heap before
{Heap before GC invocations=43 (full 0):
 garbage-first heap   total 128000K, used 105837K [0x0000000080000000, 0x0000000100000000)
  region size 1024K, 29 young (29696K), 4 survivors (4096K)
 Metaspace       used 76523K, committed 77184K, reserved 1179648K
  class space    used 10251K, committed 10560K, reserved 1048576K
}
Event: 48.721 GC heap after
{Heap after GC invocations=44 (full 0):
 garbage-first heap   total 128000K, used 82209K [0x0000000080000000, 0x0000000100000000)
  region size 1024K, 3 young (3072K), 3 survivors (3072K)
 Metaspace       used 76523K, committed 77184K, reserved 1179648K
  class space    used 10251K, committed 10560K, reserved 1048576K
}
Event: 51.441 GC heap before
{Heap before GC invocations=44 (full 0):
 garbage-first heap   total 128000K, used 106785K [0x0000000080000000, 0x0000000100000000)
  region size 1024K, 27 young (27648K), 3 survivors (3072K)
 Metaspace       used 79500K, committed 80192K, reserved 1179648K
  class space    used 10685K, committed 11008K, reserved 1048576K
}
Event: 51.453 GC heap after
{Heap after GC invocations=45 (full 0):
 garbage-first heap   total 167936K, used 83012K [0x0000000080000000, 0x0000000100000000)
  region size 1024K, 2 young (2048K), 2 survivors (2048K)
 Metaspace       used 79500K, committed 80192K, reserved 1179648K
  class space    used 10685K, committed 11008K, reserved 1048576K
}
Event: 56.207 GC heap before
{Heap before GC invocations=45 (full 0):
 garbage-first heap   total 167936K, used 140356K [0x0000000080000000, 0x0000000100000000)
  region size 1024K, 58 young (59392K), 2 survivors (2048K)
 Metaspace       used 83233K, committed 83840K, reserved 1179648K
  class space    used 11171K, committed 11456K, reserved 1048576K
}
Event: 56.223 GC heap after
{Heap after GC invocations=46 (full 0):
 garbage-first heap   total 167936K, used 85041K [0x0000000080000000, 0x0000000100000000)
  region size 1024K, 4 young (4096K), 4 survivors (4096K)
 Metaspace       used 83233K, committed 83840K, reserved 1179648K
  class space    used 11171K, committed 11456K, reserved 1048576K
}
Event: 60.852 GC heap before
{Heap before GC invocations=46 (full 0):
 garbage-first heap   total 167936K, used 139313K [0x0000000080000000, 0x0000000100000000)
  region size 1024K, 56 young (57344K), 4 survivors (4096K)
 Metaspace       used 86950K, committed 87616K, reserved 1179648K
  class space    used 11863K, committed 12160K, reserved 1048576K
}
Event: 60.872 GC heap after
{Heap after GC invocations=47 (full 0):
 garbage-first heap   total 167936K, used 87225K [0x0000000080000000, 0x0000000100000000)
  region size 1024K, 5 young (5120K), 5 survivors (5120K)
 Metaspace       used 86950K, committed 87616K, reserved 1179648K
  class space    used 11863K, committed 12160K, reserved 1048576K
}

