# JRE version: OpenJDK Runtime Environment (17.0.9) (build 17.0.9+0--11185874)
# Java VM: OpenJDK 64-Bit Server VM (17.0.9+0--11185874, mixed mode, tiered, compressed oops, compressed class ptrs, g1 gc, windows-amd64)
GC Precious Log:
 CPUs: 4 total, 4 available
 Memory: 4015M
 Large Page Support: Disabled
 NUMA Support: Disabled
 Compressed Oops: Enabled (32-bit)
 Heap Region Size: 1M
 Heap Min Capacity: 8M
 Heap Initial Capacity: 64M
 Heap Max Capacity: 2G
 Pre-touch: Disabled
 Parallel Workers: 4
 Concurrent Workers: 1
 Concurrent Refinement Workers: 4
 Periodic GC: Disabled
Heap:
 garbage-first heap   total 107520K, used 57317K [0x0000000080000000, 0x0000000100000000)
  region size 1024K, 6 young (6144K), 5 survivors (5120K)
 Metaspace       used 50981K, committed 51456K, reserved 1114112K
  class space    used 6683K, committed 6912K, reserved 1048576K
GC Heap History (20 events):
Event: 21.946 GC heap before
{Heap before GC invocations=11 (full 0):
 garbage-first heap   total 65536K, used 51499K [0x0000000080000000, 0x0000000100000000)
  region size 1024K, 19 young (19456K), 4 survivors (4096K)
 Metaspace       used 33030K, committed 33472K, reserved 1114112K
  class space    used 4482K, committed 4672K, reserved 1048576K
}
Event: 21.962 GC heap after
{Heap after GC invocations=12 (full 0):
 garbage-first heap   total 65536K, used 39242K [0x0000000080000000, 0x0000000100000000)
  region size 1024K, 2 young (2048K), 2 survivors (2048K)
 Metaspace       used 33030K, committed 33472K, reserved 1114112K
  class space    used 4482K, committed 4672K, reserved 1048576K
}
Event: 23.038 GC heap before
{Heap before GC invocations=12 (full 0):
 garbage-first heap   total 65536K, used 51530K [0x0000000080000000, 0x0000000100000000)
  region size 1024K, 14 young (14336K), 2 survivors (2048K)
 Metaspace       used 34615K, committed 35008K, reserved 1114112K
  class space    used 4746K, committed 4928K, reserved 1048576K
}
Event: 23.046 GC heap after
{Heap after GC invocations=13 (full 0):
 garbage-first heap   total 65536K, used 40192K [0x0000000080000000, 0x0000000100000000)
  region size 1024K, 1 young (1024K), 1 survivors (1024K)
 Metaspace       used 34615K, committed 35008K, reserved 1114112K
  class space    used 4746K, committed 4928K, reserved 1048576K
}
Event: 24.640 GC heap before
{Heap before GC invocations=14 (full 0):
 garbage-first heap   total 70656K, used 51456K [0x0000000080000000, 0x0000000100000000)
  region size 1024K, 13 young (13312K), 1 survivors (1024K)
 Metaspace       used 36063K, committed 36352K, reserved 1114112K
  class space    used 4985K, committed 5120K, reserved 1048576K
}
Event: 24.646 GC heap after
{Heap after GC invocations=15 (full 0):
 garbage-first heap   total 70656K, used 40609K [0x0000000080000000, 0x0000000100000000)
  region size 1024K, 2 young (2048K), 2 survivors (2048K)
 Metaspace       used 36063K, committed 36352K, reserved 1114112K
  class space    used 4985K, committed 5120K, reserved 1048576K
}
Event: 26.209 GC heap before
{Heap before GC invocations=15 (full 0):
 garbage-first heap   total 70656K, used 55969K [0x0000000080000000, 0x0000000100000000)
  region size 1024K, 17 young (17408K), 2 survivors (2048K)
 Metaspace       used 38694K, committed 39104K, reserved 1114112K
  class space    used 5368K, committed 5568K, reserved 1048576K
}
Event: 26.218 GC heap after
{Heap after GC invocations=16 (full 0):
 garbage-first heap   total 70656K, used 41756K [0x0000000080000000, 0x0000000100000000)
  region size 1024K, 3 young (3072K), 3 survivors (3072K)
 Metaspace       used 38694K, committed 39104K, reserved 1114112K
  class space    used 5368K, committed 5568K, reserved 1048576K
}
Event: 27.225 GC heap before
{Heap before GC invocations=17 (full 0):
 garbage-first heap   total 73728K, used 55068K [0x0000000080000000, 0x0000000100000000)
  region size 1024K, 17 young (17408K), 3 survivors (3072K)
 Metaspace       used 42508K, committed 42880K, reserved 1114112K
  class space    used 5758K, committed 5952K, reserved 1048576K
}
Event: 27.234 GC heap after
{Heap after GC invocations=18 (full 0):
 garbage-first heap   total 73728K, used 43617K [0x0000000080000000, 0x0000000100000000)
  region size 1024K, 3 young (3072K), 3 survivors (3072K)
 Metaspace       used 42508K, committed 42880K, reserved 1114112K
  class space    used 5758K, committed 5952K, reserved 1048576K
}
Event: 27.957 GC heap before
{Heap before GC invocations=18 (full 0):
 garbage-first heap   total 73728K, used 57953K [0x0000000080000000, 0x0000000100000000)
  region size 1024K, 18 young (18432K), 3 survivors (3072K)
 Metaspace       used 43556K, committed 44032K, reserved 1114112K
  class space    used 5834K, committed 6080K, reserved 1048576K
}
Event: 27.968 GC heap after
{Heap after GC invocations=19 (full 0):
 garbage-first heap   total 73728K, used 45829K [0x0000000080000000, 0x0000000100000000)
  region size 1024K, 3 young (3072K), 3 survivors (3072K)
 Metaspace       used 43556K, committed 44032K, reserved 1114112K
  class space    used 5834K, committed 6080K, reserved 1048576K
}
Event: 28.784 GC heap before
{Heap before GC invocations=20 (full 0):
 garbage-first heap   total 83968K, used 58117K [0x0000000080000000, 0x0000000100000000)
  region size 1024K, 16 young (16384K), 3 survivors (3072K)
 Metaspace       used 44012K, committed 44416K, reserved 1114112K
  class space    used 5882K, committed 6080K, reserved 1048576K
}
Event: 28.792 GC heap after
{Heap after GC invocations=21 (full 0):
 garbage-first heap   total 83968K, used 46268K [0x0000000080000000, 0x0000000100000000)
  region size 1024K, 2 young (2048K), 2 survivors (2048K)
 Metaspace       used 44012K, committed 44416K, reserved 1114112K
  class space    used 5882K, committed 6080K, reserved 1048576K
}
Event: 31.043 GC heap before
{Heap before GC invocations=22 (full 0):
 garbage-first heap   total 89088K, used 70844K [0x0000000080000000, 0x0000000100000000)
  region size 1024K, 22 young (22528K), 2 survivors (2048K)
 Metaspace       used 47258K, committed 47680K, reserved 1114112K
  class space    used 6257K, committed 6464K, reserved 1048576K
}
Event: 31.056 GC heap after
{Heap after GC invocations=23 (full 0):
 garbage-first heap   total 89088K, used 47782K [0x0000000080000000, 0x0000000100000000)
  region size 1024K, 2 young (2048K), 2 survivors (2048K)
 Metaspace       used 47258K, committed 47680K, reserved 1114112K
  class space    used 6257K, committed 6464K, reserved 1048576K
}
Event: 33.171 GC heap before
{Heap before GC invocations=23 (full 0):
 garbage-first heap   total 89088K, used 70310K [0x0000000080000000, 0x0000000100000000)
  region size 1024K, 25 young (25600K), 2 survivors (2048K)
 Metaspace       used 49188K, committed 49664K, reserved 1114112K
  class space    used 6557K, committed 6784K, reserved 1048576K
}
Event: 33.186 GC heap after
{Heap after GC invocations=24 (full 0):
 garbage-first heap   total 107520K, used 49829K [0x0000000080000000, 0x0000000100000000)
  region size 1024K, 4 young (4096K), 4 survivors (4096K)
 Metaspace       used 49188K, committed 49664K, reserved 1114112K
  class space    used 6557K, committed 6784K, reserved 1048576K
}
Event: 33.498 GC heap before
{Heap before GC invocations=25 (full 0):
 garbage-first heap   total 107520K, used 50853K [0x0000000080000000, 0x0000000100000000)
  region size 1024K, 6 young (6144K), 4 survivors (4096K)
 Metaspace       used 49279K, committed 49728K, reserved 1114112K
  class space    used 6566K, committed 6784K, reserved 1048576K
}
Event: 33.509 GC heap after
{Heap after GC invocations=26 (full 0):
 garbage-first heap   total 107520K, used 50267K [0x0000000080000000, 0x0000000100000000)
  region size 1024K, 3 young (3072K), 3 survivors (3072K)
 Metaspace       used 49279K, committed 49728K, reserved 1114112K
  class space    used 6566K, committed 6784K, reserved 1048576K
}

