# JRE version: OpenJDK Runtime Environment (17.0.9) (build 17.0.9+0--11185874)
# Java VM: OpenJDK 64-Bit Server VM (17.0.9+0--11185874, mixed mode, tiered, compressed oops, compressed class ptrs, g1 gc, windows-amd64)
GC Precious Log:
 CPUs: 4 total, 4 available
 Memory: 4015M
 Large Page Support: Disabled
 NUMA Support: Disabled
 Compressed Oops: Enabled (32-bit)
 Heap Region Size: 1M
 Heap Min Capacity: 8M
 Heap Initial Capacity: 64M
 Heap Max Capacity: 2G
 Pre-touch: Disabled
 Parallel Workers: 4
 Concurrent Workers: 1
 Concurrent Refinement Workers: 4
 Periodic GC: Disabled
Heap:
 garbage-first heap   total 92160K, used 70071K [0x0000000080000000, 0x0000000100000000)
  region size 1024K, 30 young (30720K), 4 survivors (4096K)
 Metaspace       used 63495K, committed 64064K, reserved 1114112K
  class space    used 8648K, committed 8896K, reserved 1048576K
GC Heap History (20 events):
Event: 28.974 GC heap before
{Heap before GC invocations=16 (full 0):
 garbage-first heap   total 65536K, used 32678K [0x0000000080000000, 0x0000000100000000)
  region size 1024K, 3 young (3072K), 2 survivors (2048K)
 Metaspace       used 46472K, committed 46848K, reserved 1114112K
  class space    used 6166K, committed 6336K, reserved 1048576K
}
Event: 28.981 GC heap after
{Heap after GC invocations=17 (full 0):
 garbage-first heap   total 65536K, used 31552K [0x0000000080000000, 0x0000000100000000)
  region size 1024K, 1 young (1024K), 1 survivors (1024K)
 Metaspace       used 46472K, committed 46848K, reserved 1114112K
  class space    used 6166K, committed 6336K, reserved 1048576K
}
Event: 30.284 GC heap before
{Heap before GC invocations=17 (full 0):
 garbage-first heap   total 65536K, used 49984K [0x0000000080000000, 0x0000000100000000)
  region size 1024K, 19 young (19456K), 1 survivors (1024K)
 Metaspace       used 47215K, committed 47616K, reserved 1114112K
  class space    used 6263K, committed 6464K, reserved 1048576K
}
Event: 30.291 GC heap after
{Heap after GC invocations=18 (full 0):
 garbage-first heap   total 65536K, used 32368K [0x0000000080000000, 0x0000000100000000)
  region size 1024K, 2 young (2048K), 2 survivors (2048K)
 Metaspace       used 47215K, committed 47616K, reserved 1114112K
  class space    used 6263K, committed 6464K, reserved 1048576K
}
Event: 30.924 GC heap before
{Heap before GC invocations=19 (full 0):
 garbage-first heap   total 65536K, used 50800K [0x0000000080000000, 0x0000000100000000)
  region size 1024K, 20 young (20480K), 2 survivors (2048K)
 Metaspace       used 47256K, committed 47616K, reserved 1114112K
  class space    used 6263K, committed 6464K, reserved 1048576K
}
Event: 30.932 GC heap after
{Heap after GC invocations=20 (full 0):
 garbage-first heap   total 65536K, used 33304K [0x0000000080000000, 0x0000000100000000)
  region size 1024K, 2 young (2048K), 2 survivors (2048K)
 Metaspace       used 47256K, committed 47616K, reserved 1114112K
  class space    used 6263K, committed 6464K, reserved 1048576K
}
Event: 33.068 GC heap before
{Heap before GC invocations=20 (full 0):
 garbage-first heap   total 65536K, used 51736K [0x0000000080000000, 0x0000000100000000)
  region size 1024K, 21 young (21504K), 2 survivors (2048K)
 Metaspace       used 50426K, committed 50816K, reserved 1114112K
  class space    used 6629K, committed 6784K, reserved 1048576K
}
Event: 33.080 GC heap after
{Heap after GC invocations=21 (full 0):
 garbage-first heap   total 65536K, used 35296K [0x0000000080000000, 0x0000000100000000)
  region size 1024K, 3 young (3072K), 3 survivors (3072K)
 Metaspace       used 50426K, committed 50816K, reserved 1114112K
  class space    used 6629K, committed 6784K, reserved 1048576K
}
Event: 34.583 GC heap before
{Heap before GC invocations=22 (full 0):
 garbage-first heap   total 65536K, used 51680K [0x0000000080000000, 0x0000000100000000)
  region size 1024K, 20 young (20480K), 3 survivors (3072K)
 Metaspace       used 52291K, committed 52672K, reserved 1114112K
  class space    used 6921K, committed 7104K, reserved 1048576K
}
Event: 34.595 GC heap after
{Heap after GC invocations=23 (full 0):
 garbage-first heap   total 65536K, used 36084K [0x0000000080000000, 0x0000000100000000)
  region size 1024K, 1 young (1024K), 1 survivors (1024K)
 Metaspace       used 52291K, committed 52672K, reserved 1114112K
  class space    used 6921K, committed 7104K, reserved 1048576K
}
Event: 35.057 GC heap before
{Heap before GC invocations=23 (full 0):
 garbage-first heap   total 65536K, used 42228K [0x0000000080000000, 0x0000000100000000)
  region size 1024K, 8 young (8192K), 1 survivors (1024K)
 Metaspace       used 52938K, committed 53312K, reserved 1114112K
  class space    used 7036K, committed 7232K, reserved 1048576K
}
Event: 35.062 GC heap after
{Heap after GC invocations=24 (full 0):
 garbage-first heap   total 65536K, used 36707K [0x0000000080000000, 0x0000000100000000)
  region size 1024K, 2 young (2048K), 2 survivors (2048K)
 Metaspace       used 52938K, committed 53312K, reserved 1114112K
  class space    used 7036K, committed 7232K, reserved 1048576K
}
Event: 36.694 GC heap before
{Heap before GC invocations=25 (full 0):
 garbage-first heap   total 70656K, used 55139K [0x0000000080000000, 0x0000000100000000)
  region size 1024K, 18 young (18432K), 2 survivors (2048K)
 Metaspace       used 54111K, committed 54592K, reserved 1114112K
  class space    used 7208K, committed 7424K, reserved 1048576K
}
Event: 36.702 GC heap after
{Heap after GC invocations=26 (full 0):
 garbage-first heap   total 70656K, used 40991K [0x0000000080000000, 0x0000000100000000)
  region size 1024K, 3 young (3072K), 3 survivors (3072K)
 Metaspace       used 54111K, committed 54592K, reserved 1114112K
  class space    used 7208K, committed 7424K, reserved 1048576K
}
Event: 37.197 GC heap before
{Heap before GC invocations=26 (full 0):
 garbage-first heap   total 70656K, used 48159K [0x0000000080000000, 0x0000000100000000)
  region size 1024K, 11 young (11264K), 3 survivors (3072K)
 Metaspace       used 54333K, committed 54784K, reserved 1114112K
  class space    used 7222K, committed 7424K, reserved 1048576K
}
Event: 37.204 GC heap after
{Heap after GC invocations=27 (full 0):
 garbage-first heap   total 70656K, used 42069K [0x0000000080000000, 0x0000000100000000)
  region size 1024K, 3 young (3072K), 3 survivors (3072K)
 Metaspace       used 54333K, committed 54784K, reserved 1114112K
  class space    used 7222K, committed 7424K, reserved 1048576K
}
Event: 39.059 GC heap before
{Heap before GC invocations=28 (full 0):
 garbage-first heap   total 76800K, used 58453K [0x0000000080000000, 0x0000000100000000)
  region size 1024K, 18 young (18432K), 3 survivors (3072K)
 Metaspace       used 56712K, committed 57152K, reserved 1114112K
  class space    used 7542K, committed 7744K, reserved 1048576K
}
Event: 39.066 GC heap after
{Heap after GC invocations=29 (full 0):
 garbage-first heap   total 92160K, used 42511K [0x0000000080000000, 0x0000000100000000)
  region size 1024K, 2 young (2048K), 2 survivors (2048K)
 Metaspace       used 56712K, committed 57152K, reserved 1114112K
  class space    used 7542K, committed 7744K, reserved 1048576K
}
Event: 41.771 GC heap before
{Heap before GC invocations=29 (full 0):
 garbage-first heap   total 92160K, used 73231K [0x0000000080000000, 0x0000000100000000)
  region size 1024K, 32 young (32768K), 2 survivors (2048K)
 Metaspace       used 60536K, committed 61056K, reserved 1114112K
  class space    used 8154K, committed 8384K, reserved 1048576K
}
Event: 41.781 GC heap after
{Heap after GC invocations=30 (full 0):
 garbage-first heap   total 92160K, used 44471K [0x0000000080000000, 0x0000000100000000)
  region size 1024K, 4 young (4096K), 4 survivors (4096K)
 Metaspace       used 60536K, committed 61056K, reserved 1114112K
  class space    used 8154K, committed 8384K, reserved 1048576K
}

