# JRE version: OpenJDK Runtime Environment (17.0.9) (build 17.0.9+0--11185874)
# Java VM: OpenJDK 64-Bit Server VM (17.0.9+0--11185874, mixed mode, tiered, compressed oops, compressed class ptrs, g1 gc, windows-amd64)
GC Precious Log:
 CPUs: 4 total, 4 available
 Memory: 4015M
 Large Page Support: Disabled
 NUMA Support: Disabled
 Compressed Oops: Enabled (32-bit)
 Heap Region Size: 1M
 Heap Min Capacity: 8M
 Heap Initial Capacity: 64M
 Heap Max Capacity: 2G
 Pre-touch: Disabled
 Parallel Workers: 4
 Concurrent Workers: 1
 Concurrent Refinement Workers: 4
 Periodic GC: Disabled
Heap:
 garbage-first heap   total 265216K, used 159596K [0x0000000080000000, 0x0000000100000000)
  region size 1024K, 7 young (7168K), 7 survivors (7168K)
 Metaspace       used 122433K, committed 123328K, reserved 1179648K
  class space    used 16354K, committed 16768K, reserved 1048576K
GC Heap History (20 events):
Event: 72.881 GC heap after
{Heap after GC invocations=60 (full 0):
 garbage-first heap   total 175104K, used 87040K [0x0000000080000000, 0x0000000100000000)
  region size 1024K, 1 young (1024K), 1 survivors (1024K)
 Metaspace       used 103210K, committed 104000K, reserved 1179648K
  class space    used 13987K, committed 14336K, reserved 1048576K
}
Event: 86.695 GC heap before
{Heap before GC invocations=60 (full 0):
 garbage-first heap   total 175104K, used 145408K [0x0000000080000000, 0x0000000100000000)
  region size 1024K, 56 young (57344K), 1 survivors (1024K)
 Metaspace       used 110120K, committed 110912K, reserved 1179648K
  class space    used 14873K, committed 15232K, reserved 1048576K
}
Event: 86.715 GC heap after
{Heap after GC invocations=61 (full 0):
 garbage-first heap   total 175104K, used 97075K [0x0000000080000000, 0x0000000100000000)
  region size 1024K, 7 young (7168K), 7 survivors (7168K)
 Metaspace       used 110120K, committed 110912K, reserved 1179648K
  class space    used 14873K, committed 15232K, reserved 1048576K
}
Event: 138.926 GC heap before
{Heap before GC invocations=61 (full 0):
 garbage-first heap   total 175104K, used 137011K [0x0000000080000000, 0x0000000100000000)
  region size 1024K, 46 young (47104K), 7 survivors (7168K)
 Metaspace       used 116111K, committed 116992K, reserved 1179648K
  class space    used 15474K, committed 15872K, reserved 1048576K
}
Event: 139.161 GC heap after
{Heap after GC invocations=62 (full 0):
 garbage-first heap   total 175104K, used 100932K [0x0000000080000000, 0x0000000100000000)
  region size 1024K, 2 young (2048K), 2 survivors (2048K)
 Metaspace       used 116111K, committed 116992K, reserved 1179648K
  class space    used 15474K, committed 15872K, reserved 1048576K
}
Event: 142.117 GC heap before
{Heap before GC invocations=63 (full 0):
 garbage-first heap   total 191488K, used 152132K [0x0000000080000000, 0x0000000100000000)
  region size 1024K, 44 young (45056K), 2 survivors (2048K)
 Metaspace       used 118141K, committed 119040K, reserved 1179648K
  class space    used 15795K, committed 16192K, reserved 1048576K
}
Event: 142.248 GC heap after
{Heap after GC invocations=64 (full 0):
 garbage-first heap   total 191488K, used 117245K [0x0000000080000000, 0x0000000100000000)
  region size 1024K, 6 young (6144K), 6 survivors (6144K)
 Metaspace       used 118141K, committed 119040K, reserved 1179648K
  class space    used 15795K, committed 16192K, reserved 1048576K
}
Event: 142.608 GC heap before
{Heap before GC invocations=64 (full 0):
 garbage-first heap   total 191488K, used 120317K [0x0000000080000000, 0x0000000100000000)
  region size 1024K, 9 young (9216K), 6 survivors (6144K)
 Metaspace       used 118238K, committed 119232K, reserved 1179648K
  class space    used 15808K, committed 16256K, reserved 1048576K
}
Event: 142.623 GC heap after
{Heap after GC invocations=65 (full 0):
 garbage-first heap   total 191488K, used 117371K [0x0000000080000000, 0x0000000100000000)
  region size 1024K, 1 young (1024K), 1 survivors (1024K)
 Metaspace       used 118238K, committed 119232K, reserved 1179648K
  class space    used 15808K, committed 16256K, reserved 1048576K
}
Event: 145.718 GC heap before
{Heap before GC invocations=65 (full 0):
 garbage-first heap   total 191488K, used 167547K [0x0000000080000000, 0x0000000100000000)
  region size 1024K, 40 young (40960K), 1 survivors (1024K)
 Metaspace       used 120180K, committed 121152K, reserved 1179648K
  class space    used 16054K, committed 16512K, reserved 1048576K
}
Event: 145.741 GC heap after
{Heap after GC invocations=66 (full 0):
 garbage-first heap   total 191488K, used 135835K [0x0000000080000000, 0x0000000100000000)
  region size 1024K, 5 young (5120K), 5 survivors (5120K)
 Metaspace       used 120180K, committed 121152K, reserved 1179648K
  class space    used 16054K, committed 16512K, reserved 1048576K
}
Event: 146.511 GC heap before
{Heap before GC invocations=66 (full 0):
 garbage-first heap   total 191488K, used 159387K [0x0000000080000000, 0x0000000100000000)
  region size 1024K, 29 young (29696K), 5 survivors (5120K)
 Metaspace       used 121315K, committed 122304K, reserved 1179648K
  class space    used 16192K, committed 16640K, reserved 1048576K
}
Event: 146.535 GC heap after
{Heap after GC invocations=67 (full 0):
 garbage-first heap   total 191488K, used 138192K [0x0000000080000000, 0x0000000100000000)
  region size 1024K, 3 young (3072K), 3 survivors (3072K)
 Metaspace       used 121315K, committed 122304K, reserved 1179648K
  class space    used 16192K, committed 16640K, reserved 1048576K
}
Event: 147.325 GC heap before
{Heap before GC invocations=67 (full 0):
 garbage-first heap   total 191488K, used 155600K [0x0000000080000000, 0x0000000100000000)
  region size 1024K, 22 young (22528K), 3 survivors (3072K)
 Metaspace       used 122375K, committed 123264K, reserved 1179648K
  class space    used 16350K, committed 16768K, reserved 1048576K
}
Event: 147.339 GC heap after
{Heap after GC invocations=68 (full 0):
 garbage-first heap   total 191488K, used 139425K [0x0000000080000000, 0x0000000100000000)
  region size 1024K, 2 young (2048K), 2 survivors (2048K)
 Metaspace       used 122375K, committed 123264K, reserved 1179648K
  class space    used 16350K, committed 16768K, reserved 1048576K
}
Event: 147.974 GC heap before
{Heap before GC invocations=69 (full 0):
 garbage-first heap   total 265216K, used 167073K [0x0000000080000000, 0x0000000100000000)
  region size 1024K, 25 young (25600K), 2 survivors (2048K)
 Metaspace       used 122406K, committed 123328K, reserved 1179648K
  class space    used 16354K, committed 16768K, reserved 1048576K
}
Event: 147.997 GC heap after
{Heap after GC invocations=70 (full 0):
 garbage-first heap   total 265216K, used 152285K [0x0000000080000000, 0x0000000100000000)
  region size 1024K, 4 young (4096K), 4 survivors (4096K)
 Metaspace       used 122406K, committed 123328K, reserved 1179648K
  class space    used 16354K, committed 16768K, reserved 1048576K
}
Event: 148.147 GC heap before
{Heap before GC invocations=70 (full 0):
 garbage-first heap   total 265216K, used 160477K [0x0000000080000000, 0x0000000100000000)
  region size 1024K, 12 young (12288K), 4 survivors (4096K)
 Metaspace       used 122406K, committed 123328K, reserved 1179648K
  class space    used 16354K, committed 16768K, reserved 1048576K
}
Event: 148.167 GC heap after
{Heap after GC invocations=71 (full 0):
 garbage-first heap   total 265216K, used 150985K [0x0000000080000000, 0x0000000100000000)
  region size 1024K, 2 young (2048K), 2 survivors (2048K)
 Metaspace       used 122406K, committed 123328K, reserved 1179648K
  class space    used 16354K, committed 16768K, reserved 1048576K
}
Event: 152.808 GC heap before
{Heap before GC invocations=71 (full 0):
 garbage-first heap   total 265216K, used 204233K [0x0000000080000000, 0x0000000100000000)
  region size 1024K, 55 young (56320K), 2 survivors (2048K)
 Metaspace       used 122433K, committed 123328K, reserved 1179648K
  class space    used 16354K, committed 16768K, reserved 1048576K
}

