# JRE version: OpenJDK Runtime Environment (17.0.7) (build 17.0.7+0-b2043.56-10550314)
# Java VM: OpenJDK 64-Bit Server VM (17.0.7+0-b2043.56-10550314, mixed mode, tiered, compressed oops, compressed class ptrs, g1 gc, windows-amd64)
GC Precious Log:
 CPUs: 4 total, 4 available
 Memory: 4015M
 Large Page Support: Disabled
 NUMA Support: Disabled
 Compressed Oops: Enabled (32-bit)
 Heap Region Size: 1M
 Heap Min Capacity: 8M
 Heap Initial Capacity: 64M
 Heap Max Capacity: 2G
 Pre-touch: Disabled
 Parallel Workers: 4
 Concurrent Workers: 1
 Concurrent Refinement Workers: 4
 Periodic GC: Disabled
Heap:
 garbage-first heap   total 471040K, used 289401K [0x0000000080000000, 0x0000000100000000)
  region size 1024K, 14 young (14336K), 8 survivors (8192K)
 Metaspace       used 140813K, committed 141888K, reserved 1179648K
  class space    used 18812K, committed 19328K, reserved 1048576K
GC Heap History (20 events):
Event: 204.394 GC heap before
{Heap before GC invocations=84 (full 0):
 garbage-first heap   total 334848K, used 283613K [0x0000000080000000, 0x0000000100000000)
  region size 1024K, 55 young (56320K), 8 survivors (8192K)
 Metaspace       used 135476K, committed 136512K, reserved 1179648K
  class space    used 18197K, committed 18688K, reserved 1048576K
}
Event: 204.437 GC heap after
{Heap after GC invocations=85 (full 0):
 garbage-first heap   total 402432K, used 241320K [0x0000000080000000, 0x0000000100000000)
  region size 1024K, 6 young (6144K), 6 survivors (6144K)
 Metaspace       used 135476K, committed 136512K, reserved 1179648K
  class space    used 18197K, committed 18688K, reserved 1048576K
}
Event: 207.678 GC heap before
{Heap before GC invocations=85 (full 0):
 garbage-first heap   total 402432K, used 331432K [0x0000000080000000, 0x0000000100000000)
  region size 1024K, 95 young (97280K), 6 survivors (6144K)
 Metaspace       used 138474K, committed 139584K, reserved 1179648K
  class space    used 18538K, committed 19072K, reserved 1048576K
}
Event: 207.728 GC heap after
{Heap after GC invocations=86 (full 0):
 garbage-first heap   total 402432K, used 246920K [0x0000000080000000, 0x0000000100000000)
  region size 1024K, 11 young (11264K), 11 survivors (11264K)
 Metaspace       used 138474K, committed 139584K, reserved 1179648K
  class space    used 18538K, committed 19072K, reserved 1048576K
}
Event: 210.414 GC heap before
{Heap before GC invocations=86 (full 0):
 garbage-first heap   total 402432K, used 336008K [0x0000000080000000, 0x0000000100000000)
  region size 1024K, 98 young (100352K), 11 survivors (11264K)
 Metaspace       used 140032K, committed 141056K, reserved 1179648K
  class space    used 18760K, committed 19264K, reserved 1048576K
}
Event: 210.454 GC heap after
{Heap after GC invocations=87 (full 0):
 garbage-first heap   total 402432K, used 251387K [0x0000000080000000, 0x0000000100000000)
  region size 1024K, 10 young (10240K), 10 survivors (10240K)
 Metaspace       used 140032K, committed 141056K, reserved 1179648K
  class space    used 18760K, committed 19264K, reserved 1048576K
}
Event: 211.726 GC heap before
{Heap before GC invocations=87 (full 0):
 garbage-first heap   total 402432K, used 338427K [0x0000000080000000, 0x0000000100000000)
  region size 1024K, 96 young (98304K), 10 survivors (10240K)
 Metaspace       used 140307K, committed 141376K, reserved 1179648K
  class space    used 18769K, committed 19328K, reserved 1048576K
}
Event: 211.783 GC heap after
{Heap after GC invocations=88 (full 0):
 garbage-first heap   total 402432K, used 260077K [0x0000000080000000, 0x0000000100000000)
  region size 1024K, 12 young (12288K), 12 survivors (12288K)
 Metaspace       used 140307K, committed 141376K, reserved 1179648K
  class space    used 18769K, committed 19328K, reserved 1048576K
}
Event: 212.693 GC heap before
{Heap before GC invocations=88 (full 0):
 garbage-first heap   total 402432K, used 339949K [0x0000000080000000, 0x0000000100000000)
  region size 1024K, 90 young (92160K), 12 survivors (12288K)
 Metaspace       used 140370K, committed 141504K, reserved 1179648K
  class space    used 18771K, committed 19328K, reserved 1048576K
}
Event: 212.746 GC heap after
{Heap after GC invocations=89 (full 0):
 garbage-first heap   total 402432K, used 268708K [0x0000000080000000, 0x0000000100000000)
  region size 1024K, 9 young (9216K), 9 survivors (9216K)
 Metaspace       used 140370K, committed 141504K, reserved 1179648K
  class space    used 18771K, committed 19328K, reserved 1048576K
}
Event: 213.397 GC heap before
{Heap before GC invocations=89 (full 0):
 garbage-first heap   total 402432K, used 341412K [0x0000000080000000, 0x0000000100000000)
  region size 1024K, 80 young (81920K), 9 survivors (9216K)
 Metaspace       used 140446K, committed 141568K, reserved 1179648K
  class space    used 18780K, committed 19328K, reserved 1048576K
}
Event: 213.431 GC heap after
{Heap after GC invocations=90 (full 0):
 garbage-first heap   total 402432K, used 273808K [0x0000000080000000, 0x0000000100000000)
  region size 1024K, 6 young (6144K), 6 survivors (6144K)
 Metaspace       used 140446K, committed 141568K, reserved 1179648K
  class space    used 18780K, committed 19328K, reserved 1048576K
}
Event: 214.363 GC heap before
{Heap before GC invocations=90 (full 0):
 garbage-first heap   total 402432K, used 343440K [0x0000000080000000, 0x0000000100000000)
  region size 1024K, 74 young (75776K), 6 survivors (6144K)
 Metaspace       used 140515K, committed 141632K, reserved 1179648K
  class space    used 18788K, committed 19328K, reserved 1048576K
}
Event: 214.393 GC heap after
{Heap after GC invocations=91 (full 0):
 garbage-first heap   total 402432K, used 277268K [0x0000000080000000, 0x0000000100000000)
  region size 1024K, 9 young (9216K), 9 survivors (9216K)
 Metaspace       used 140515K, committed 141632K, reserved 1179648K
  class space    used 18788K, committed 19328K, reserved 1048576K
}
Event: 215.029 GC heap before
{Heap before GC invocations=91 (full 0):
 garbage-first heap   total 402432K, used 345876K [0x0000000080000000, 0x0000000100000000)
  region size 1024K, 76 young (77824K), 9 survivors (9216K)
 Metaspace       used 140597K, committed 141696K, reserved 1179648K
  class space    used 18790K, committed 19328K, reserved 1048576K
}
Event: 215.061 GC heap after
{Heap after GC invocations=92 (full 0):
 garbage-first heap   total 471040K, used 279498K [0x0000000080000000, 0x0000000100000000)
  region size 1024K, 7 young (7168K), 7 survivors (7168K)
 Metaspace       used 140597K, committed 141696K, reserved 1179648K
  class space    used 18790K, committed 19328K, reserved 1048576K
}
Event: 216.803 GC heap before
{Heap before GC invocations=92 (full 0):
 garbage-first heap   total 471040K, used 398282K [0x0000000080000000, 0x0000000100000000)
  region size 1024K, 123 young (125952K), 7 survivors (7168K)
 Metaspace       used 140686K, committed 141760K, reserved 1179648K
  class space    used 18802K, committed 19328K, reserved 1048576K
}
Event: 216.825 GC heap after
{Heap after GC invocations=93 (full 0):
 garbage-first heap   total 471040K, used 279050K [0x0000000080000000, 0x0000000100000000)
  region size 1024K, 7 young (7168K), 7 survivors (7168K)
 Metaspace       used 140686K, committed 141760K, reserved 1179648K
  class space    used 18802K, committed 19328K, reserved 1048576K
}
Event: 218.103 GC heap before
{Heap before GC invocations=93 (full 0):
 garbage-first heap   total 471040K, used 407050K [0x0000000080000000, 0x0000000100000000)
  region size 1024K, 132 young (135168K), 7 survivors (7168K)
 Metaspace       used 140756K, committed 141824K, reserved 1179648K
  class space    used 18803K, committed 19328K, reserved 1048576K
}
Event: 218.125 GC heap after
{Heap after GC invocations=94 (full 0):
 garbage-first heap   total 471040K, used 282106K [0x0000000080000000, 0x0000000100000000)
  region size 1024K, 10 young (10240K), 10 survivors (10240K)
 Metaspace       used 140756K, committed 141824K, reserved 1179648K
  class space    used 18803K, committed 19328K, reserved 1048576K
}

